This file contains any messages produced by compilers while
running configure, to aid debugging if configure makes a mistake.

It was created by b3270 configure 4.3, which was
generated by GNU Autoconf 2.71.  Invocation command line was

  $ ./configure --disable-option-checking --prefix=/usr/local --cache-file=/dev/null --srcdir=.

## --------- ##
## Platform. ##
## --------- ##

hostname = mesa
uname -m = x86_64
uname -r = 6.9.3
uname -s = Linux
uname -v = #1 SMP PREEMPT_DYNAMIC 1

/usr/bin/uname -p = unknown
/bin/uname -X     = unknown

/bin/arch              = unknown
/usr/bin/arch -k       = unknown
/usr/convex/getsysinfo = unknown
/usr/bin/hostinfo      = unknown
/bin/machine           = unknown
/usr/bin/oslevel       = unknown
/bin/universe          = unknown

PATH: /home/pebbles/.guix-profile/bin/
PATH: /home/pebbles/.guix-profile/sbin/
PATH: /run/setuid-programs/
PATH: /home/pebbles/.config/guix/current/bin/
PATH: /home/pebbles/.guix-profile/bin/
PATH: /home/pebbles/.guix-profile/sbin/
PATH: /run/current-system/profile/bin/
PATH: /run/current-system/profile/sbin/
PATH: /usr/bin/


## ----------- ##
## Core tests. ##
## ----------- ##

configure:2245: looking for aux files: config.guess config.sub install-sh
configure:2258:  trying ./
configure:2258:  trying ./../
configure:2287:   ./../config.guess found
configure:2287:   ./../config.sub found
configure:2269:   ./../install-sh found
configure:2416: checking for a BSD-compatible install
configure:2489: result: /home/pebbles/.guix-profile/bin/install -c
configure:2562: checking for gcc
configure:2583: found /home/pebbles/.guix-profile/bin/gcc
configure:2594: result: gcc
configure:2947: checking for C compiler version
configure:2956: gcc --version >&5
gcc (GCC) 13.3.0
Copyright (C) 2023 Free Software Foundation, Inc.
This is free software; see the source for copying conditions.  There is NO
warranty; not even for MERCHANTABILITY or FITNESS FOR A PARTICULAR PURPOSE.

configure:2967: $? = 0
configure:2956: gcc -v >&5
Using built-in specs.
COLLECT_GCC=gcc
COLLECT_LTO_WRAPPER=/gnu/store/s3gi3bhy5ijm927bjcrzl7c5dzayvwiy-gcc-13.3.0/libexec/gcc/x86_64-unknown-linux-gnu/13.3.0/lto-wrapper
Target: x86_64-unknown-linux-gnu
Configured with: 
Thread model: posix
Supported LTO compression algorithms: zlib
gcc version 13.3.0 (GCC) 
configure:2967: $? = 0
configure:2956: gcc -V >&5
gcc: error: unrecognized command-line option '-V'
gcc: fatal error: no input files
compilation terminated.
configure:2967: $? = 1
configure:2956: gcc -qversion >&5
gcc: error: unrecognized command-line option '-qversion'; did you mean '--version'?
gcc: fatal error: no input files
compilation terminated.
configure:2967: $? = 1
configure:2956: gcc -version >&5
gcc: error: unrecognized command-line option '-version'
gcc: fatal error: no input files
compilation terminated.
configure:2967: $? = 1
configure:2987: checking whether the C compiler works
configure:3009: gcc    conftest.c  >&5
configure:3013: $? = 0
configure:3063: result: yes
configure:3066: checking for C compiler default output file name
configure:3068: result: a.out
configure:3074: checking for suffix of executables
configure:3081: gcc -o conftest    conftest.c  >&5
configure:3085: $? = 0
configure:3108: result: 
configure:3130: checking whether we are cross compiling
configure:3138: gcc -o conftest    conftest.c  >&5
configure:3142: $? = 0
configure:3149: ./conftest
configure:3153: $? = 0
configure:3168: result: no
configure:3173: checking for suffix of object files
configure:3196: gcc -c   conftest.c >&5
configure:3200: $? = 0
configure:3222: result: o
configure:3226: checking whether the compiler supports GNU C
configure:3246: gcc -c   conftest.c >&5
configure:3246: $? = 0
configure:3256: result: yes
configure:3267: checking whether gcc accepts -g
configure:3288: gcc -c -g  conftest.c >&5
configure:3288: $? = 0
configure:3332: result: yes
configure:3352: checking for gcc option to enable C11 features
configure:3367: gcc  -c -g -O2  conftest.c >&5
configure:3367: $? = 0
configure:3385: result: none needed
configure:3503: checking build system type
configure:3518: result: x86_64-pc-linux-gnu
configure:3538: checking host system type
configure:3552: result: x86_64-pc-linux-gnu
configure:3592: checking for library containing forkpty
configure:3622: gcc -o conftest -g -O2  -D_POSIX_SOURCE  conftest.c  >&5
configure:3622: $? = 0
configure:3642: result: none required
configure:3651: checking for forkpty
configure:3651: gcc -o conftest -g -O2  -D_POSIX_SOURCE  conftest.c  >&5
configure:3651: $? = 0
configure:3651: result: yes
configure:3658: checking for library containing gethostbyname
configure:3688: gcc -o conftest -g -O2  -D_POSIX_SOURCE  conftest.c  >&5
configure:3688: $? = 0
configure:3708: result: none required
configure:3717: checking for library containing socket
configure:3747: gcc -o conftest -g -O2  -D_POSIX_SOURCE  conftest.c  >&5
configure:3747: $? = 0
configure:3767: result: none required
configure:3776: checking for library containing XML_ParserCreate
configure:3806: gcc -o conftest -g -O2  -D_POSIX_SOURCE  conftest.c  >&5
/home/pebbles/.guix-profile/bin/ld: /tmp/ccLuhpbP.o: in function `main':
/home/pebbles/Downloads/suite3270-4.3/b3270/conftest.c:18: undefined reference to `XML_ParserCreate'
collect2: error: ld returned 1 exit status
configure:3806: $? = 1
configure: failed program was:
| /* confdefs.h */
| #define PACKAGE_NAME "b3270"
| #define PACKAGE_TARNAME "b3270"
| #define PACKAGE_VERSION "4.3"
| #define PACKAGE_STRING "b3270 4.3"
| #define PACKAGE_BUGREPORT ""
| #define PACKAGE_URL ""
| #define HAVE_FORKPTY 1
| /* end confdefs.h.  */
| 
| /* Override any GCC internal prototype to avoid an error.
|    Use char because int might match the return type of a GCC
|    builtin and then its argument prototype would still apply.  */
| char XML_ParserCreate ();
| int
| main (void)
| {
| return XML_ParserCreate ();
|   ;
|   return 0;
| }
configure:3806: gcc -o conftest -g -O2  -D_POSIX_SOURCE  conftest.c -lexpat   >&5
configure:3806: $? = 0
configure:3826: result: -lexpat
configure:3842: checking for stdio.h
configure:3842: gcc -c -g -O2  -D_POSIX_SOURCE conftest.c >&5
configure:3842: $? = 0
configure:3842: result: yes
configure:3842: checking for stdlib.h
configure:3842: gcc -c -g -O2  -D_POSIX_SOURCE conftest.c >&5
configure:3842: $? = 0
configure:3842: result: yes
configure:3842: checking for string.h
configure:3842: gcc -c -g -O2  -D_POSIX_SOURCE conftest.c >&5
configure:3842: $? = 0
configure:3842: result: yes
configure:3842: checking for inttypes.h
configure:3842: gcc -c -g -O2  -D_POSIX_SOURCE conftest.c >&5
configure:3842: $? = 0
configure:3842: result: yes
configure:3842: checking for stdint.h
configure:3842: gcc -c -g -O2  -D_POSIX_SOURCE conftest.c >&5
configure:3842: $? = 0
configure:3842: result: yes
configure:3842: checking for strings.h
configure:3842: gcc -c -g -O2  -D_POSIX_SOURCE conftest.c >&5
configure:3842: $? = 0
configure:3842: result: yes
configure:3842: checking for sys/stat.h
configure:3842: gcc -c -g -O2  -D_POSIX_SOURCE conftest.c >&5
configure:3842: $? = 0
configure:3842: result: yes
configure:3842: checking for sys/types.h
configure:3842: gcc -c -g -O2  -D_POSIX_SOURCE conftest.c >&5
configure:3842: $? = 0
configure:3842: result: yes
configure:3842: checking for unistd.h
configure:3842: gcc -c -g -O2  -D_POSIX_SOURCE conftest.c >&5
configure:3842: $? = 0
configure:3842: result: yes
configure:3867: checking for sys/select.h
configure:3867: gcc -c -g -O2  -D_POSIX_SOURCE conftest.c >&5
configure:3867: $? = 0
configure:3867: result: yes
configure:3874: checking for pty.h
configure:3874: gcc -c -g -O2  -D_POSIX_SOURCE conftest.c >&5
configure:3874: $? = 0
configure:3874: result: yes
configure:3881: checking for libutil.h
configure:3881: gcc -c -g -O2  -D_POSIX_SOURCE conftest.c >&5
conftest.c:50:10: fatal error: libutil.h: No such file or directory
   50 | #include <libutil.h>
      |          ^~~~~~~~~~~
compilation terminated.
configure:3881: $? = 1
configure: failed program was:
| /* confdefs.h */
| #define PACKAGE_NAME "b3270"
| #define PACKAGE_TARNAME "b3270"
| #define PACKAGE_VERSION "4.3"
| #define PACKAGE_STRING "b3270 4.3"
| #define PACKAGE_BUGREPORT ""
| #define PACKAGE_URL ""
| #define HAVE_FORKPTY 1
| #define HAVE_STDIO_H 1
| #define HAVE_STDLIB_H 1
| #define HAVE_STRING_H 1
| #define HAVE_INTTYPES_H 1
| #define HAVE_STDINT_H 1
| #define HAVE_STRINGS_H 1
| #define HAVE_SYS_STAT_H 1
| #define HAVE_SYS_TYPES_H 1
| #define HAVE_UNISTD_H 1
| #define STDC_HEADERS 1
| #define HAVE_SYS_SELECT_H 1
| #define HAVE_PTY_H 1
| /* end confdefs.h.  */
| #include <stddef.h>
| #ifdef HAVE_STDIO_H
| # include <stdio.h>
| #endif
| #ifdef HAVE_STDLIB_H
| # include <stdlib.h>
| #endif
| #ifdef HAVE_STRING_H
| # include <string.h>
| #endif
| #ifdef HAVE_INTTYPES_H
| # include <inttypes.h>
| #endif
| #ifdef HAVE_STDINT_H
| # include <stdint.h>
| #endif
| #ifdef HAVE_STRINGS_H
| # include <strings.h>
| #endif
| #ifdef HAVE_SYS_TYPES_H
| # include <sys/types.h>
| #endif
| #ifdef HAVE_SYS_STAT_H
| # include <sys/stat.h>
| #endif
| #ifdef HAVE_UNISTD_H
| # include <unistd.h>
| #endif
| #include <libutil.h>
configure:3881: result: no
configure:3888: checking for util.h
configure:3888: gcc -c -g -O2  -D_POSIX_SOURCE conftest.c >&5
conftest.c:50:10: fatal error: util.h: No such file or directory
   50 | #include <util.h>
      |          ^~~~~~~~
compilation terminated.
configure:3888: $? = 1
configure: failed program was:
| /* confdefs.h */
| #define PACKAGE_NAME "b3270"
| #define PACKAGE_TARNAME "b3270"
| #define PACKAGE_VERSION "4.3"
| #define PACKAGE_STRING "b3270 4.3"
| #define PACKAGE_BUGREPORT ""
| #define PACKAGE_URL ""
| #define HAVE_FORKPTY 1
| #define HAVE_STDIO_H 1
| #define HAVE_STDLIB_H 1
| #define HAVE_STRING_H 1
| #define HAVE_INTTYPES_H 1
| #define HAVE_STDINT_H 1
| #define HAVE_STRINGS_H 1
| #define HAVE_SYS_STAT_H 1
| #define HAVE_SYS_TYPES_H 1
| #define HAVE_UNISTD_H 1
| #define STDC_HEADERS 1
| #define HAVE_SYS_SELECT_H 1
| #define HAVE_PTY_H 1
| /* end confdefs.h.  */
| #include <stddef.h>
| #ifdef HAVE_STDIO_H
| # include <stdio.h>
| #endif
| #ifdef HAVE_STDLIB_H
| # include <stdlib.h>
| #endif
| #ifdef HAVE_STRING_H
| # include <string.h>
| #endif
| #ifdef HAVE_INTTYPES_H
| # include <inttypes.h>
| #endif
| #ifdef HAVE_STDINT_H
| # include <stdint.h>
| #endif
| #ifdef HAVE_STRINGS_H
| # include <strings.h>
| #endif
| #ifdef HAVE_SYS_TYPES_H
| # include <sys/types.h>
| #endif
| #ifdef HAVE_SYS_STAT_H
| # include <sys/stat.h>
| #endif
| #ifdef HAVE_UNISTD_H
| # include <unistd.h>
| #endif
| #include <util.h>
configure:3888: result: no
configure:3895: checking for getopt.h
configure:3895: gcc -c -g -O2  -D_POSIX_SOURCE conftest.c >&5
configure:3895: $? = 0
configure:3895: result: yes
configure:3904: checking for expat.h
configure:3904: gcc -c -g -O2  -D_POSIX_SOURCE conftest.c >&5
configure:3904: $? = 0
configure:3904: result: yes
configure:3915: checking for vasprintf
configure:3915: gcc -o conftest -g -O2  -D_POSIX_SOURCE  conftest.c -lexpat  >&5
configure:3915: $? = 0
configure:3915: result: yes
configure:3922: checking for _LARGEFILE_SOURCE value needed for large files
configure:3942: gcc -o conftest -g -O2  -D_POSIX_SOURCE  conftest.c -lexpat  >&5
conftest.c: In function 'main':
conftest.c:30:34: error: 'fseeko' undeclared (first use in this function); did you mean 'fseek'?
   30 | int (*fp) (FILE *, off_t, int) = fseeko;
      |                                  ^~~~~~
      |                                  fseek
conftest.c:30:34: note: each undeclared identifier is reported only once for each function it appears in
conftest.c:31:13: warning: implicit declaration of function 'fseeko'; did you mean 'fseek'? [-Wimplicit-function-declaration]
   31 |      return fseeko (stdin, 0, 0) && fp (stdin, 0, 0);
      |             ^~~~~~
      |             fseek
configure:3942: $? = 1
configure: failed program was:
| /* confdefs.h */
| #define PACKAGE_NAME "b3270"
| #define PACKAGE_TARNAME "b3270"
| #define PACKAGE_VERSION "4.3"
| #define PACKAGE_STRING "b3270 4.3"
| #define PACKAGE_BUGREPORT ""
| #define PACKAGE_URL ""
| #define HAVE_FORKPTY 1
| #define HAVE_STDIO_H 1
| #define HAVE_STDLIB_H 1
| #define HAVE_STRING_H 1
| #define HAVE_INTTYPES_H 1
| #define HAVE_STDINT_H 1
| #define HAVE_STRINGS_H 1
| #define HAVE_SYS_STAT_H 1
| #define HAVE_SYS_TYPES_H 1
| #define HAVE_UNISTD_H 1
| #define STDC_HEADERS 1
| #define HAVE_SYS_SELECT_H 1
| #define HAVE_PTY_H 1
| #define HAVE_GETOPT_H 1
| #define HAVE_EXPAT_H 1
| #define HAVE_VASPRINTF 1
| /* end confdefs.h.  */
| #include <sys/types.h> /* for off_t */
|      #include <stdio.h>
| int
| main (void)
| {
| int (*fp) (FILE *, off_t, int) = fseeko;
|      return fseeko (stdin, 0, 0) && fp (stdin, 0, 0);
|   ;
|   return 0;
| }
configure:3962: gcc -o conftest -g -O2  -D_POSIX_SOURCE  conftest.c -lexpat  >&5
configure:3962: $? = 0
configure:3972: result: 1
configure:4127: creating ./config.status

## ---------------------- ##
## Running config.status. ##
## ---------------------- ##

This file was extended by b3270 config.status 4.3, which was
generated by GNU Autoconf 2.71.  Invocation command line was

  CONFIG_FILES    = 
  CONFIG_HEADERS  = 
  CONFIG_LINKS    = 
  CONFIG_COMMANDS = 
  $ ./config.status 

on mesa

config.status:815: creating Makefile
config.status:815: creating Makefile.obj
config.status:815: creating conf.h
config.status:990: conf.h is unchanged

## ---------------- ##
## Cache variables. ##
## ---------------- ##

ac_cv_build=x86_64-pc-linux-gnu
ac_cv_c_compiler_gnu=yes
ac_cv_env_CC_set=
ac_cv_env_CC_value=
ac_cv_env_CFLAGS_set=
ac_cv_env_CFLAGS_value=
ac_cv_env_CPPFLAGS_set=
ac_cv_env_CPPFLAGS_value=
ac_cv_env_LDFLAGS_set=
ac_cv_env_LDFLAGS_value=
ac_cv_env_LIBS_set=
ac_cv_env_LIBS_value=
ac_cv_env_build_alias_set=
ac_cv_env_build_alias_value=
ac_cv_env_host_alias_set=
ac_cv_env_host_alias_value=
ac_cv_env_target_alias_set=
ac_cv_env_target_alias_value=
ac_cv_func_forkpty=yes
ac_cv_func_vasprintf=yes
ac_cv_header_expat_h=yes
ac_cv_header_getopt_h=yes
ac_cv_header_inttypes_h=yes
ac_cv_header_libutil_h=no
ac_cv_header_pty_h=yes
ac_cv_header_stdint_h=yes
ac_cv_header_stdio_h=yes
ac_cv_header_stdlib_h=yes
ac_cv_header_string_h=yes
ac_cv_header_strings_h=yes
ac_cv_header_sys_select_h=yes
ac_cv_header_sys_stat_h=yes
ac_cv_header_sys_types_h=yes
ac_cv_header_unistd_h=yes
ac_cv_header_util_h=no
ac_cv_host=x86_64-pc-linux-gnu
ac_cv_objext=o
ac_cv_path_install='/home/pebbles/.guix-profile/bin/install -c'
ac_cv_prog_ac_ct_CC=gcc
ac_cv_prog_cc_c11=
ac_cv_prog_cc_g=yes
ac_cv_prog_cc_stdc=
ac_cv_search_XML_ParserCreate=-lexpat
ac_cv_search_forkpty='none required'
ac_cv_search_gethostbyname='none required'
ac_cv_search_socket='none required'
ac_cv_sys_largefile_source=1

## ----------------- ##
## Output variables. ##
## ----------------- ##

BUILDCC=''
CC='gcc'
CCOPTIONS=' -Wall -Wsign-compare -std=c99 -pedantic -Wno-variadic-macros -MMD -MP'
CFLAGS='-g -O2'
CPPFLAGS=' -D_POSIX_SOURCE'
DEFS='-DHAVE_CONFIG_H'
ECHO_C=''
ECHO_N='-n'
ECHO_T=''
EXEEXT=''
HSOPTS=''
INSTALL_DATA='${INSTALL} -m 644'
INSTALL_PROGRAM='${INSTALL}'
INSTALL_SCRIPT='${INSTALL}'
LDFLAGS=''
LIBOBJS=''
LIBS='-lexpat '
LIBX3270DIR='${sysconfdir}/x3270'
LTLIBOBJS=''
OBJEXT='o'
PACKAGE_BUGREPORT=''
PACKAGE_NAME='b3270'
PACKAGE_STRING='b3270 4.3'
PACKAGE_TARNAME='b3270'
PACKAGE_URL=''
PACKAGE_VERSION='4.3'
PATH_SEPARATOR=':'
SHELL='/bin/sh'
ac_ct_CC='gcc'
bindir='${exec_prefix}/bin'
build='x86_64-pc-linux-gnu'
build_alias=''
build_cpu='x86_64'
build_os='linux-gnu'
build_vendor='pc'
datadir='${datarootdir}'
datarootdir='${prefix}/share'
docdir='${datarootdir}/doc/${PACKAGE_TARNAME}'
dvidir='${docdir}'
exec_prefix='${prefix}'
host='x86_64-pc-linux-gnu'
host_alias=''
host_cpu='x86_64'
host_os='linux-gnu'
host_vendor='pc'
htmldir='${docdir}'
includedir='${prefix}/include'
infodir='${datarootdir}/info'
libdir='${exec_prefix}/lib'
libexecdir='${exec_prefix}/libexec'
localedir='${datarootdir}/locale'
localstatedir='${prefix}/var'
mandir='${datarootdir}/man'
oldincludedir='/usr/include'
pdfdir='${docdir}'
prefix='/usr/local'
program_transform_name='s,x,x,'
psdir='${docdir}'
runstatedir='${localstatedir}/run'
sbindir='${exec_prefix}/sbin'
sharedstatedir='${prefix}/com'
sysconfdir='${prefix}/etc'
target_alias=''

## ----------- ##
## confdefs.h. ##
## ----------- ##

/* confdefs.h */
#define PACKAGE_NAME "b3270"
#define PACKAGE_TARNAME "b3270"
#define PACKAGE_VERSION "4.3"
#define PACKAGE_STRING "b3270 4.3"
#define PACKAGE_BUGREPORT ""
#define PACKAGE_URL ""
#define HAVE_FORKPTY 1
#define HAVE_STDIO_H 1
#define HAVE_STDLIB_H 1
#define HAVE_STRING_H 1
#define HAVE_INTTYPES_H 1
#define HAVE_STDINT_H 1
#define HAVE_STRINGS_H 1
#define HAVE_SYS_STAT_H 1
#define HAVE_SYS_TYPES_H 1
#define HAVE_UNISTD_H 1
#define STDC_HEADERS 1
#define HAVE_SYS_SELECT_H 1
#define HAVE_PTY_H 1
#define HAVE_GETOPT_H 1
#define HAVE_EXPAT_H 1
#define HAVE_VASPRINTF 1
#define _LARGEFILE_SOURCE 1
#define HAVE_FSEEKO 1
#define X3270_DBCS 1
#define X3270_LOCAL_PROCESS 1

configure: exit 0
