This file contains any messages produced by compilers while
running configure, to aid debugging if configure makes a mistake.

It was created by suite3270 configure 4.3, which was
generated by GNU Autoconf 2.71.  Invocation command line was

  $ ./configure

## --------- ##
## Platform. ##
## --------- ##

hostname = mesa
uname -m = x86_64
uname -r = 6.9.3
uname -s = Linux
uname -v = #1 SMP PREEMPT_DYNAMIC 1

/usr/bin/uname -p = unknown
/bin/uname -X     = unknown

/bin/arch              = unknown
/usr/bin/arch -k       = unknown
/usr/convex/getsysinfo = unknown
/usr/bin/hostinfo      = unknown
/bin/machine           = unknown
/usr/bin/oslevel       = unknown
/bin/universe          = unknown

PATH: /home/pebbles/.guix-profile/bin/
PATH: /home/pebbles/.guix-profile/sbin/
PATH: /run/setuid-programs/
PATH: /home/pebbles/.config/guix/current/bin/
PATH: /home/pebbles/.guix-profile/bin/
PATH: /home/pebbles/.guix-profile/sbin/
PATH: /run/current-system/profile/bin/
PATH: /run/current-system/profile/sbin/
PATH: /usr/bin/


## ----------- ##
## Core tests. ##
## ----------- ##

configure:1752: looking for aux files: config.guess config.sub
configure:1765:  trying ./
configure:1794:   ./config.guess found
configure:1794:   ./config.sub found
configure:1914: checking build system type
configure:1929: result: x86_64-pc-linux-gnu
configure:1949: checking host system type
configure:1963: result: x86_64-pc-linux-gnu
configure:2097: checking for x86_64-w64-mingw32-gcc
configure:2130: result: no
configure:2140: checking for i686-w64-mingw32-gcc
configure:2173: result: no
configure:2183: checking for windres
configure:2216: result: no
configure:2253: WARNING: Disabling Windows cross-compile
configure:2669: creating ./config.status

## ---------------------- ##
## Running config.status. ##
## ---------------------- ##

This file was extended by suite3270 config.status 4.3, which was
generated by GNU Autoconf 2.71.  Invocation command line was

  CONFIG_FILES    = 
  CONFIG_HEADERS  = 
  CONFIG_LINKS    = 
  CONFIG_COMMANDS = 
  $ ./config.status 

on mesa

config.status:739: creating Makefile
configure:3735: === configuring in lib (/home/pebbles/Downloads/suite3270-4.3/lib)
configure:3796: running /bin/sh ./configure --disable-option-checking '--prefix=/usr/local'  --cache-file=/dev/null --srcdir=.
configure:3735: === configuring in x3270 (/home/pebbles/Downloads/suite3270-4.3/x3270)
configure:3796: running /bin/sh ./configure --disable-option-checking '--prefix=/usr/local'  --cache-file=/dev/null --srcdir=.
configure:3735: === configuring in c3270 (/home/pebbles/Downloads/suite3270-4.3/c3270)
configure:3796: running /bin/sh ./configure --disable-option-checking '--prefix=/usr/local'  --cache-file=/dev/null --srcdir=.
configure:3735: === configuring in s3270 (/home/pebbles/Downloads/suite3270-4.3/s3270)
configure:3796: running /bin/sh ./configure --disable-option-checking '--prefix=/usr/local'  --cache-file=/dev/null --srcdir=.
configure:3735: === configuring in b3270 (/home/pebbles/Downloads/suite3270-4.3/b3270)
configure:3796: running /bin/sh ./configure --disable-option-checking '--prefix=/usr/local'  --cache-file=/dev/null --srcdir=.
configure:3735: === configuring in tcl3270 (/home/pebbles/Downloads/suite3270-4.3/tcl3270)
configure:3796: running /bin/sh ./configure --disable-option-checking '--prefix=/usr/local'  --cache-file=/dev/null --srcdir=.
configure:3735: === configuring in pr3287 (/home/pebbles/Downloads/suite3270-4.3/pr3287)
configure:3796: running /bin/sh ./configure --disable-option-checking '--prefix=/usr/local'  --cache-file=/dev/null --srcdir=.
configure:3735: === configuring in x3270if (/home/pebbles/Downloads/suite3270-4.3/x3270if)
configure:3796: running /bin/sh ./configure --disable-option-checking '--prefix=/usr/local'  --cache-file=/dev/null --srcdir=.
configure:3735: === configuring in playback (/home/pebbles/Downloads/suite3270-4.3/playback)
configure:3796: running /bin/sh ./configure --disable-option-checking '--prefix=/usr/local'  --cache-file=/dev/null --srcdir=.
configure:3735: === configuring in mitm (/home/pebbles/Downloads/suite3270-4.3/mitm)
configure:3796: running /bin/sh ./configure --disable-option-checking '--prefix=/usr/local'  --cache-file=/dev/null --srcdir=.

## ---------------- ##
## Cache variables. ##
## ---------------- ##

ac_cv_build=x86_64-pc-linux-gnu
ac_cv_env_build_alias_set=
ac_cv_env_build_alias_value=
ac_cv_env_host_alias_set=
ac_cv_env_host_alias_value=
ac_cv_env_target_alias_set=
ac_cv_env_target_alias_value=
ac_cv_host=x86_64-pc-linux-gnu
ac_cv_prog_mingw32_found=no
ac_cv_prog_mingw64_found=no
ac_cv_prog_windres_found=no

## ----------------- ##
## Output variables. ##
## ----------------- ##

DEFS='-DPACKAGE_NAME=\"suite3270\" -DPACKAGE_TARNAME=\"suite3270\" -DPACKAGE_VERSION=\"4.3\" -DPACKAGE_STRING=\"suite3270\ 4.3\" -DPACKAGE_BUGREPORT=\"\" -DPACKAGE_URL=\"\"'
ECHO_C=''
ECHO_N='-n'
ECHO_T=''
LIBOBJS=''
LIBS=''
LTLIBOBJS=''
PACKAGE_BUGREPORT=''
PACKAGE_NAME='suite3270'
PACKAGE_STRING='suite3270 4.3'
PACKAGE_TARNAME='suite3270'
PACKAGE_URL=''
PACKAGE_VERSION='4.3'
PATH_SEPARATOR=':'
SHELL='/bin/sh'
T_ALL=' x3270 c3270 s3270 b3270 tcl3270 pr3287 x3270if playback'
T_ALLTESTS=' x3270 c3270 s3270 b3270 tcl3270 pr3287 x3270if unix-lib-test'
T_CLEAN=' x3270-clean c3270-clean s3270-clean b3270-clean tcl3270-clean pr3287-clean x3270if-clean playback-clean unix-lib-clean'
T_CLOBBER=' x3270-clobber c3270-clobber s3270-clobber b3270-clobber tcl3270-clobber pr3287-clobber x3270if-clobber playback-clobber unix-lib-clobber'
T_INSTALL=' x3270-install c3270-install s3270-install b3270-install tcl3270-install pr3287-install x3270if-install'
T_INSTALL_MAN=' x3270-install.man c3270-install.man s3270-install.man b3270-install.man tcl3270-install.man pr3287-install.man x3270if-install.man'
T_LIB=' unix-lib'
T_LIB_CLEAN=' unix-lib-clean'
T_LIB_CLOBBER=' unix-lib-clobber'
T_TEST=' x3270 c3270 s3270 b3270 tcl3270 pr3287 x3270if'
T_TEST_CLEAN=''
T_TEST_CLOBBER=''
T_UNIX_ALL=' x3270 c3270 s3270 b3270 tcl3270 pr3287 x3270if playback'
T_UNIX_CLEAN=' x3270-clean c3270-clean s3270-clean b3270-clean tcl3270-clean pr3287-clean x3270if-clean unix-lib-clean'
T_UNIX_CLOBBER=' x3270-clobber c3270-clobber s3270-clobber b3270-clobber tcl3270-clobber pr3287-clobber x3270if-clobber unix-lib-clobber'
T_WINDOWS_ALL=''
T_WINDOWS_CLEAN=''
T_WINDOWS_CLOBBER=''
WIN32_SUFFIX='-32'
WIN64_SUFFIX='-64'
WINDRES_SET=''
bindir='${exec_prefix}/bin'
build='x86_64-pc-linux-gnu'
build_alias=''
build_cpu='x86_64'
build_os='linux-gnu'
build_vendor='pc'
datadir='${datarootdir}'
datarootdir='${prefix}/share'
docdir='${datarootdir}/doc/${PACKAGE_TARNAME}'
dvidir='${docdir}'
exec_prefix='${prefix}'
host='x86_64-pc-linux-gnu'
host_alias=''
host_cpu='x86_64'
host_os='linux-gnu'
host_vendor='pc'
htmldir='${docdir}'
includedir='${prefix}/include'
infodir='${datarootdir}/info'
libdir='${exec_prefix}/lib'
libexecdir='${exec_prefix}/libexec'
localedir='${datarootdir}/locale'
localstatedir='${prefix}/var'
mandir='${datarootdir}/man'
mingw32_found='no'
mingw64_found='no'
oldincludedir='/usr/include'
pdfdir='${docdir}'
prefix='/usr/local'
program_transform_name='s,x,x,'
psdir='${docdir}'
runstatedir='${localstatedir}/run'
sbindir='${exec_prefix}/sbin'
sharedstatedir='${prefix}/com'
subdirs=' lib x3270 c3270 s3270 b3270 tcl3270 pr3287 x3270if playback mitm'
sysconfdir='${prefix}/etc'
target_alias=''
windres_found='no'

## ----------- ##
## confdefs.h. ##
## ----------- ##

/* confdefs.h */
#define PACKAGE_NAME "suite3270"
#define PACKAGE_TARNAME "suite3270"
#define PACKAGE_VERSION "4.3"
#define PACKAGE_STRING "suite3270 4.3"
#define PACKAGE_BUGREPORT ""
#define PACKAGE_URL ""

configure: exit 0
