This file contains any messages produced by compilers while
running configure, to aid debugging if configure makes a mistake.

It was created by pr3287 configure 4.3, which was
generated by GNU Autoconf 2.71.  Invocation command line was

  $ ./configure --disable-option-checking --prefix=/usr/local --cache-file=/dev/null --srcdir=.

## --------- ##
## Platform. ##
## --------- ##

hostname = mesa
uname -m = x86_64
uname -r = 6.9.3
uname -s = Linux
uname -v = #1 SMP PREEMPT_DYNAMIC 1

/usr/bin/uname -p = unknown
/bin/uname -X     = unknown

/bin/arch              = unknown
/usr/bin/arch -k       = unknown
/usr/convex/getsysinfo = unknown
/usr/bin/hostinfo      = unknown
/bin/machine           = unknown
/usr/bin/oslevel       = unknown
/bin/universe          = unknown

PATH: /home/pebbles/.guix-profile/bin/
PATH: /home/pebbles/.guix-profile/sbin/
PATH: /run/setuid-programs/
PATH: /home/pebbles/.config/guix/current/bin/
PATH: /home/pebbles/.guix-profile/bin/
PATH: /home/pebbles/.guix-profile/sbin/
PATH: /run/current-system/profile/bin/
PATH: /run/current-system/profile/sbin/
PATH: /usr/bin/


## ----------- ##
## Core tests. ##
## ----------- ##

configure:2247: looking for aux files: config.guess config.sub install-sh
configure:2260:  trying ./
configure:2260:  trying ./../
configure:2289:   ./../config.guess found
configure:2289:   ./../config.sub found
configure:2271:   ./../install-sh found
configure:2418: checking for a BSD-compatible install
configure:2491: result: /home/pebbles/.guix-profile/bin/install -c
configure:2564: checking for gcc
configure:2585: found /home/pebbles/.guix-profile/bin/gcc
configure:2596: result: gcc
configure:2949: checking for C compiler version
configure:2958: gcc --version >&5
gcc (GCC) 13.3.0
Copyright (C) 2023 Free Software Foundation, Inc.
This is free software; see the source for copying conditions.  There is NO
warranty; not even for MERCHANTABILITY or FITNESS FOR A PARTICULAR PURPOSE.

configure:2969: $? = 0
configure:2958: gcc -v >&5
Using built-in specs.
COLLECT_GCC=gcc
COLLECT_LTO_WRAPPER=/gnu/store/s3gi3bhy5ijm927bjcrzl7c5dzayvwiy-gcc-13.3.0/libexec/gcc/x86_64-unknown-linux-gnu/13.3.0/lto-wrapper
Target: x86_64-unknown-linux-gnu
Configured with: 
Thread model: posix
Supported LTO compression algorithms: zlib
gcc version 13.3.0 (GCC) 
configure:2969: $? = 0
configure:2958: gcc -V >&5
gcc: error: unrecognized command-line option '-V'
gcc: fatal error: no input files
compilation terminated.
configure:2969: $? = 1
configure:2958: gcc -qversion >&5
gcc: error: unrecognized command-line option '-qversion'; did you mean '--version'?
gcc: fatal error: no input files
compilation terminated.
configure:2969: $? = 1
configure:2958: gcc -version >&5
gcc: error: unrecognized command-line option '-version'
gcc: fatal error: no input files
compilation terminated.
configure:2969: $? = 1
configure:2989: checking whether the C compiler works
configure:3011: gcc    conftest.c  >&5
configure:3015: $? = 0
configure:3065: result: yes
configure:3068: checking for C compiler default output file name
configure:3070: result: a.out
configure:3076: checking for suffix of executables
configure:3083: gcc -o conftest    conftest.c  >&5
configure:3087: $? = 0
configure:3110: result: 
configure:3132: checking whether we are cross compiling
configure:3140: gcc -o conftest    conftest.c  >&5
configure:3144: $? = 0
configure:3151: ./conftest
configure:3155: $? = 0
configure:3170: result: no
configure:3175: checking for suffix of object files
configure:3198: gcc -c   conftest.c >&5
configure:3202: $? = 0
configure:3224: result: o
configure:3228: checking whether the compiler supports GNU C
configure:3248: gcc -c   conftest.c >&5
configure:3248: $? = 0
configure:3258: result: yes
configure:3269: checking whether gcc accepts -g
configure:3290: gcc -c -g  conftest.c >&5
configure:3290: $? = 0
configure:3334: result: yes
configure:3354: checking for gcc option to enable C11 features
configure:3369: gcc  -c -g -O2  conftest.c >&5
configure:3369: $? = 0
configure:3387: result: none needed
configure:3504: checking build system type
configure:3519: result: x86_64-pc-linux-gnu
configure:3539: checking host system type
configure:3553: result: x86_64-pc-linux-gnu
configure:3592: checking for library containing gethostbyname
configure:3622: gcc -o conftest -g -O2  -D_BSD_SOURCE -D_DEFAULT_SOURCE -D_POSIX_SOURCE -D_XOPEN_SOURCE  conftest.c  >&5
configure:3622: $? = 0
configure:3642: result: none required
configure:3651: checking for library containing socket
configure:3681: gcc -o conftest -g -O2  -D_BSD_SOURCE -D_DEFAULT_SOURCE -D_POSIX_SOURCE -D_XOPEN_SOURCE  conftest.c  >&5
configure:3681: $? = 0
configure:3701: result: none required
configure:3715: checking for stdio.h
configure:3715: gcc -c -g -O2  -D_BSD_SOURCE -D_DEFAULT_SOURCE -D_POSIX_SOURCE -D_XOPEN_SOURCE conftest.c >&5
configure:3715: $? = 0
configure:3715: result: yes
configure:3715: checking for stdlib.h
configure:3715: gcc -c -g -O2  -D_BSD_SOURCE -D_DEFAULT_SOURCE -D_POSIX_SOURCE -D_XOPEN_SOURCE conftest.c >&5
configure:3715: $? = 0
configure:3715: result: yes
configure:3715: checking for string.h
configure:3715: gcc -c -g -O2  -D_BSD_SOURCE -D_DEFAULT_SOURCE -D_POSIX_SOURCE -D_XOPEN_SOURCE conftest.c >&5
configure:3715: $? = 0
configure:3715: result: yes
configure:3715: checking for inttypes.h
configure:3715: gcc -c -g -O2  -D_BSD_SOURCE -D_DEFAULT_SOURCE -D_POSIX_SOURCE -D_XOPEN_SOURCE conftest.c >&5
configure:3715: $? = 0
configure:3715: result: yes
configure:3715: checking for stdint.h
configure:3715: gcc -c -g -O2  -D_BSD_SOURCE -D_DEFAULT_SOURCE -D_POSIX_SOURCE -D_XOPEN_SOURCE conftest.c >&5
configure:3715: $? = 0
configure:3715: result: yes
configure:3715: checking for strings.h
configure:3715: gcc -c -g -O2  -D_BSD_SOURCE -D_DEFAULT_SOURCE -D_POSIX_SOURCE -D_XOPEN_SOURCE conftest.c >&5
configure:3715: $? = 0
configure:3715: result: yes
configure:3715: checking for sys/stat.h
configure:3715: gcc -c -g -O2  -D_BSD_SOURCE -D_DEFAULT_SOURCE -D_POSIX_SOURCE -D_XOPEN_SOURCE conftest.c >&5
configure:3715: $? = 0
configure:3715: result: yes
configure:3715: checking for sys/types.h
configure:3715: gcc -c -g -O2  -D_BSD_SOURCE -D_DEFAULT_SOURCE -D_POSIX_SOURCE -D_XOPEN_SOURCE conftest.c >&5
configure:3715: $? = 0
configure:3715: result: yes
configure:3715: checking for unistd.h
configure:3715: gcc -c -g -O2  -D_BSD_SOURCE -D_DEFAULT_SOURCE -D_POSIX_SOURCE -D_XOPEN_SOURCE conftest.c >&5
configure:3715: $? = 0
configure:3715: result: yes
configure:3740: checking for iconv.h
configure:3740: gcc -c -g -O2  -D_BSD_SOURCE -D_DEFAULT_SOURCE -D_POSIX_SOURCE -D_XOPEN_SOURCE conftest.c >&5
configure:3740: $? = 0
configure:3740: result: yes
configure:3773: checking for openssl/ssl.h
configure:3773: gcc -c -g -O2  -D_BSD_SOURCE -D_DEFAULT_SOURCE -D_POSIX_SOURCE -D_XOPEN_SOURCE conftest.c >&5
configure:3773: $? = 0
configure:3773: result: yes
configure:3798: checking for vasprintf
configure:3798: gcc -o conftest -g -O2  -D_BSD_SOURCE -D_DEFAULT_SOURCE -D_POSIX_SOURCE -D_XOPEN_SOURCE  conftest.c  >&5
configure:3798: $? = 0
configure:3798: result: yes
configure:3933: creating ./config.status

## ---------------------- ##
## Running config.status. ##
## ---------------------- ##

This file was extended by pr3287 config.status 4.3, which was
generated by GNU Autoconf 2.71.  Invocation command line was

  CONFIG_FILES    = 
  CONFIG_HEADERS  = 
  CONFIG_LINKS    = 
  CONFIG_COMMANDS = 
  $ ./config.status 

on mesa

config.status:807: creating Makefile
config.status:807: creating Makefile.obj
config.status:807: creating conf.h
config.status:982: conf.h is unchanged

## ---------------- ##
## Cache variables. ##
## ---------------- ##

ac_cv_build=x86_64-pc-linux-gnu
ac_cv_c_compiler_gnu=yes
ac_cv_env_CC_set=
ac_cv_env_CC_value=
ac_cv_env_CFLAGS_set=
ac_cv_env_CFLAGS_value=
ac_cv_env_CPPFLAGS_set=
ac_cv_env_CPPFLAGS_value=
ac_cv_env_LDFLAGS_set=
ac_cv_env_LDFLAGS_value=
ac_cv_env_LIBS_set=
ac_cv_env_LIBS_value=
ac_cv_env_build_alias_set=
ac_cv_env_build_alias_value=
ac_cv_env_host_alias_set=
ac_cv_env_host_alias_value=
ac_cv_env_target_alias_set=
ac_cv_env_target_alias_value=
ac_cv_func_vasprintf=yes
ac_cv_header_iconv_h=yes
ac_cv_header_inttypes_h=yes
ac_cv_header_openssl_ssl_h=yes
ac_cv_header_stdint_h=yes
ac_cv_header_stdio_h=yes
ac_cv_header_stdlib_h=yes
ac_cv_header_string_h=yes
ac_cv_header_strings_h=yes
ac_cv_header_sys_stat_h=yes
ac_cv_header_sys_types_h=yes
ac_cv_header_unistd_h=yes
ac_cv_host=x86_64-pc-linux-gnu
ac_cv_objext=o
ac_cv_path_install='/home/pebbles/.guix-profile/bin/install -c'
ac_cv_prog_ac_ct_CC=gcc
ac_cv_prog_cc_c11=
ac_cv_prog_cc_g=yes
ac_cv_prog_cc_stdc=
ac_cv_search_gethostbyname='none required'
ac_cv_search_socket='none required'

## ----------------- ##
## Output variables. ##
## ----------------- ##

CC='gcc'
CCOPTIONS=' -Wall -Wsign-compare -std=c99 -pedantic -Wno-variadic-macros -MMD -MP'
CFLAGS='-g -O2'
CPPFLAGS=' -D_BSD_SOURCE -D_DEFAULT_SOURCE -D_POSIX_SOURCE -D_XOPEN_SOURCE'
DEFS='-DHAVE_CONFIG_H'
ECHO_C=''
ECHO_N='-n'
ECHO_T=''
EXEEXT=''
INSTALL_DATA='${INSTALL} -m 644'
INSTALL_PROGRAM='${INSTALL}'
INSTALL_SCRIPT='${INSTALL}'
LDFLAGS=''
LIBOBJS=''
LIBS=''
LIBX3270DIR='${sysconfdir}/x3270'
LTLIBOBJS=''
OBJEXT='o'
PACKAGE_BUGREPORT=''
PACKAGE_NAME='pr3287'
PACKAGE_STRING='pr3287 4.3'
PACKAGE_TARNAME='pr3287'
PACKAGE_URL=''
PACKAGE_VERSION='4.3'
PATH_SEPARATOR=':'
SHELL='/bin/sh'
ac_ct_CC='gcc'
bindir='${exec_prefix}/bin'
build='x86_64-pc-linux-gnu'
build_alias=''
build_cpu='x86_64'
build_os='linux-gnu'
build_vendor='pc'
datadir='${datarootdir}'
datarootdir='${prefix}/share'
docdir='${datarootdir}/doc/${PACKAGE_TARNAME}'
dvidir='${docdir}'
exec_prefix='${prefix}'
host='x86_64-pc-linux-gnu'
host_alias=''
host_cpu='x86_64'
host_os='linux-gnu'
host_vendor='pc'
htmldir='${docdir}'
includedir='${prefix}/include'
infodir='${datarootdir}/info'
libdir='${exec_prefix}/lib'
libexecdir='${exec_prefix}/libexec'
localedir='${datarootdir}/locale'
localstatedir='${prefix}/var'
mandir='${datarootdir}/man'
oldincludedir='/usr/include'
pdfdir='${docdir}'
prefix='/usr/local'
program_transform_name='s,x,x,'
psdir='${docdir}'
runstatedir='${localstatedir}/run'
sbindir='${exec_prefix}/sbin'
sharedstatedir='${prefix}/com'
sysconfdir='${prefix}/etc'
target_alias=''

## ----------- ##
## confdefs.h. ##
## ----------- ##

/* confdefs.h */
#define PACKAGE_NAME "pr3287"
#define PACKAGE_TARNAME "pr3287"
#define PACKAGE_VERSION "4.3"
#define PACKAGE_STRING "pr3287 4.3"
#define PACKAGE_BUGREPORT ""
#define PACKAGE_URL ""
#define HAVE_STDIO_H 1
#define HAVE_STDLIB_H 1
#define HAVE_STRING_H 1
#define HAVE_INTTYPES_H 1
#define HAVE_STDINT_H 1
#define HAVE_STRINGS_H 1
#define HAVE_SYS_STAT_H 1
#define HAVE_SYS_TYPES_H 1
#define HAVE_UNISTD_H 1
#define STDC_HEADERS 1
#define HAVE_ICONV_H 1
#define HAVE_OPENSSL_SSL_H 1
#define HAVE_VASPRINTF 1
#define X3270_DBCS 1

configure: exit 0
