This file contains any messages produced by compilers while
running configure, to aid debugging if configure makes a mistake.

It was created by c3270 configure 4.3, which was
generated by GNU Autoconf 2.71.  Invocation command line was

  $ ./configure --disable-option-checking --prefix=/usr/local --cache-file=/dev/null --srcdir=.

## --------- ##
## Platform. ##
## --------- ##

hostname = mesa
uname -m = x86_64
uname -r = 6.9.3
uname -s = Linux
uname -v = #1 SMP PREEMPT_DYNAMIC 1

/usr/bin/uname -p = unknown
/bin/uname -X     = unknown

/bin/arch              = unknown
/usr/bin/arch -k       = unknown
/usr/convex/getsysinfo = unknown
/usr/bin/hostinfo      = unknown
/bin/machine           = unknown
/usr/bin/oslevel       = unknown
/bin/universe          = unknown

PATH: /home/pebbles/.guix-profile/bin/
PATH: /home/pebbles/.guix-profile/sbin/
PATH: /run/setuid-programs/
PATH: /home/pebbles/.config/guix/current/bin/
PATH: /home/pebbles/.guix-profile/bin/
PATH: /home/pebbles/.guix-profile/sbin/
PATH: /run/current-system/profile/bin/
PATH: /run/current-system/profile/sbin/
PATH: /usr/bin/


## ----------- ##
## Core tests. ##
## ----------- ##

configure:2255: looking for aux files: config.guess config.sub install-sh
configure:2268:  trying ./
configure:2268:  trying ./../
configure:2297:   ./../config.guess found
configure:2297:   ./../config.sub found
configure:2279:   ./../install-sh found
configure:2428: checking for a BSD-compatible install
configure:2501: result: /home/pebbles/.guix-profile/bin/install -c
configure:2574: checking for gcc
configure:2595: found /home/pebbles/.guix-profile/bin/gcc
configure:2606: result: gcc
configure:2959: checking for C compiler version
configure:2968: gcc --version >&5
gcc (GCC) 13.3.0
Copyright (C) 2023 Free Software Foundation, Inc.
This is free software; see the source for copying conditions.  There is NO
warranty; not even for MERCHANTABILITY or FITNESS FOR A PARTICULAR PURPOSE.

configure:2979: $? = 0
configure:2968: gcc -v >&5
Using built-in specs.
COLLECT_GCC=gcc
COLLECT_LTO_WRAPPER=/gnu/store/s3gi3bhy5ijm927bjcrzl7c5dzayvwiy-gcc-13.3.0/libexec/gcc/x86_64-unknown-linux-gnu/13.3.0/lto-wrapper
Target: x86_64-unknown-linux-gnu
Configured with: 
Thread model: posix
Supported LTO compression algorithms: zlib
gcc version 13.3.0 (GCC) 
configure:2979: $? = 0
configure:2968: gcc -V >&5
gcc: error: unrecognized command-line option '-V'
gcc: fatal error: no input files
compilation terminated.
configure:2979: $? = 1
configure:2968: gcc -qversion >&5
gcc: error: unrecognized command-line option '-qversion'; did you mean '--version'?
gcc: fatal error: no input files
compilation terminated.
configure:2979: $? = 1
configure:2968: gcc -version >&5
gcc: error: unrecognized command-line option '-version'
gcc: fatal error: no input files
compilation terminated.
configure:2979: $? = 1
configure:2999: checking whether the C compiler works
configure:3021: gcc    conftest.c  >&5
configure:3025: $? = 0
configure:3075: result: yes
configure:3078: checking for C compiler default output file name
configure:3080: result: a.out
configure:3086: checking for suffix of executables
configure:3093: gcc -o conftest    conftest.c  >&5
configure:3097: $? = 0
configure:3120: result: 
configure:3142: checking whether we are cross compiling
configure:3150: gcc -o conftest    conftest.c  >&5
configure:3154: $? = 0
configure:3161: ./conftest
configure:3165: $? = 0
configure:3180: result: no
configure:3185: checking for suffix of object files
configure:3208: gcc -c   conftest.c >&5
configure:3212: $? = 0
configure:3234: result: o
configure:3238: checking whether the compiler supports GNU C
configure:3258: gcc -c   conftest.c >&5
configure:3258: $? = 0
configure:3268: result: yes
configure:3279: checking whether gcc accepts -g
configure:3300: gcc -c -g  conftest.c >&5
configure:3300: $? = 0
configure:3344: result: yes
configure:3364: checking for gcc option to enable C11 features
configure:3379: gcc  -c -g -O2  conftest.c >&5
configure:3379: $? = 0
configure:3397: result: none needed
configure:3515: checking build system type
configure:3530: result: x86_64-pc-linux-gnu
configure:3550: checking host system type
configure:3564: result: x86_64-pc-linux-gnu
configure:3620: checking for stdio.h
configure:3620: gcc -c -g -O2  -D_POSIX_SOURCE -D_BSD_SOURCE -D_DEFAULT_SOURCE -D_XOPEN_SOURCE conftest.c >&5
configure:3620: $? = 0
configure:3620: result: yes
configure:3620: checking for stdlib.h
configure:3620: gcc -c -g -O2  -D_POSIX_SOURCE -D_BSD_SOURCE -D_DEFAULT_SOURCE -D_XOPEN_SOURCE conftest.c >&5
configure:3620: $? = 0
configure:3620: result: yes
configure:3620: checking for string.h
configure:3620: gcc -c -g -O2  -D_POSIX_SOURCE -D_BSD_SOURCE -D_DEFAULT_SOURCE -D_XOPEN_SOURCE conftest.c >&5
configure:3620: $? = 0
configure:3620: result: yes
configure:3620: checking for inttypes.h
configure:3620: gcc -c -g -O2  -D_POSIX_SOURCE -D_BSD_SOURCE -D_DEFAULT_SOURCE -D_XOPEN_SOURCE conftest.c >&5
configure:3620: $? = 0
configure:3620: result: yes
configure:3620: checking for stdint.h
configure:3620: gcc -c -g -O2  -D_POSIX_SOURCE -D_BSD_SOURCE -D_DEFAULT_SOURCE -D_XOPEN_SOURCE conftest.c >&5
configure:3620: $? = 0
configure:3620: result: yes
configure:3620: checking for strings.h
configure:3620: gcc -c -g -O2  -D_POSIX_SOURCE -D_BSD_SOURCE -D_DEFAULT_SOURCE -D_XOPEN_SOURCE conftest.c >&5
configure:3620: $? = 0
configure:3620: result: yes
configure:3620: checking for sys/stat.h
configure:3620: gcc -c -g -O2  -D_POSIX_SOURCE -D_BSD_SOURCE -D_DEFAULT_SOURCE -D_XOPEN_SOURCE conftest.c >&5
configure:3620: $? = 0
configure:3620: result: yes
configure:3620: checking for sys/types.h
configure:3620: gcc -c -g -O2  -D_POSIX_SOURCE -D_BSD_SOURCE -D_DEFAULT_SOURCE -D_XOPEN_SOURCE conftest.c >&5
configure:3620: $? = 0
configure:3620: result: yes
configure:3620: checking for unistd.h
configure:3620: gcc -c -g -O2  -D_POSIX_SOURCE -D_BSD_SOURCE -D_DEFAULT_SOURCE -D_XOPEN_SOURCE conftest.c >&5
configure:3620: $? = 0
configure:3620: result: yes
configure:3645: checking for sys/select.h
configure:3645: gcc -c -g -O2  -D_POSIX_SOURCE -D_BSD_SOURCE -D_DEFAULT_SOURCE -D_XOPEN_SOURCE conftest.c >&5
configure:3645: $? = 0
configure:3645: result: yes
configure:3658: checking for readline/history.h
configure:3658: gcc -c -g -O2  -D_POSIX_SOURCE -D_BSD_SOURCE -D_DEFAULT_SOURCE -D_XOPEN_SOURCE conftest.c >&5
conftest.c:48:10: fatal error: readline/history.h: No such file or directory
   48 | #include <readline/history.h>
      |          ^~~~~~~~~~~~~~~~~~~~
compilation terminated.
configure:3658: $? = 1
configure: failed program was:
| /* confdefs.h */
| #define PACKAGE_NAME "c3270"
| #define PACKAGE_TARNAME "c3270"
| #define PACKAGE_VERSION "4.3"
| #define PACKAGE_STRING "c3270 4.3"
| #define PACKAGE_BUGREPORT ""
| #define PACKAGE_URL ""
| #define HAVE_STDIO_H 1
| #define HAVE_STDLIB_H 1
| #define HAVE_STRING_H 1
| #define HAVE_INTTYPES_H 1
| #define HAVE_STDINT_H 1
| #define HAVE_STRINGS_H 1
| #define HAVE_SYS_STAT_H 1
| #define HAVE_SYS_TYPES_H 1
| #define HAVE_UNISTD_H 1
| #define STDC_HEADERS 1
| #define HAVE_SYS_SELECT_H 1
| /* end confdefs.h.  */
| #include <stddef.h>
| #ifdef HAVE_STDIO_H
| # include <stdio.h>
| #endif
| #ifdef HAVE_STDLIB_H
| # include <stdlib.h>
| #endif
| #ifdef HAVE_STRING_H
| # include <string.h>
| #endif
| #ifdef HAVE_INTTYPES_H
| # include <inttypes.h>
| #endif
| #ifdef HAVE_STDINT_H
| # include <stdint.h>
| #endif
| #ifdef HAVE_STRINGS_H
| # include <strings.h>
| #endif
| #ifdef HAVE_SYS_TYPES_H
| # include <sys/types.h>
| #endif
| #ifdef HAVE_SYS_STAT_H
| # include <sys/stat.h>
| #endif
| #ifdef HAVE_UNISTD_H
| # include <unistd.h>
| #endif
| #include <readline/history.h>
configure:3658: result: no
configure:3666: checking for pty.h
configure:3666: gcc -c -g -O2  -D_POSIX_SOURCE -D_BSD_SOURCE -D_DEFAULT_SOURCE -D_XOPEN_SOURCE conftest.c >&5
configure:3666: $? = 0
configure:3666: result: yes
configure:3673: checking for libutil.h
configure:3673: gcc -c -g -O2  -D_POSIX_SOURCE -D_BSD_SOURCE -D_DEFAULT_SOURCE -D_XOPEN_SOURCE conftest.c >&5
conftest.c:49:10: fatal error: libutil.h: No such file or directory
   49 | #include <libutil.h>
      |          ^~~~~~~~~~~
compilation terminated.
configure:3673: $? = 1
configure: failed program was:
| /* confdefs.h */
| #define PACKAGE_NAME "c3270"
| #define PACKAGE_TARNAME "c3270"
| #define PACKAGE_VERSION "4.3"
| #define PACKAGE_STRING "c3270 4.3"
| #define PACKAGE_BUGREPORT ""
| #define PACKAGE_URL ""
| #define HAVE_STDIO_H 1
| #define HAVE_STDLIB_H 1
| #define HAVE_STRING_H 1
| #define HAVE_INTTYPES_H 1
| #define HAVE_STDINT_H 1
| #define HAVE_STRINGS_H 1
| #define HAVE_SYS_STAT_H 1
| #define HAVE_SYS_TYPES_H 1
| #define HAVE_UNISTD_H 1
| #define STDC_HEADERS 1
| #define HAVE_SYS_SELECT_H 1
| #define HAVE_PTY_H 1
| /* end confdefs.h.  */
| #include <stddef.h>
| #ifdef HAVE_STDIO_H
| # include <stdio.h>
| #endif
| #ifdef HAVE_STDLIB_H
| # include <stdlib.h>
| #endif
| #ifdef HAVE_STRING_H
| # include <string.h>
| #endif
| #ifdef HAVE_INTTYPES_H
| # include <inttypes.h>
| #endif
| #ifdef HAVE_STDINT_H
| # include <stdint.h>
| #endif
| #ifdef HAVE_STRINGS_H
| # include <strings.h>
| #endif
| #ifdef HAVE_SYS_TYPES_H
| # include <sys/types.h>
| #endif
| #ifdef HAVE_SYS_STAT_H
| # include <sys/stat.h>
| #endif
| #ifdef HAVE_UNISTD_H
| # include <unistd.h>
| #endif
| #include <libutil.h>
configure:3673: result: no
configure:3680: checking for util.h
configure:3680: gcc -c -g -O2  -D_POSIX_SOURCE -D_BSD_SOURCE -D_DEFAULT_SOURCE -D_XOPEN_SOURCE conftest.c >&5
conftest.c:49:10: fatal error: util.h: No such file or directory
   49 | #include <util.h>
      |          ^~~~~~~~
compilation terminated.
configure:3680: $? = 1
configure: failed program was:
| /* confdefs.h */
| #define PACKAGE_NAME "c3270"
| #define PACKAGE_TARNAME "c3270"
| #define PACKAGE_VERSION "4.3"
| #define PACKAGE_STRING "c3270 4.3"
| #define PACKAGE_BUGREPORT ""
| #define PACKAGE_URL ""
| #define HAVE_STDIO_H 1
| #define HAVE_STDLIB_H 1
| #define HAVE_STRING_H 1
| #define HAVE_INTTYPES_H 1
| #define HAVE_STDINT_H 1
| #define HAVE_STRINGS_H 1
| #define HAVE_SYS_STAT_H 1
| #define HAVE_SYS_TYPES_H 1
| #define HAVE_UNISTD_H 1
| #define STDC_HEADERS 1
| #define HAVE_SYS_SELECT_H 1
| #define HAVE_PTY_H 1
| /* end confdefs.h.  */
| #include <stddef.h>
| #ifdef HAVE_STDIO_H
| # include <stdio.h>
| #endif
| #ifdef HAVE_STDLIB_H
| # include <stdlib.h>
| #endif
| #ifdef HAVE_STRING_H
| # include <string.h>
| #endif
| #ifdef HAVE_INTTYPES_H
| # include <inttypes.h>
| #endif
| #ifdef HAVE_STDINT_H
| # include <stdint.h>
| #endif
| #ifdef HAVE_STRINGS_H
| # include <strings.h>
| #endif
| #ifdef HAVE_SYS_TYPES_H
| # include <sys/types.h>
| #endif
| #ifdef HAVE_SYS_STAT_H
| # include <sys/stat.h>
| #endif
| #ifdef HAVE_UNISTD_H
| # include <unistd.h>
| #endif
| #include <util.h>
configure:3680: result: no
configure:3687: checking for getopt.h
configure:3687: gcc -c -g -O2  -D_POSIX_SOURCE -D_BSD_SOURCE -D_DEFAULT_SOURCE -D_XOPEN_SOURCE conftest.c >&5
configure:3687: $? = 0
configure:3687: result: yes
configure:3696: checking for ncursesw/ncurses.h
configure:3696: gcc -c -g -O2  -D_POSIX_SOURCE -D_BSD_SOURCE -D_DEFAULT_SOURCE -D_XOPEN_SOURCE conftest.c >&5
conftest.c:50:10: fatal error: ncursesw/ncurses.h: No such file or directory
   50 | #include <ncursesw/ncurses.h>
      |          ^~~~~~~~~~~~~~~~~~~~
compilation terminated.
configure:3696: $? = 1
configure: failed program was:
| /* confdefs.h */
| #define PACKAGE_NAME "c3270"
| #define PACKAGE_TARNAME "c3270"
| #define PACKAGE_VERSION "4.3"
| #define PACKAGE_STRING "c3270 4.3"
| #define PACKAGE_BUGREPORT ""
| #define PACKAGE_URL ""
| #define HAVE_STDIO_H 1
| #define HAVE_STDLIB_H 1
| #define HAVE_STRING_H 1
| #define HAVE_INTTYPES_H 1
| #define HAVE_STDINT_H 1
| #define HAVE_STRINGS_H 1
| #define HAVE_SYS_STAT_H 1
| #define HAVE_SYS_TYPES_H 1
| #define HAVE_UNISTD_H 1
| #define STDC_HEADERS 1
| #define HAVE_SYS_SELECT_H 1
| #define HAVE_PTY_H 1
| #define HAVE_GETOPT_H 1
| /* end confdefs.h.  */
| #include <stddef.h>
| #ifdef HAVE_STDIO_H
| # include <stdio.h>
| #endif
| #ifdef HAVE_STDLIB_H
| # include <stdlib.h>
| #endif
| #ifdef HAVE_STRING_H
| # include <string.h>
| #endif
| #ifdef HAVE_INTTYPES_H
| # include <inttypes.h>
| #endif
| #ifdef HAVE_STDINT_H
| # include <stdint.h>
| #endif
| #ifdef HAVE_STRINGS_H
| # include <strings.h>
| #endif
| #ifdef HAVE_SYS_TYPES_H
| # include <sys/types.h>
| #endif
| #ifdef HAVE_SYS_STAT_H
| # include <sys/stat.h>
| #endif
| #ifdef HAVE_UNISTD_H
| # include <unistd.h>
| #endif
| #include <ncursesw/ncurses.h>
configure:3696: result: no
configure:3704: checking for ncurses/ncurses.h
configure:3704: gcc -c -g -O2  -D_POSIX_SOURCE -D_BSD_SOURCE -D_DEFAULT_SOURCE -D_XOPEN_SOURCE conftest.c >&5
conftest.c:50:10: fatal error: ncurses/ncurses.h: No such file or directory
   50 | #include <ncurses/ncurses.h>
      |          ^~~~~~~~~~~~~~~~~~~
compilation terminated.
configure:3704: $? = 1
configure: failed program was:
| /* confdefs.h */
| #define PACKAGE_NAME "c3270"
| #define PACKAGE_TARNAME "c3270"
| #define PACKAGE_VERSION "4.3"
| #define PACKAGE_STRING "c3270 4.3"
| #define PACKAGE_BUGREPORT ""
| #define PACKAGE_URL ""
| #define HAVE_STDIO_H 1
| #define HAVE_STDLIB_H 1
| #define HAVE_STRING_H 1
| #define HAVE_INTTYPES_H 1
| #define HAVE_STDINT_H 1
| #define HAVE_STRINGS_H 1
| #define HAVE_SYS_STAT_H 1
| #define HAVE_SYS_TYPES_H 1
| #define HAVE_UNISTD_H 1
| #define STDC_HEADERS 1
| #define HAVE_SYS_SELECT_H 1
| #define HAVE_PTY_H 1
| #define HAVE_GETOPT_H 1
| /* end confdefs.h.  */
| #include <stddef.h>
| #ifdef HAVE_STDIO_H
| # include <stdio.h>
| #endif
| #ifdef HAVE_STDLIB_H
| # include <stdlib.h>
| #endif
| #ifdef HAVE_STRING_H
| # include <string.h>
| #endif
| #ifdef HAVE_INTTYPES_H
| # include <inttypes.h>
| #endif
| #ifdef HAVE_STDINT_H
| # include <stdint.h>
| #endif
| #ifdef HAVE_STRINGS_H
| # include <strings.h>
| #endif
| #ifdef HAVE_SYS_TYPES_H
| # include <sys/types.h>
| #endif
| #ifdef HAVE_SYS_STAT_H
| # include <sys/stat.h>
| #endif
| #ifdef HAVE_UNISTD_H
| # include <unistd.h>
| #endif
| #include <ncurses/ncurses.h>
configure:3704: result: no
configure:3712: checking for ncurses.h
configure:3712: gcc -c -g -O2  -D_POSIX_SOURCE -D_BSD_SOURCE -D_DEFAULT_SOURCE -D_XOPEN_SOURCE conftest.c >&5
configure:3712: $? = 0
configure:3712: result: yes
configure:3741: checking for ncursesw/term.h
configure:3741: gcc -c -g -O2  -D_POSIX_SOURCE -D_BSD_SOURCE -D_DEFAULT_SOURCE -D_XOPEN_SOURCE conftest.c >&5
conftest.c:51:10: fatal error: ncursesw/term.h: No such file or directory
   51 | #include <ncursesw/term.h>
      |          ^~~~~~~~~~~~~~~~~
compilation terminated.
configure:3741: $? = 1
configure: failed program was:
| /* confdefs.h */
| #define PACKAGE_NAME "c3270"
| #define PACKAGE_TARNAME "c3270"
| #define PACKAGE_VERSION "4.3"
| #define PACKAGE_STRING "c3270 4.3"
| #define PACKAGE_BUGREPORT ""
| #define PACKAGE_URL ""
| #define HAVE_STDIO_H 1
| #define HAVE_STDLIB_H 1
| #define HAVE_STRING_H 1
| #define HAVE_INTTYPES_H 1
| #define HAVE_STDINT_H 1
| #define HAVE_STRINGS_H 1
| #define HAVE_SYS_STAT_H 1
| #define HAVE_SYS_TYPES_H 1
| #define HAVE_UNISTD_H 1
| #define STDC_HEADERS 1
| #define HAVE_SYS_SELECT_H 1
| #define HAVE_PTY_H 1
| #define HAVE_GETOPT_H 1
| #define HAVE_NCURSES_H 1
| /* end confdefs.h.  */
| #include <stddef.h>
| #ifdef HAVE_STDIO_H
| # include <stdio.h>
| #endif
| #ifdef HAVE_STDLIB_H
| # include <stdlib.h>
| #endif
| #ifdef HAVE_STRING_H
| # include <string.h>
| #endif
| #ifdef HAVE_INTTYPES_H
| # include <inttypes.h>
| #endif
| #ifdef HAVE_STDINT_H
| # include <stdint.h>
| #endif
| #ifdef HAVE_STRINGS_H
| # include <strings.h>
| #endif
| #ifdef HAVE_SYS_TYPES_H
| # include <sys/types.h>
| #endif
| #ifdef HAVE_SYS_STAT_H
| # include <sys/stat.h>
| #endif
| #ifdef HAVE_UNISTD_H
| # include <unistd.h>
| #endif
| #include <ncursesw/term.h>
configure:3741: result: no
configure:3749: checking for ncurses/term.h
configure:3749: gcc -c -g -O2  -D_POSIX_SOURCE -D_BSD_SOURCE -D_DEFAULT_SOURCE -D_XOPEN_SOURCE conftest.c >&5
conftest.c:51:10: fatal error: ncurses/term.h: No such file or directory
   51 | #include <ncurses/term.h>
      |          ^~~~~~~~~~~~~~~~
compilation terminated.
configure:3749: $? = 1
configure: failed program was:
| /* confdefs.h */
| #define PACKAGE_NAME "c3270"
| #define PACKAGE_TARNAME "c3270"
| #define PACKAGE_VERSION "4.3"
| #define PACKAGE_STRING "c3270 4.3"
| #define PACKAGE_BUGREPORT ""
| #define PACKAGE_URL ""
| #define HAVE_STDIO_H 1
| #define HAVE_STDLIB_H 1
| #define HAVE_STRING_H 1
| #define HAVE_INTTYPES_H 1
| #define HAVE_STDINT_H 1
| #define HAVE_STRINGS_H 1
| #define HAVE_SYS_STAT_H 1
| #define HAVE_SYS_TYPES_H 1
| #define HAVE_UNISTD_H 1
| #define STDC_HEADERS 1
| #define HAVE_SYS_SELECT_H 1
| #define HAVE_PTY_H 1
| #define HAVE_GETOPT_H 1
| #define HAVE_NCURSES_H 1
| /* end confdefs.h.  */
| #include <stddef.h>
| #ifdef HAVE_STDIO_H
| # include <stdio.h>
| #endif
| #ifdef HAVE_STDLIB_H
| # include <stdlib.h>
| #endif
| #ifdef HAVE_STRING_H
| # include <string.h>
| #endif
| #ifdef HAVE_INTTYPES_H
| # include <inttypes.h>
| #endif
| #ifdef HAVE_STDINT_H
| # include <stdint.h>
| #endif
| #ifdef HAVE_STRINGS_H
| # include <strings.h>
| #endif
| #ifdef HAVE_SYS_TYPES_H
| # include <sys/types.h>
| #endif
| #ifdef HAVE_SYS_STAT_H
| # include <sys/stat.h>
| #endif
| #ifdef HAVE_UNISTD_H
| # include <unistd.h>
| #endif
| #include <ncurses/term.h>
configure:3749: result: no
configure:3755: checking for term.h
configure:3755: gcc -c -g -O2  -D_POSIX_SOURCE -D_BSD_SOURCE -D_DEFAULT_SOURCE -D_XOPEN_SOURCE conftest.c >&5
configure:3755: $? = 0
configure:3755: result: yes
configure:3777: checking for library containing forkpty
configure:3807: gcc -o conftest -g -O2  -D_POSIX_SOURCE -D_BSD_SOURCE -D_DEFAULT_SOURCE -D_XOPEN_SOURCE  conftest.c  >&5
configure:3807: $? = 0
configure:3827: result: none required
configure:3836: checking for forkpty
configure:3836: gcc -o conftest -g -O2  -D_POSIX_SOURCE -D_BSD_SOURCE -D_DEFAULT_SOURCE -D_XOPEN_SOURCE  conftest.c  >&5
configure:3836: $? = 0
configure:3836: result: yes
configure:3843: checking for library containing newterm
configure:3873: gcc -o conftest -g -O2  -D_POSIX_SOURCE -D_BSD_SOURCE -D_DEFAULT_SOURCE -D_XOPEN_SOURCE  conftest.c  >&5
/home/pebbles/.guix-profile/bin/ld: /tmp/ccA1EdlQ.o: in function `main':
/home/pebbles/Downloads/suite3270-4.3/c3270/conftest.c:33: undefined reference to `newterm'
collect2: error: ld returned 1 exit status
configure:3873: $? = 1
configure: failed program was:
| /* confdefs.h */
| #define PACKAGE_NAME "c3270"
| #define PACKAGE_TARNAME "c3270"
| #define PACKAGE_VERSION "4.3"
| #define PACKAGE_STRING "c3270 4.3"
| #define PACKAGE_BUGREPORT ""
| #define PACKAGE_URL ""
| #define HAVE_STDIO_H 1
| #define HAVE_STDLIB_H 1
| #define HAVE_STRING_H 1
| #define HAVE_INTTYPES_H 1
| #define HAVE_STDINT_H 1
| #define HAVE_STRINGS_H 1
| #define HAVE_SYS_STAT_H 1
| #define HAVE_SYS_TYPES_H 1
| #define HAVE_UNISTD_H 1
| #define STDC_HEADERS 1
| #define HAVE_SYS_SELECT_H 1
| #define HAVE_PTY_H 1
| #define HAVE_GETOPT_H 1
| #define HAVE_NCURSES_H 1
| #define HAVE_TERM_H 1
| #define HAVE_FORKPTY 1
| /* end confdefs.h.  */
| 
| /* Override any GCC internal prototype to avoid an error.
|    Use char because int might match the return type of a GCC
|    builtin and then its argument prototype would still apply.  */
| char newterm ();
| int
| main (void)
| {
| return newterm ();
|   ;
|   return 0;
| }
configure:3873: gcc -o conftest -g -O2  -D_POSIX_SOURCE -D_BSD_SOURCE -D_DEFAULT_SOURCE -D_XOPEN_SOURCE  conftest.c -lncursesw   >&5
configure:3873: $? = 0
configure:3893: result: -lncursesw
configure:3904: checking for library containing setupterm
configure:3934: gcc -o conftest -g -O2  -D_POSIX_SOURCE -D_BSD_SOURCE -D_DEFAULT_SOURCE -D_XOPEN_SOURCE  conftest.c -lncursesw  >&5
configure:3934: $? = 0
configure:3954: result: none required
configure:3971: checking for rl_initialize in -lreadline
configure:3994: gcc -o conftest -g -O2  -D_POSIX_SOURCE -D_BSD_SOURCE -D_DEFAULT_SOURCE -D_XOPEN_SOURCE  conftest.c -lreadline  -lncursesw  >&5
/home/pebbles/.guix-profile/bin/ld: cannot find -lreadline: No such file or directory
collect2: error: ld returned 1 exit status
configure:3994: $? = 1
configure: failed program was:
| /* confdefs.h */
| #define PACKAGE_NAME "c3270"
| #define PACKAGE_TARNAME "c3270"
| #define PACKAGE_VERSION "4.3"
| #define PACKAGE_STRING "c3270 4.3"
| #define PACKAGE_BUGREPORT ""
| #define PACKAGE_URL ""
| #define HAVE_STDIO_H 1
| #define HAVE_STDLIB_H 1
| #define HAVE_STRING_H 1
| #define HAVE_INTTYPES_H 1
| #define HAVE_STDINT_H 1
| #define HAVE_STRINGS_H 1
| #define HAVE_SYS_STAT_H 1
| #define HAVE_SYS_TYPES_H 1
| #define HAVE_UNISTD_H 1
| #define STDC_HEADERS 1
| #define HAVE_SYS_SELECT_H 1
| #define HAVE_PTY_H 1
| #define HAVE_GETOPT_H 1
| #define HAVE_NCURSES_H 1
| #define HAVE_TERM_H 1
| #define HAVE_FORKPTY 1
| /* end confdefs.h.  */
| 
| /* Override any GCC internal prototype to avoid an error.
|    Use char because int might match the return type of a GCC
|    builtin and then its argument prototype would still apply.  */
| char rl_initialize ();
| int
| main (void)
| {
| return rl_initialize ();
|   ;
|   return 0;
| }
configure:4004: result: no
configure:4015: checking for library containing gethostbyname
configure:4045: gcc -o conftest -g -O2  -D_POSIX_SOURCE -D_BSD_SOURCE -D_DEFAULT_SOURCE -D_XOPEN_SOURCE  conftest.c -lncursesw  >&5
configure:4045: $? = 0
configure:4065: result: none required
configure:4074: checking for library containing socket
configure:4104: gcc -o conftest -g -O2  -D_POSIX_SOURCE -D_BSD_SOURCE -D_DEFAULT_SOURCE -D_XOPEN_SOURCE  conftest.c -lncursesw  >&5
configure:4104: $? = 0
configure:4124: result: none required
configure:4142: checking for use_default_colors
configure:4142: gcc -o conftest -g -O2  -D_POSIX_SOURCE -D_BSD_SOURCE -D_DEFAULT_SOURCE -D_XOPEN_SOURCE  conftest.c -lncursesw  >&5
configure:4142: $? = 0
configure:4142: result: yes
configure:4150: checking for vasprintf
configure:4150: gcc -o conftest -g -O2  -D_POSIX_SOURCE -D_BSD_SOURCE -D_DEFAULT_SOURCE -D_XOPEN_SOURCE  conftest.c -lncursesw  >&5
configure:4150: $? = 0
configure:4150: result: yes
configure:4157: checking for _LARGEFILE_SOURCE value needed for large files
configure:4177: gcc -o conftest -g -O2  -D_POSIX_SOURCE -D_BSD_SOURCE -D_DEFAULT_SOURCE -D_XOPEN_SOURCE  conftest.c -lncursesw  >&5
configure:4177: $? = 0
configure:4207: result: no
configure:4227: checking for library containing wadd_wch
configure:4257: gcc -o conftest -g -O2  -D_POSIX_SOURCE -D_BSD_SOURCE -D_DEFAULT_SOURCE -D_XOPEN_SOURCE  conftest.c -lncursesw  >&5
configure:4257: $? = 0
configure:4277: result: none required
configure:4292: checking for tiparm
configure:4292: gcc -o conftest -g -O2  -D_POSIX_SOURCE -D_BSD_SOURCE -D_DEFAULT_SOURCE -D_XOPEN_SOURCE  conftest.c -lncursesw  >&5
configure:4292: $? = 0
configure:4292: result: yes
configure:4302: checking for less
configure:4325: found /run/current-system/profile/bin/less
configure:4337: result: /run/current-system/profile/bin/less
configure:4349: checking for more
configure:4372: found /run/current-system/profile/bin/more
configure:4384: result: /run/current-system/profile/bin/more
configure:4532: creating ./config.status

## ---------------------- ##
## Running config.status. ##
## ---------------------- ##

This file was extended by c3270 config.status 4.3, which was
generated by GNU Autoconf 2.71.  Invocation command line was

  CONFIG_FILES    = 
  CONFIG_HEADERS  = 
  CONFIG_LINKS    = 
  CONFIG_COMMANDS = 
  $ ./config.status 

on mesa

config.status:824: creating Makefile
config.status:824: creating Makefile.obj
config.status:824: creating conf.h
config.status:999: conf.h is unchanged

## ---------------- ##
## Cache variables. ##
## ---------------- ##

ac_cv_build=x86_64-pc-linux-gnu
ac_cv_c_compiler_gnu=yes
ac_cv_env_CC_set=
ac_cv_env_CC_value=
ac_cv_env_CFLAGS_set=
ac_cv_env_CFLAGS_value=
ac_cv_env_CPPFLAGS_set=
ac_cv_env_CPPFLAGS_value=
ac_cv_env_LDFLAGS_set=
ac_cv_env_LDFLAGS_value=
ac_cv_env_LIBS_set=
ac_cv_env_LIBS_value=
ac_cv_env_build_alias_set=
ac_cv_env_build_alias_value=
ac_cv_env_host_alias_set=
ac_cv_env_host_alias_value=
ac_cv_env_target_alias_set=
ac_cv_env_target_alias_value=
ac_cv_func_forkpty=yes
ac_cv_func_tiparm=yes
ac_cv_func_use_default_colors=yes
ac_cv_func_vasprintf=yes
ac_cv_header_getopt_h=yes
ac_cv_header_inttypes_h=yes
ac_cv_header_libutil_h=no
ac_cv_header_ncurses_h=yes
ac_cv_header_ncurses_ncurses_h=no
ac_cv_header_ncurses_term_h=no
ac_cv_header_ncursesw_ncurses_h=no
ac_cv_header_ncursesw_term_h=no
ac_cv_header_pty_h=yes
ac_cv_header_readline_history_h=no
ac_cv_header_stdint_h=yes
ac_cv_header_stdio_h=yes
ac_cv_header_stdlib_h=yes
ac_cv_header_string_h=yes
ac_cv_header_strings_h=yes
ac_cv_header_sys_select_h=yes
ac_cv_header_sys_stat_h=yes
ac_cv_header_sys_types_h=yes
ac_cv_header_term_h=yes
ac_cv_header_unistd_h=yes
ac_cv_header_util_h=no
ac_cv_host=x86_64-pc-linux-gnu
ac_cv_lib_readline_rl_initialize=no
ac_cv_objext=o
ac_cv_path_LESSPATH=/run/current-system/profile/bin/less
ac_cv_path_MOREPATH=/run/current-system/profile/bin/more
ac_cv_path_install='/home/pebbles/.guix-profile/bin/install -c'
ac_cv_prog_ac_ct_CC=gcc
ac_cv_prog_cc_c11=
ac_cv_prog_cc_g=yes
ac_cv_prog_cc_stdc=
ac_cv_search_forkpty='none required'
ac_cv_search_gethostbyname='none required'
ac_cv_search_newterm=-lncursesw
ac_cv_search_setupterm='none required'
ac_cv_search_socket='none required'
ac_cv_search_wadd_wch='none required'
ac_cv_sys_largefile_source=no

## ----------------- ##
## Output variables. ##
## ----------------- ##

BROKEN_NEWTERM=''
BUILDCC=''
CC='gcc'
CCOPTIONS=' -Wall -Wsign-compare -std=c99 -pedantic -Wno-variadic-macros -MMD -MP'
CFLAGS='-g -O2'
CPPFLAGS=' -D_POSIX_SOURCE -D_BSD_SOURCE -D_DEFAULT_SOURCE -D_XOPEN_SOURCE'
CURSES_WIDE=''
DBCS='-DX3270_DBCS=1'
DEFS='-DHAVE_CONFIG_H'
ECHO_C=''
ECHO_N='-n'
ECHO_T=''
EXEEXT=''
INSTALL_DATA='${INSTALL} -m 644'
INSTALL_PROGRAM='${INSTALL}'
INSTALL_SCRIPT='${INSTALL}'
LDFLAGS=''
LESSPATH='/run/current-system/profile/bin/less'
LIBOBJS=''
LIBS='-lncursesw '
LIBX3270DIR='${sysconfdir}/x3270'
LTLIBOBJS=''
MOREPATH='/run/current-system/profile/bin/more'
OBJEXT='o'
PACKAGE_BUGREPORT=''
PACKAGE_NAME='c3270'
PACKAGE_STRING='c3270 4.3'
PACKAGE_TARNAME='c3270'
PACKAGE_URL=''
PACKAGE_VERSION='4.3'
PATH_SEPARATOR=':'
SHELL='/bin/sh'
ac_ct_CC='gcc'
bindir='${exec_prefix}/bin'
build='x86_64-pc-linux-gnu'
build_alias=''
build_cpu='x86_64'
build_os='linux-gnu'
build_vendor='pc'
datadir='${datarootdir}'
datarootdir='${prefix}/share'
docdir='${datarootdir}/doc/${PACKAGE_TARNAME}'
dvidir='${docdir}'
exec_prefix='${prefix}'
host='x86_64-pc-linux-gnu'
host_alias=''
host_cpu='x86_64'
host_os='linux-gnu'
host_vendor='pc'
htmldir='${docdir}'
includedir='${prefix}/include'
infodir='${datarootdir}/info'
libdir='${exec_prefix}/lib'
libexecdir='${exec_prefix}/libexec'
localedir='${datarootdir}/locale'
localstatedir='${prefix}/var'
mandir='${datarootdir}/man'
oldincludedir='/usr/include'
pdfdir='${docdir}'
prefix='/usr/local'
program_transform_name='s,x,x,'
psdir='${docdir}'
runstatedir='${localstatedir}/run'
sbindir='${exec_prefix}/sbin'
sharedstatedir='${prefix}/com'
sysconfdir='${prefix}/etc'
target_alias=''

## ----------- ##
## confdefs.h. ##
## ----------- ##

/* confdefs.h */
#define PACKAGE_NAME "c3270"
#define PACKAGE_TARNAME "c3270"
#define PACKAGE_VERSION "4.3"
#define PACKAGE_STRING "c3270 4.3"
#define PACKAGE_BUGREPORT ""
#define PACKAGE_URL ""
#define HAVE_STDIO_H 1
#define HAVE_STDLIB_H 1
#define HAVE_STRING_H 1
#define HAVE_INTTYPES_H 1
#define HAVE_STDINT_H 1
#define HAVE_STRINGS_H 1
#define HAVE_SYS_STAT_H 1
#define HAVE_SYS_TYPES_H 1
#define HAVE_UNISTD_H 1
#define STDC_HEADERS 1
#define HAVE_SYS_SELECT_H 1
#define HAVE_PTY_H 1
#define HAVE_GETOPT_H 1
#define HAVE_NCURSES_H 1
#define HAVE_TERM_H 1
#define HAVE_FORKPTY 1
#define HAVE_USE_DEFAULT_COLORS 1
#define HAVE_VASPRINTF 1
#define HAVE_FSEEKO 1
#define CURSES_WIDE 1
#define HAVE_TIPARM 1
#define LESSPATH "/run/current-system/profile/bin/less"
#define MOREPATH "/run/current-system/profile/bin/more"
#define X3270_DBCS 1
#define X3270_LOCAL_PROCESS 1

configure: exit 0
