This file contains any messages produced by compilers while
running configure, to aid debugging if configure makes a mistake.

It was created by tcl3270 configure 4.3, which was
generated by GNU Autoconf 2.71.  Invocation command line was

  $ ./configure --disable-option-checking --prefix=/usr/local --cache-file=/dev/null --srcdir=.

## --------- ##
## Platform. ##
## --------- ##

hostname = mesa
uname -m = x86_64
uname -r = 6.9.3
uname -s = Linux
uname -v = #1 SMP PREEMPT_DYNAMIC 1

/usr/bin/uname -p = unknown
/bin/uname -X     = unknown

/bin/arch              = unknown
/usr/bin/arch -k       = unknown
/usr/convex/getsysinfo = unknown
/usr/bin/hostinfo      = unknown
/bin/machine           = unknown
/usr/bin/oslevel       = unknown
/bin/universe          = unknown

PATH: /home/pebbles/.guix-profile/bin/
PATH: /home/pebbles/.guix-profile/sbin/
PATH: /run/setuid-programs/
PATH: /home/pebbles/.config/guix/current/bin/
PATH: /home/pebbles/.guix-profile/bin/
PATH: /home/pebbles/.guix-profile/sbin/
PATH: /run/current-system/profile/bin/
PATH: /run/current-system/profile/sbin/
PATH: /usr/bin/


## ----------- ##
## Core tests. ##
## ----------- ##

configure:2246: looking for aux files: config.guess config.sub install-sh
configure:2259:  trying ./
configure:2259:  trying ./../
configure:2288:   ./../config.guess found
configure:2288:   ./../config.sub found
configure:2270:   ./../install-sh found
configure:2417: checking for a BSD-compatible install
configure:2490: result: /home/pebbles/.guix-profile/bin/install -c
configure:2563: checking for gcc
configure:2584: found /home/pebbles/.guix-profile/bin/gcc
configure:2595: result: gcc
configure:2948: checking for C compiler version
configure:2957: gcc --version >&5
gcc (GCC) 13.3.0
Copyright (C) 2023 Free Software Foundation, Inc.
This is free software; see the source for copying conditions.  There is NO
warranty; not even for MERCHANTABILITY or FITNESS FOR A PARTICULAR PURPOSE.

configure:2968: $? = 0
configure:2957: gcc -v >&5
Using built-in specs.
COLLECT_GCC=gcc
COLLECT_LTO_WRAPPER=/gnu/store/s3gi3bhy5ijm927bjcrzl7c5dzayvwiy-gcc-13.3.0/libexec/gcc/x86_64-unknown-linux-gnu/13.3.0/lto-wrapper
Target: x86_64-unknown-linux-gnu
Configured with: 
Thread model: posix
Supported LTO compression algorithms: zlib
gcc version 13.3.0 (GCC) 
configure:2968: $? = 0
configure:2957: gcc -V >&5
gcc: error: unrecognized command-line option '-V'
gcc: fatal error: no input files
compilation terminated.
configure:2968: $? = 1
configure:2957: gcc -qversion >&5
gcc: error: unrecognized command-line option '-qversion'; did you mean '--version'?
gcc: fatal error: no input files
compilation terminated.
configure:2968: $? = 1
configure:2957: gcc -version >&5
gcc: error: unrecognized command-line option '-version'
gcc: fatal error: no input files
compilation terminated.
configure:2968: $? = 1
configure:2988: checking whether the C compiler works
configure:3010: gcc    conftest.c  >&5
configure:3014: $? = 0
configure:3064: result: yes
configure:3067: checking for C compiler default output file name
configure:3069: result: a.out
configure:3075: checking for suffix of executables
configure:3082: gcc -o conftest    conftest.c  >&5
configure:3086: $? = 0
configure:3109: result: 
configure:3131: checking whether we are cross compiling
configure:3139: gcc -o conftest    conftest.c  >&5
configure:3143: $? = 0
configure:3150: ./conftest
configure:3154: $? = 0
configure:3169: result: no
configure:3174: checking for suffix of object files
configure:3197: gcc -c   conftest.c >&5
configure:3201: $? = 0
configure:3223: result: o
configure:3227: checking whether the compiler supports GNU C
configure:3247: gcc -c   conftest.c >&5
configure:3247: $? = 0
configure:3257: result: yes
configure:3268: checking whether gcc accepts -g
configure:3289: gcc -c -g  conftest.c >&5
configure:3289: $? = 0
configure:3333: result: yes
configure:3353: checking for gcc option to enable C11 features
configure:3368: gcc  -c -g -O2  conftest.c >&5
configure:3368: $? = 0
configure:3386: result: none needed
configure:3503: checking build system type
configure:3518: result: x86_64-pc-linux-gnu
configure:3538: checking host system type
configure:3552: result: x86_64-pc-linux-gnu
configure:3594: checking for tclsh
configure:3615: found /home/pebbles/.guix-profile/bin/tclsh
configure:3627: result: yes
configure:3638: checking Tcl version
configure:3644: result: 8.6
configure:3651: checking for gawk
configure:3672: found /home/pebbles/.guix-profile/bin/gawk
configure:3683: result: gawk
configure:3705: checking for stdio.h
configure:3705: gcc -c -g -O2  -D_XOPEN_SOURCE -D_BSD_SOURCE -D_DEFAULT_SOURCE -D_GNU_SOURCE conftest.c >&5
configure:3705: $? = 0
configure:3705: result: yes
configure:3705: checking for stdlib.h
configure:3705: gcc -c -g -O2  -D_XOPEN_SOURCE -D_BSD_SOURCE -D_DEFAULT_SOURCE -D_GNU_SOURCE conftest.c >&5
configure:3705: $? = 0
configure:3705: result: yes
configure:3705: checking for string.h
configure:3705: gcc -c -g -O2  -D_XOPEN_SOURCE -D_BSD_SOURCE -D_DEFAULT_SOURCE -D_GNU_SOURCE conftest.c >&5
configure:3705: $? = 0
configure:3705: result: yes
configure:3705: checking for inttypes.h
configure:3705: gcc -c -g -O2  -D_XOPEN_SOURCE -D_BSD_SOURCE -D_DEFAULT_SOURCE -D_GNU_SOURCE conftest.c >&5
configure:3705: $? = 0
configure:3705: result: yes
configure:3705: checking for stdint.h
configure:3705: gcc -c -g -O2  -D_XOPEN_SOURCE -D_BSD_SOURCE -D_DEFAULT_SOURCE -D_GNU_SOURCE conftest.c >&5
configure:3705: $? = 0
configure:3705: result: yes
configure:3705: checking for strings.h
configure:3705: gcc -c -g -O2  -D_XOPEN_SOURCE -D_BSD_SOURCE -D_DEFAULT_SOURCE -D_GNU_SOURCE conftest.c >&5
configure:3705: $? = 0
configure:3705: result: yes
configure:3705: checking for sys/stat.h
configure:3705: gcc -c -g -O2  -D_XOPEN_SOURCE -D_BSD_SOURCE -D_DEFAULT_SOURCE -D_GNU_SOURCE conftest.c >&5
configure:3705: $? = 0
configure:3705: result: yes
configure:3705: checking for sys/types.h
configure:3705: gcc -c -g -O2  -D_XOPEN_SOURCE -D_BSD_SOURCE -D_DEFAULT_SOURCE -D_GNU_SOURCE conftest.c >&5
configure:3705: $? = 0
configure:3705: result: yes
configure:3705: checking for unistd.h
configure:3705: gcc -c -g -O2  -D_XOPEN_SOURCE -D_BSD_SOURCE -D_DEFAULT_SOURCE -D_GNU_SOURCE conftest.c >&5
configure:3705: $? = 0
configure:3705: result: yes
configure:3730: checking for util.h
configure:3730: gcc -c -g -O2  -D_XOPEN_SOURCE -D_BSD_SOURCE -D_DEFAULT_SOURCE -D_GNU_SOURCE conftest.c >&5
conftest.c:47:10: fatal error: util.h: No such file or directory
   47 | #include <util.h>
      |          ^~~~~~~~
compilation terminated.
configure:3730: $? = 1
configure: failed program was:
| /* confdefs.h */
| #define PACKAGE_NAME "tcl3270"
| #define PACKAGE_TARNAME "tcl3270"
| #define PACKAGE_VERSION "4.3"
| #define PACKAGE_STRING "tcl3270 4.3"
| #define PACKAGE_BUGREPORT ""
| #define PACKAGE_URL ""
| #define HAVE_STDIO_H 1
| #define HAVE_STDLIB_H 1
| #define HAVE_STRING_H 1
| #define HAVE_INTTYPES_H 1
| #define HAVE_STDINT_H 1
| #define HAVE_STRINGS_H 1
| #define HAVE_SYS_STAT_H 1
| #define HAVE_SYS_TYPES_H 1
| #define HAVE_UNISTD_H 1
| #define STDC_HEADERS 1
| /* end confdefs.h.  */
| #include <stddef.h>
| #ifdef HAVE_STDIO_H
| # include <stdio.h>
| #endif
| #ifdef HAVE_STDLIB_H
| # include <stdlib.h>
| #endif
| #ifdef HAVE_STRING_H
| # include <string.h>
| #endif
| #ifdef HAVE_INTTYPES_H
| # include <inttypes.h>
| #endif
| #ifdef HAVE_STDINT_H
| # include <stdint.h>
| #endif
| #ifdef HAVE_STRINGS_H
| # include <strings.h>
| #endif
| #ifdef HAVE_SYS_TYPES_H
| # include <sys/types.h>
| #endif
| #ifdef HAVE_SYS_STAT_H
| # include <sys/stat.h>
| #endif
| #ifdef HAVE_UNISTD_H
| # include <unistd.h>
| #endif
| #include <util.h>
configure:3730: result: no
configure:3739: checking for library containing pthread_create
configure:3769: gcc -o conftest -g -O2  -D_XOPEN_SOURCE -D_BSD_SOURCE -D_DEFAULT_SOURCE -D_GNU_SOURCE  conftest.c  >&5
configure:3769: $? = 0
configure:3789: result: none required
configure:3807: checking for tcl.h
configure:3807: gcc -c -g -O2  -D_XOPEN_SOURCE -D_BSD_SOURCE -D_DEFAULT_SOURCE -D_GNU_SOURCE -I/usr/local/include conftest.c >&5
configure:3807: $? = 0
configure:3807: result: yes
configure:3818: checking for vasprintf
configure:3818: gcc -o conftest -g -O2  -D_XOPEN_SOURCE -D_BSD_SOURCE -D_DEFAULT_SOURCE -D_GNU_SOURCE -I/usr/local/include  conftest.c  >&5
configure:3818: $? = 0
configure:3818: result: yes
configure:3825: checking for _LARGEFILE_SOURCE value needed for large files
configure:3845: gcc -o conftest -g -O2  -D_XOPEN_SOURCE -D_BSD_SOURCE -D_DEFAULT_SOURCE -D_GNU_SOURCE -I/usr/local/include  conftest.c  >&5
configure:3845: $? = 0
configure:3875: result: no
configure:3896: checking for library containing gethostbyname
configure:3926: gcc -o conftest -g -O2  -D_XOPEN_SOURCE -D_BSD_SOURCE -D_DEFAULT_SOURCE -D_GNU_SOURCE -I/usr/local/include  -lm conftest.c  >&5
configure:3926: $? = 0
configure:3946: result: none required
configure:3955: checking for library containing socket
configure:3985: gcc -o conftest -g -O2  -D_XOPEN_SOURCE -D_BSD_SOURCE -D_DEFAULT_SOURCE -D_GNU_SOURCE -I/usr/local/include  -lm conftest.c  >&5
configure:3985: $? = 0
configure:4005: result: none required
configure:4020: checking for Tcl_Init in -ltcl8.6
configure:4043: gcc -o conftest -g -O2  -D_XOPEN_SOURCE -D_BSD_SOURCE -D_DEFAULT_SOURCE -D_GNU_SOURCE -I/usr/local/include  -lm -L/usr/local/lib conftest.c -ltcl8.6   >&5
configure:4043: $? = 0
configure:4054: result: yes
configure:4255: creating ./config.status

## ---------------------- ##
## Running config.status. ##
## ---------------------- ##

This file was extended by tcl3270 config.status 4.3, which was
generated by GNU Autoconf 2.71.  Invocation command line was

  CONFIG_FILES    = 
  CONFIG_HEADERS  = 
  CONFIG_LINKS    = 
  CONFIG_COMMANDS = 
  $ ./config.status 

on mesa

config.status:813: creating Makefile
config.status:813: creating Makefile.obj
config.status:813: creating conf.h
config.status:988: conf.h is unchanged

## ---------------- ##
## Cache variables. ##
## ---------------- ##

ac_cv_build=x86_64-pc-linux-gnu
ac_cv_c_compiler_gnu=yes
ac_cv_env_CC_set=
ac_cv_env_CC_value=
ac_cv_env_CFLAGS_set=
ac_cv_env_CFLAGS_value=
ac_cv_env_CPPFLAGS_set=
ac_cv_env_CPPFLAGS_value=
ac_cv_env_LDFLAGS_set=
ac_cv_env_LDFLAGS_value=
ac_cv_env_LIBS_set=
ac_cv_env_LIBS_value=
ac_cv_env_build_alias_set=
ac_cv_env_build_alias_value=
ac_cv_env_host_alias_set=
ac_cv_env_host_alias_value=
ac_cv_env_target_alias_set=
ac_cv_env_target_alias_value=
ac_cv_func_vasprintf=yes
ac_cv_header_inttypes_h=yes
ac_cv_header_stdint_h=yes
ac_cv_header_stdio_h=yes
ac_cv_header_stdlib_h=yes
ac_cv_header_string_h=yes
ac_cv_header_strings_h=yes
ac_cv_header_sys_stat_h=yes
ac_cv_header_sys_types_h=yes
ac_cv_header_tcl_h=yes
ac_cv_header_unistd_h=yes
ac_cv_header_util_h=no
ac_cv_host=x86_64-pc-linux-gnu
ac_cv_lib_tcl8_6_Tcl_Init=yes
ac_cv_objext=o
ac_cv_path_install='/home/pebbles/.guix-profile/bin/install -c'
ac_cv_prog_AWK=gawk
ac_cv_prog_ac_ct_CC=gcc
ac_cv_prog_cc_c11=
ac_cv_prog_cc_g=yes
ac_cv_prog_cc_stdc=
ac_cv_prog_tclsh=yes
ac_cv_search_gethostbyname='none required'
ac_cv_search_pthread_create='none required'
ac_cv_search_socket='none required'
ac_cv_sys_largefile_source=no

## ----------------- ##
## Output variables. ##
## ----------------- ##

AWK='gawk'
BUILDCC=''
CC='gcc'
CCOPTIONS=' -Wall -Wsign-compare -std=c99 -pedantic -Wno-variadic-macros -Wno-long-long -MMD -MP'
CFLAGS='-g -O2'
CPPFLAGS=' -D_XOPEN_SOURCE -D_BSD_SOURCE -D_DEFAULT_SOURCE -D_GNU_SOURCE -I/usr/local/include'
DEFS='-DHAVE_CONFIG_H'
ECHO_C=''
ECHO_N='-n'
ECHO_T=''
EXEEXT=''
INSTALL_DATA='${INSTALL} -m 644'
INSTALL_PROGRAM='${INSTALL}'
INSTALL_SCRIPT='${INSTALL}'
LDFLAGS=' -lm -L/usr/local/lib'
LIBOBJS=''
LIBS='-ltcl8.6 '
LIBX3270DIR='${sysconfdir}/x3270'
LTLIBOBJS=''
OBJEXT='o'
PACKAGE_BUGREPORT=''
PACKAGE_NAME='tcl3270'
PACKAGE_STRING='tcl3270 4.3'
PACKAGE_TARNAME='tcl3270'
PACKAGE_URL=''
PACKAGE_VERSION='4.3'
PATH_SEPARATOR=':'
SHELL='/bin/sh'
ac_ct_CC='gcc'
bindir='${exec_prefix}/bin'
build='x86_64-pc-linux-gnu'
build_alias=''
build_cpu='x86_64'
build_os='linux-gnu'
build_vendor='pc'
datadir='${datarootdir}'
datarootdir='${prefix}/share'
docdir='${datarootdir}/doc/${PACKAGE_TARNAME}'
dvidir='${docdir}'
exec_prefix='${prefix}'
host='x86_64-pc-linux-gnu'
host_alias=''
host_cpu='x86_64'
host_os='linux-gnu'
host_vendor='pc'
htmldir='${docdir}'
includedir='${prefix}/include'
infodir='${datarootdir}/info'
libdir='${exec_prefix}/lib'
libexecdir='${exec_prefix}/libexec'
localedir='${datarootdir}/locale'
localstatedir='${prefix}/var'
mandir='${datarootdir}/man'
oldincludedir='/usr/include'
pdfdir='${docdir}'
prefix='/usr/local'
program_transform_name='s,x,x,'
psdir='${docdir}'
runstatedir='${localstatedir}/run'
sbindir='${exec_prefix}/sbin'
sharedstatedir='${prefix}/com'
sysconfdir='${prefix}/etc'
target_alias=''
tclsh='yes'

## ----------- ##
## confdefs.h. ##
## ----------- ##

/* confdefs.h */
#define PACKAGE_NAME "tcl3270"
#define PACKAGE_TARNAME "tcl3270"
#define PACKAGE_VERSION "4.3"
#define PACKAGE_STRING "tcl3270 4.3"
#define PACKAGE_BUGREPORT ""
#define PACKAGE_URL ""
#define HAVE_STDIO_H 1
#define HAVE_STDLIB_H 1
#define HAVE_STRING_H 1
#define HAVE_INTTYPES_H 1
#define HAVE_STDINT_H 1
#define HAVE_STRINGS_H 1
#define HAVE_SYS_STAT_H 1
#define HAVE_SYS_TYPES_H 1
#define HAVE_UNISTD_H 1
#define STDC_HEADERS 1
#define HAVE_TCL_H 1
#define HAVE_VASPRINTF 1
#define HAVE_FSEEKO 1
#define HAVE_LIBTCL8_6 1
#define X3270_DBCS 1
#define X3270_LOCAL_PROCESS 1

configure: exit 0
