This file contains any messages produced by compilers while
running configure, to aid debugging if configure makes a mistake.

It was created by lib configure 4.3, which was
generated by GNU Autoconf 2.71.  Invocation command line was

  $ ./configure --disable-option-checking --prefix=/usr/local --cache-file=/dev/null --srcdir=.

## --------- ##
## Platform. ##
## --------- ##

hostname = mesa
uname -m = x86_64
uname -r = 6.9.3
uname -s = Linux
uname -v = #1 SMP PREEMPT_DYNAMIC 1

/usr/bin/uname -p = unknown
/bin/uname -X     = unknown

/bin/arch              = unknown
/usr/bin/arch -k       = unknown
/usr/convex/getsysinfo = unknown
/usr/bin/hostinfo      = unknown
/bin/machine           = unknown
/usr/bin/oslevel       = unknown
/bin/universe          = unknown

PATH: /home/pebbles/.guix-profile/bin/
PATH: /home/pebbles/.guix-profile/sbin/
PATH: /run/setuid-programs/
PATH: /home/pebbles/.config/guix/current/bin/
PATH: /home/pebbles/.guix-profile/bin/
PATH: /home/pebbles/.guix-profile/sbin/
PATH: /run/current-system/profile/bin/
PATH: /run/current-system/profile/sbin/
PATH: /usr/bin/


## ----------- ##
## Core tests. ##
## ----------- ##

configure:2324: looking for aux files: config.guess config.sub install-sh
configure:2337:  trying ./
configure:2337:  trying ./../
configure:2366:   ./../config.guess found
configure:2366:   ./../config.sub found
configure:2348:   ./../install-sh found
configure:2495: checking for a BSD-compatible install
configure:2568: result: /home/pebbles/.guix-profile/bin/install -c
configure:2641: checking for gcc
configure:2662: found /home/pebbles/.guix-profile/bin/gcc
configure:2673: result: gcc
configure:3026: checking for C compiler version
configure:3035: gcc --version >&5
gcc (GCC) 13.3.0
Copyright (C) 2023 Free Software Foundation, Inc.
This is free software; see the source for copying conditions.  There is NO
warranty; not even for MERCHANTABILITY or FITNESS FOR A PARTICULAR PURPOSE.

configure:3046: $? = 0
configure:3035: gcc -v >&5
Using built-in specs.
COLLECT_GCC=gcc
COLLECT_LTO_WRAPPER=/gnu/store/s3gi3bhy5ijm927bjcrzl7c5dzayvwiy-gcc-13.3.0/libexec/gcc/x86_64-unknown-linux-gnu/13.3.0/lto-wrapper
Target: x86_64-unknown-linux-gnu
Configured with: 
Thread model: posix
Supported LTO compression algorithms: zlib
gcc version 13.3.0 (GCC) 
configure:3046: $? = 0
configure:3035: gcc -V >&5
gcc: error: unrecognized command-line option '-V'
gcc: fatal error: no input files
compilation terminated.
configure:3046: $? = 1
configure:3035: gcc -qversion >&5
gcc: error: unrecognized command-line option '-qversion'; did you mean '--version'?
gcc: fatal error: no input files
compilation terminated.
configure:3046: $? = 1
configure:3035: gcc -version >&5
gcc: error: unrecognized command-line option '-version'
gcc: fatal error: no input files
compilation terminated.
configure:3046: $? = 1
configure:3066: checking whether the C compiler works
configure:3088: gcc    conftest.c  >&5
configure:3092: $? = 0
configure:3142: result: yes
configure:3145: checking for C compiler default output file name
configure:3147: result: a.out
configure:3153: checking for suffix of executables
configure:3160: gcc -o conftest    conftest.c  >&5
configure:3164: $? = 0
configure:3187: result: 
configure:3209: checking whether we are cross compiling
configure:3217: gcc -o conftest    conftest.c  >&5
configure:3221: $? = 0
configure:3228: ./conftest
configure:3232: $? = 0
configure:3247: result: no
configure:3252: checking for suffix of object files
configure:3275: gcc -c   conftest.c >&5
configure:3279: $? = 0
configure:3301: result: o
configure:3305: checking whether the compiler supports GNU C
configure:3325: gcc -c   conftest.c >&5
configure:3325: $? = 0
configure:3335: result: yes
configure:3346: checking whether gcc accepts -g
configure:3367: gcc -c -g  conftest.c >&5
configure:3367: $? = 0
configure:3411: result: yes
configure:3431: checking for gcc option to enable C11 features
configure:3446: gcc  -c -g -O2  conftest.c >&5
configure:3446: $? = 0
configure:3464: result: none needed
configure:3622: checking for ranlib
configure:3643: found /home/pebbles/.guix-profile/bin/ranlib
configure:3654: result: ranlib
configure:3676: checking for grep that handles long lines and -e
configure:3740: result: /run/current-system/profile/bin/grep
configure:3745: checking for egrep
configure:3813: result: /run/current-system/profile/bin/grep -E
configure:3872: checking for ar
configure:3893: found /home/pebbles/.guix-profile/bin/ar
configure:3904: result: ar
configure:3935: checking build system type
configure:3950: result: x86_64-pc-linux-gnu
configure:3970: checking host system type
configure:3984: result: x86_64-pc-linux-gnu
configure:4039: checking for stdio.h
configure:4039: gcc -c -g -O2  -D_POSIX_SOURCE -D_BSD_SOURCE -D_DEFAULT_SOURCE -D_XOPEN_SOURCE -D_GNU_SOURCE conftest.c >&5
configure:4039: $? = 0
configure:4039: result: yes
configure:4039: checking for stdlib.h
configure:4039: gcc -c -g -O2  -D_POSIX_SOURCE -D_BSD_SOURCE -D_DEFAULT_SOURCE -D_XOPEN_SOURCE -D_GNU_SOURCE conftest.c >&5
configure:4039: $? = 0
configure:4039: result: yes
configure:4039: checking for string.h
configure:4039: gcc -c -g -O2  -D_POSIX_SOURCE -D_BSD_SOURCE -D_DEFAULT_SOURCE -D_XOPEN_SOURCE -D_GNU_SOURCE conftest.c >&5
configure:4039: $? = 0
configure:4039: result: yes
configure:4039: checking for inttypes.h
configure:4039: gcc -c -g -O2  -D_POSIX_SOURCE -D_BSD_SOURCE -D_DEFAULT_SOURCE -D_XOPEN_SOURCE -D_GNU_SOURCE conftest.c >&5
configure:4039: $? = 0
configure:4039: result: yes
configure:4039: checking for stdint.h
configure:4039: gcc -c -g -O2  -D_POSIX_SOURCE -D_BSD_SOURCE -D_DEFAULT_SOURCE -D_XOPEN_SOURCE -D_GNU_SOURCE conftest.c >&5
configure:4039: $? = 0
configure:4039: result: yes
configure:4039: checking for strings.h
configure:4039: gcc -c -g -O2  -D_POSIX_SOURCE -D_BSD_SOURCE -D_DEFAULT_SOURCE -D_XOPEN_SOURCE -D_GNU_SOURCE conftest.c >&5
configure:4039: $? = 0
configure:4039: result: yes
configure:4039: checking for sys/stat.h
configure:4039: gcc -c -g -O2  -D_POSIX_SOURCE -D_BSD_SOURCE -D_DEFAULT_SOURCE -D_XOPEN_SOURCE -D_GNU_SOURCE conftest.c >&5
configure:4039: $? = 0
configure:4039: result: yes
configure:4039: checking for sys/types.h
configure:4039: gcc -c -g -O2  -D_POSIX_SOURCE -D_BSD_SOURCE -D_DEFAULT_SOURCE -D_XOPEN_SOURCE -D_GNU_SOURCE conftest.c >&5
configure:4039: $? = 0
configure:4039: result: yes
configure:4039: checking for unistd.h
configure:4039: gcc -c -g -O2  -D_POSIX_SOURCE -D_BSD_SOURCE -D_DEFAULT_SOURCE -D_XOPEN_SOURCE -D_GNU_SOURCE conftest.c >&5
configure:4039: $? = 0
configure:4039: result: yes
configure:4064: checking for sys/select.h
configure:4064: gcc -c -g -O2  -D_POSIX_SOURCE -D_BSD_SOURCE -D_DEFAULT_SOURCE -D_XOPEN_SOURCE -D_GNU_SOURCE conftest.c >&5
configure:4064: $? = 0
configure:4064: result: yes
configure:4071: checking for readline/history.h
configure:4071: gcc -c -g -O2  -D_POSIX_SOURCE -D_BSD_SOURCE -D_DEFAULT_SOURCE -D_XOPEN_SOURCE -D_GNU_SOURCE conftest.c >&5
conftest.c:48:10: fatal error: readline/history.h: No such file or directory
   48 | #include <readline/history.h>
      |          ^~~~~~~~~~~~~~~~~~~~
compilation terminated.
configure:4071: $? = 1
configure: failed program was:
| /* confdefs.h */
| #define PACKAGE_NAME "lib"
| #define PACKAGE_TARNAME "lib"
| #define PACKAGE_VERSION "4.3"
| #define PACKAGE_STRING "lib 4.3"
| #define PACKAGE_BUGREPORT ""
| #define PACKAGE_URL ""
| #define HAVE_STDIO_H 1
| #define HAVE_STDLIB_H 1
| #define HAVE_STRING_H 1
| #define HAVE_INTTYPES_H 1
| #define HAVE_STDINT_H 1
| #define HAVE_STRINGS_H 1
| #define HAVE_SYS_STAT_H 1
| #define HAVE_SYS_TYPES_H 1
| #define HAVE_UNISTD_H 1
| #define STDC_HEADERS 1
| #define HAVE_SYS_SELECT_H 1
| /* end confdefs.h.  */
| #include <stddef.h>
| #ifdef HAVE_STDIO_H
| # include <stdio.h>
| #endif
| #ifdef HAVE_STDLIB_H
| # include <stdlib.h>
| #endif
| #ifdef HAVE_STRING_H
| # include <string.h>
| #endif
| #ifdef HAVE_INTTYPES_H
| # include <inttypes.h>
| #endif
| #ifdef HAVE_STDINT_H
| # include <stdint.h>
| #endif
| #ifdef HAVE_STRINGS_H
| # include <strings.h>
| #endif
| #ifdef HAVE_SYS_TYPES_H
| # include <sys/types.h>
| #endif
| #ifdef HAVE_SYS_STAT_H
| # include <sys/stat.h>
| #endif
| #ifdef HAVE_UNISTD_H
| # include <unistd.h>
| #endif
| #include <readline/history.h>
configure:4071: result: no
configure:4078: checking for pty.h
configure:4078: gcc -c -g -O2  -D_POSIX_SOURCE -D_BSD_SOURCE -D_DEFAULT_SOURCE -D_XOPEN_SOURCE -D_GNU_SOURCE conftest.c >&5
configure:4078: $? = 0
configure:4078: result: yes
configure:4085: checking for libutil.h
configure:4085: gcc -c -g -O2  -D_POSIX_SOURCE -D_BSD_SOURCE -D_DEFAULT_SOURCE -D_XOPEN_SOURCE -D_GNU_SOURCE conftest.c >&5
conftest.c:49:10: fatal error: libutil.h: No such file or directory
   49 | #include <libutil.h>
      |          ^~~~~~~~~~~
compilation terminated.
configure:4085: $? = 1
configure: failed program was:
| /* confdefs.h */
| #define PACKAGE_NAME "lib"
| #define PACKAGE_TARNAME "lib"
| #define PACKAGE_VERSION "4.3"
| #define PACKAGE_STRING "lib 4.3"
| #define PACKAGE_BUGREPORT ""
| #define PACKAGE_URL ""
| #define HAVE_STDIO_H 1
| #define HAVE_STDLIB_H 1
| #define HAVE_STRING_H 1
| #define HAVE_INTTYPES_H 1
| #define HAVE_STDINT_H 1
| #define HAVE_STRINGS_H 1
| #define HAVE_SYS_STAT_H 1
| #define HAVE_SYS_TYPES_H 1
| #define HAVE_UNISTD_H 1
| #define STDC_HEADERS 1
| #define HAVE_SYS_SELECT_H 1
| #define HAVE_PTY_H 1
| /* end confdefs.h.  */
| #include <stddef.h>
| #ifdef HAVE_STDIO_H
| # include <stdio.h>
| #endif
| #ifdef HAVE_STDLIB_H
| # include <stdlib.h>
| #endif
| #ifdef HAVE_STRING_H
| # include <string.h>
| #endif
| #ifdef HAVE_INTTYPES_H
| # include <inttypes.h>
| #endif
| #ifdef HAVE_STDINT_H
| # include <stdint.h>
| #endif
| #ifdef HAVE_STRINGS_H
| # include <strings.h>
| #endif
| #ifdef HAVE_SYS_TYPES_H
| # include <sys/types.h>
| #endif
| #ifdef HAVE_SYS_STAT_H
| # include <sys/stat.h>
| #endif
| #ifdef HAVE_UNISTD_H
| # include <unistd.h>
| #endif
| #include <libutil.h>
configure:4085: result: no
configure:4092: checking for util.h
configure:4092: gcc -c -g -O2  -D_POSIX_SOURCE -D_BSD_SOURCE -D_DEFAULT_SOURCE -D_XOPEN_SOURCE -D_GNU_SOURCE conftest.c >&5
conftest.c:49:10: fatal error: util.h: No such file or directory
   49 | #include <util.h>
      |          ^~~~~~~~
compilation terminated.
configure:4092: $? = 1
configure: failed program was:
| /* confdefs.h */
| #define PACKAGE_NAME "lib"
| #define PACKAGE_TARNAME "lib"
| #define PACKAGE_VERSION "4.3"
| #define PACKAGE_STRING "lib 4.3"
| #define PACKAGE_BUGREPORT ""
| #define PACKAGE_URL ""
| #define HAVE_STDIO_H 1
| #define HAVE_STDLIB_H 1
| #define HAVE_STRING_H 1
| #define HAVE_INTTYPES_H 1
| #define HAVE_STDINT_H 1
| #define HAVE_STRINGS_H 1
| #define HAVE_SYS_STAT_H 1
| #define HAVE_SYS_TYPES_H 1
| #define HAVE_UNISTD_H 1
| #define STDC_HEADERS 1
| #define HAVE_SYS_SELECT_H 1
| #define HAVE_PTY_H 1
| /* end confdefs.h.  */
| #include <stddef.h>
| #ifdef HAVE_STDIO_H
| # include <stdio.h>
| #endif
| #ifdef HAVE_STDLIB_H
| # include <stdlib.h>
| #endif
| #ifdef HAVE_STRING_H
| # include <string.h>
| #endif
| #ifdef HAVE_INTTYPES_H
| # include <inttypes.h>
| #endif
| #ifdef HAVE_STDINT_H
| # include <stdint.h>
| #endif
| #ifdef HAVE_STRINGS_H
| # include <strings.h>
| #endif
| #ifdef HAVE_SYS_TYPES_H
| # include <sys/types.h>
| #endif
| #ifdef HAVE_SYS_STAT_H
| # include <sys/stat.h>
| #endif
| #ifdef HAVE_UNISTD_H
| # include <unistd.h>
| #endif
| #include <util.h>
configure:4092: result: no
configure:4099: checking for getopt.h
configure:4099: gcc -c -g -O2  -D_POSIX_SOURCE -D_BSD_SOURCE -D_DEFAULT_SOURCE -D_XOPEN_SOURCE -D_GNU_SOURCE conftest.c >&5
configure:4099: $? = 0
configure:4099: result: yes
configure:4106: checking for malloc.h
configure:4106: gcc -c -g -O2  -D_POSIX_SOURCE -D_BSD_SOURCE -D_DEFAULT_SOURCE -D_XOPEN_SOURCE -D_GNU_SOURCE conftest.c >&5
configure:4106: $? = 0
configure:4106: result: yes
configure:4113: checking for langinfo.h
configure:4113: gcc -c -g -O2  -D_POSIX_SOURCE -D_BSD_SOURCE -D_DEFAULT_SOURCE -D_XOPEN_SOURCE -D_GNU_SOURCE conftest.c >&5
configure:4113: $? = 0
configure:4113: result: yes
configure:4192: checking for openssl/ssl.h
configure:4192: gcc -c -g -O2  -D_POSIX_SOURCE -D_BSD_SOURCE -D_DEFAULT_SOURCE -D_XOPEN_SOURCE -D_GNU_SOURCE conftest.c >&5
configure:4192: $? = 0
configure:4192: result: yes
configure:4218: checking for gcc options needed to detect all undeclared functions
configure:4240: gcc -c -g -O2   -D_POSIX_SOURCE -D_BSD_SOURCE -D_DEFAULT_SOURCE -D_XOPEN_SOURCE -D_GNU_SOURCE conftest.c >&5
conftest.c: In function 'main':
conftest.c:29:8: error: 'strchr' undeclared (first use in this function)
   29 | (void) strchr;
      |        ^~~~~~
conftest.c:1:1: note: 'strchr' is defined in header '<string.h>'; did you forget to '#include <string.h>'?
    1 | /* confdefs.h */
conftest.c:29:8: note: each undeclared identifier is reported only once for each function it appears in
   29 | (void) strchr;
      |        ^~~~~~
configure:4240: $? = 1
configure: failed program was:
| /* confdefs.h */
| #define PACKAGE_NAME "lib"
| #define PACKAGE_TARNAME "lib"
| #define PACKAGE_VERSION "4.3"
| #define PACKAGE_STRING "lib 4.3"
| #define PACKAGE_BUGREPORT ""
| #define PACKAGE_URL ""
| #define HAVE_STDIO_H 1
| #define HAVE_STDLIB_H 1
| #define HAVE_STRING_H 1
| #define HAVE_INTTYPES_H 1
| #define HAVE_STDINT_H 1
| #define HAVE_STRINGS_H 1
| #define HAVE_SYS_STAT_H 1
| #define HAVE_SYS_TYPES_H 1
| #define HAVE_UNISTD_H 1
| #define STDC_HEADERS 1
| #define HAVE_SYS_SELECT_H 1
| #define HAVE_PTY_H 1
| #define HAVE_GETOPT_H 1
| #define HAVE_MALLOC_H 1
| #define HAVE_LANGINFO_H 1
| #define HAVE_OPENSSL_SSL_H 1
| /* end confdefs.h.  */
| 
| int
| main (void)
| {
| (void) strchr;
|   ;
|   return 0;
| }
configure:4267: gcc -c -g -O2   -D_POSIX_SOURCE -D_BSD_SOURCE -D_DEFAULT_SOURCE -D_XOPEN_SOURCE -D_GNU_SOURCE conftest.c >&5
configure:4267: $? = 0
configure:4284: result: none needed
configure:4298: checking whether __STDC_ISO_10646__ is declared
configure:4298: gcc -c -g -O2   -D_POSIX_SOURCE -D_BSD_SOURCE -D_DEFAULT_SOURCE -D_XOPEN_SOURCE -D_GNU_SOURCE conftest.c >&5
configure:4298: $? = 0
configure:4298: result: yes
configure:4330: checking for library containing forkpty
configure:4360: gcc -o conftest -g -O2  -D_POSIX_SOURCE -D_BSD_SOURCE -D_DEFAULT_SOURCE -D_XOPEN_SOURCE -D_GNU_SOURCE  conftest.c  >&5
configure:4360: $? = 0
configure:4380: result: none required
configure:4389: checking for forkpty
configure:4389: gcc -o conftest -g -O2  -D_POSIX_SOURCE -D_BSD_SOURCE -D_DEFAULT_SOURCE -D_XOPEN_SOURCE -D_GNU_SOURCE  conftest.c  >&5
configure:4389: $? = 0
configure:4389: result: yes
configure:4396: checking for library containing gethostbyname
configure:4426: gcc -o conftest -g -O2  -D_POSIX_SOURCE -D_BSD_SOURCE -D_DEFAULT_SOURCE -D_XOPEN_SOURCE -D_GNU_SOURCE  conftest.c  >&5
configure:4426: $? = 0
configure:4446: result: none required
configure:4455: checking for library containing socket
configure:4485: gcc -o conftest -g -O2  -D_POSIX_SOURCE -D_BSD_SOURCE -D_DEFAULT_SOURCE -D_XOPEN_SOURCE -D_GNU_SOURCE  conftest.c  >&5
configure:4485: $? = 0
configure:4505: result: none required
configure:4514: checking for iconv.h
configure:4514: gcc -c -g -O2  -D_POSIX_SOURCE -D_BSD_SOURCE -D_DEFAULT_SOURCE -D_XOPEN_SOURCE -D_GNU_SOURCE conftest.c >&5
configure:4514: $? = 0
configure:4514: result: yes
configure:4521: checking for library containing libiconv
configure:4551: gcc -o conftest -g -O2  -D_POSIX_SOURCE -D_BSD_SOURCE -D_DEFAULT_SOURCE -D_XOPEN_SOURCE -D_GNU_SOURCE  conftest.c  >&5
/home/pebbles/.guix-profile/bin/ld: /tmp/ccCg3w07.o: in function `main':
/home/pebbles/Downloads/suite3270-4.3/lib/conftest.c:36: undefined reference to `libiconv'
collect2: error: ld returned 1 exit status
configure:4551: $? = 1
configure: failed program was:
| /* confdefs.h */
| #define PACKAGE_NAME "lib"
| #define PACKAGE_TARNAME "lib"
| #define PACKAGE_VERSION "4.3"
| #define PACKAGE_STRING "lib 4.3"
| #define PACKAGE_BUGREPORT ""
| #define PACKAGE_URL ""
| #define HAVE_STDIO_H 1
| #define HAVE_STDLIB_H 1
| #define HAVE_STRING_H 1
| #define HAVE_INTTYPES_H 1
| #define HAVE_STDINT_H 1
| #define HAVE_STRINGS_H 1
| #define HAVE_SYS_STAT_H 1
| #define HAVE_SYS_TYPES_H 1
| #define HAVE_UNISTD_H 1
| #define STDC_HEADERS 1
| #define HAVE_SYS_SELECT_H 1
| #define HAVE_PTY_H 1
| #define HAVE_GETOPT_H 1
| #define HAVE_MALLOC_H 1
| #define HAVE_LANGINFO_H 1
| #define HAVE_OPENSSL_SSL_H 1
| #define HAVE_DECL___STDC_ISO_10646__ 1
| #define HAVE_FORKPTY 1
| #define HAVE_ICONV_H 1
| /* end confdefs.h.  */
| 
| /* Override any GCC internal prototype to avoid an error.
|    Use char because int might match the return type of a GCC
|    builtin and then its argument prototype would still apply.  */
| char libiconv ();
| int
| main (void)
| {
| return libiconv ();
|   ;
|   return 0;
| }
configure:4551: gcc -o conftest -g -O2  -D_POSIX_SOURCE -D_BSD_SOURCE -D_DEFAULT_SOURCE -D_XOPEN_SOURCE -D_GNU_SOURCE  conftest.c -liconv   >&5
/home/pebbles/.guix-profile/bin/ld: cannot find -liconv: No such file or directory
collect2: error: ld returned 1 exit status
configure:4551: $? = 1
configure: failed program was:
| /* confdefs.h */
| #define PACKAGE_NAME "lib"
| #define PACKAGE_TARNAME "lib"
| #define PACKAGE_VERSION "4.3"
| #define PACKAGE_STRING "lib 4.3"
| #define PACKAGE_BUGREPORT ""
| #define PACKAGE_URL ""
| #define HAVE_STDIO_H 1
| #define HAVE_STDLIB_H 1
| #define HAVE_STRING_H 1
| #define HAVE_INTTYPES_H 1
| #define HAVE_STDINT_H 1
| #define HAVE_STRINGS_H 1
| #define HAVE_SYS_STAT_H 1
| #define HAVE_SYS_TYPES_H 1
| #define HAVE_UNISTD_H 1
| #define STDC_HEADERS 1
| #define HAVE_SYS_SELECT_H 1
| #define HAVE_PTY_H 1
| #define HAVE_GETOPT_H 1
| #define HAVE_MALLOC_H 1
| #define HAVE_LANGINFO_H 1
| #define HAVE_OPENSSL_SSL_H 1
| #define HAVE_DECL___STDC_ISO_10646__ 1
| #define HAVE_FORKPTY 1
| #define HAVE_ICONV_H 1
| /* end confdefs.h.  */
| 
| /* Override any GCC internal prototype to avoid an error.
|    Use char because int might match the return type of a GCC
|    builtin and then its argument prototype would still apply.  */
| char libiconv ();
| int
| main (void)
| {
| return libiconv ();
|   ;
|   return 0;
| }
configure:4571: result: no
configure:4579: checking for library containing iconv
configure:4609: gcc -o conftest -g -O2  -D_POSIX_SOURCE -D_BSD_SOURCE -D_DEFAULT_SOURCE -D_XOPEN_SOURCE -D_GNU_SOURCE  conftest.c  >&5
configure:4609: $? = 0
configure:4629: result: none required
configure:4642: checking for library containing getaddrinfo_a
configure:4672: gcc -o conftest -g -O2  -D_POSIX_SOURCE -D_BSD_SOURCE -D_DEFAULT_SOURCE -D_XOPEN_SOURCE -D_GNU_SOURCE  conftest.c  >&5
configure:4672: $? = 0
configure:4692: result: none required
configure:4708: checking for vasprintf
configure:4708: gcc -o conftest -g -O2  -D_POSIX_SOURCE -D_BSD_SOURCE -D_DEFAULT_SOURCE -D_XOPEN_SOURCE -D_GNU_SOURCE  conftest.c  >&5
configure:4708: $? = 0
configure:4708: result: yes
configure:4715: checking for malloc_usable_size
configure:4715: gcc -o conftest -g -O2  -D_POSIX_SOURCE -D_BSD_SOURCE -D_DEFAULT_SOURCE -D_XOPEN_SOURCE -D_GNU_SOURCE  conftest.c  >&5
configure:4715: $? = 0
configure:4715: result: yes
configure:4722: checking for _LARGEFILE_SOURCE value needed for large files
configure:4742: gcc -o conftest -g -O2  -D_POSIX_SOURCE -D_BSD_SOURCE -D_DEFAULT_SOURCE -D_XOPEN_SOURCE -D_GNU_SOURCE  conftest.c  >&5
configure:4742: $? = 0
configure:4772: result: no
configure:4817: checking for CRYPTO_malloc in -lcrypto
configure:4840: gcc -o conftest -g -O2  -D_POSIX_SOURCE -D_BSD_SOURCE -D_DEFAULT_SOURCE -D_XOPEN_SOURCE -D_GNU_SOURCE  conftest.c -lcrypto   >&5
configure:4840: $? = 0
configure:4850: result: yes
configure:4863: checking for SSL_new in -lssl
configure:4886: gcc -o conftest -g -O2  -D_POSIX_SOURCE -D_BSD_SOURCE -D_DEFAULT_SOURCE -D_XOPEN_SOURCE -D_GNU_SOURCE  conftest.c -lssl  -lcrypto  >&5
configure:4886: $? = 0
configure:4896: result: yes
configure:5085: creating ./config.status

## ---------------------- ##
## Running config.status. ##
## ---------------------- ##

This file was extended by lib config.status 4.3, which was
generated by GNU Autoconf 2.71.  Invocation command line was

  CONFIG_FILES    = 
  CONFIG_HEADERS  = 
  CONFIG_LINKS    = 
  CONFIG_COMMANDS = 
  $ ./config.status 

on mesa

config.status:845: creating 3270/Makefile
config.status:845: creating 3270/Makefile.obj
config.status:845: creating 3270/Makefile.test
config.status:845: creating 3270/Makefile.test.obj
config.status:845: creating 3270i/Makefile
config.status:845: creating 3270i/Makefile.obj
config.status:845: creating 32xx/Makefile
config.status:845: creating 32xx/Makefile.obj
config.status:845: creating 32xx/Makefile.test
config.status:845: creating 32xx/Makefile.test.obj
config.status:845: creating 3270stubs/Makefile
config.status:845: creating 3270stubs/Makefile.obj
config.status:845: creating 32xx/32xx-deplibs.mk
config.status:845: creating include/unix/conf.h
config.status:1020: include/unix/conf.h is unchanged

## ---------------- ##
## Cache variables. ##
## ---------------- ##

ac_cv_build=x86_64-pc-linux-gnu
ac_cv_c_compiler_gnu=yes
ac_cv_c_undeclared_builtin_options='none needed'
ac_cv_env_CC_set=
ac_cv_env_CC_value=
ac_cv_env_CFLAGS_set=
ac_cv_env_CFLAGS_value=
ac_cv_env_CPPFLAGS_set=
ac_cv_env_CPPFLAGS_value=
ac_cv_env_LDFLAGS_set=
ac_cv_env_LDFLAGS_value=
ac_cv_env_LIBS_set=
ac_cv_env_LIBS_value=
ac_cv_env_build_alias_set=
ac_cv_env_build_alias_value=
ac_cv_env_host_alias_set=
ac_cv_env_host_alias_value=
ac_cv_env_target_alias_set=
ac_cv_env_target_alias_value=
ac_cv_func_forkpty=yes
ac_cv_func_malloc_usable_size=yes
ac_cv_func_vasprintf=yes
ac_cv_have_decl___STDC_ISO_10646__=yes
ac_cv_header_getopt_h=yes
ac_cv_header_iconv_h=yes
ac_cv_header_inttypes_h=yes
ac_cv_header_langinfo_h=yes
ac_cv_header_libutil_h=no
ac_cv_header_malloc_h=yes
ac_cv_header_openssl_ssl_h=yes
ac_cv_header_pty_h=yes
ac_cv_header_readline_history_h=no
ac_cv_header_stdint_h=yes
ac_cv_header_stdio_h=yes
ac_cv_header_stdlib_h=yes
ac_cv_header_string_h=yes
ac_cv_header_strings_h=yes
ac_cv_header_sys_select_h=yes
ac_cv_header_sys_stat_h=yes
ac_cv_header_sys_types_h=yes
ac_cv_header_unistd_h=yes
ac_cv_header_util_h=no
ac_cv_host=x86_64-pc-linux-gnu
ac_cv_lib_crypto_CRYPTO_malloc=yes
ac_cv_lib_ssl_SSL_new=yes
ac_cv_objext=o
ac_cv_path_EGREP='/run/current-system/profile/bin/grep -E'
ac_cv_path_GREP=/run/current-system/profile/bin/grep
ac_cv_path_install='/home/pebbles/.guix-profile/bin/install -c'
ac_cv_prog_ac_ct_AR=ar
ac_cv_prog_ac_ct_CC=gcc
ac_cv_prog_ac_ct_RANLIB=ranlib
ac_cv_prog_cc_c11=
ac_cv_prog_cc_g=yes
ac_cv_prog_cc_stdc=
ac_cv_search_forkpty='none required'
ac_cv_search_getaddrinfo_a='none required'
ac_cv_search_gethostbyname='none required'
ac_cv_search_iconv='none required'
ac_cv_search_libiconv=no
ac_cv_search_socket='none required'
ac_cv_sys_largefile_source=no

## ----------------- ##
## Output variables. ##
## ----------------- ##

AR='ar'
BUILDCC=''
CC='gcc'
CCOPTIONS=' -Wall -Wsign-compare -std=c99 -pedantic -Wno-variadic-macros -MMD -MP'
CFLAGS='-g -O2'
CONNECT_GETPEERNAME=''
CPPFLAGS=' -D_POSIX_SOURCE -D_BSD_SOURCE -D_DEFAULT_SOURCE -D_XOPEN_SOURCE -D_GNU_SOURCE'
DEFS='-DHAVE_CONFIG_H'
ECHO_C=''
ECHO_N='-n'
ECHO_T=''
EGREP='/run/current-system/profile/bin/grep -E'
EXEEXT=''
GAI_LIBS=''
GREP='/run/current-system/profile/bin/grep'
HAVE_GETADDRINFO_A=''
ICONV_LIBS=''
INSTALL_DATA='${INSTALL} -m 644'
INSTALL_PROGRAM='${INSTALL}'
INSTALL_SCRIPT='${INSTALL}'
LDFLAGS=''
LIBOBJS=''
LIBS='-lssl -lcrypto '
LIBX3270DIR='${sysconfdir}/x3270'
LTLIBOBJS=''
OBJEXT='o'
PACKAGE_BUGREPORT=''
PACKAGE_NAME='lib'
PACKAGE_STRING='lib 4.3'
PACKAGE_TARNAME='lib'
PACKAGE_URL=''
PACKAGE_VERSION='4.3'
PATH_SEPARATOR=':'
RANLIB='ranlib'
SHELL='/bin/sh'
TLS_LDFLAGS=''
TLS_LIBS='-lssl -lcrypto'
TLS_MODULES='sio_openssl.o'
USE_ICONV=''
ac_ct_AR='ar'
ac_ct_CC='gcc'
bindir='${exec_prefix}/bin'
build='x86_64-pc-linux-gnu'
build_alias=''
build_cpu='x86_64'
build_os='linux-gnu'
build_vendor='pc'
datadir='${datarootdir}'
datarootdir='${prefix}/share'
docdir='${datarootdir}/doc/${PACKAGE_TARNAME}'
dvidir='${docdir}'
exec_prefix='${prefix}'
host='x86_64-pc-linux-gnu'
host_alias=''
host_cpu='x86_64'
host_os='linux-gnu'
host_vendor='pc'
htmldir='${docdir}'
includedir='${prefix}/include'
infodir='${datarootdir}/info'
libdir='${exec_prefix}/lib'
libexecdir='${exec_prefix}/libexec'
localedir='${datarootdir}/locale'
localstatedir='${prefix}/var'
mandir='${datarootdir}/man'
oldincludedir='/usr/include'
pdfdir='${docdir}'
prefix='/usr/local'
program_transform_name='s,x,x,'
psdir='${docdir}'
runstatedir='${localstatedir}/run'
sbindir='${exec_prefix}/sbin'
sharedstatedir='${prefix}/com'
sysconfdir='${prefix}/etc'
target_alias=''

## ----------- ##
## confdefs.h. ##
## ----------- ##

/* confdefs.h */
#define PACKAGE_NAME "lib"
#define PACKAGE_TARNAME "lib"
#define PACKAGE_VERSION "4.3"
#define PACKAGE_STRING "lib 4.3"
#define PACKAGE_BUGREPORT ""
#define PACKAGE_URL ""
#define HAVE_STDIO_H 1
#define HAVE_STDLIB_H 1
#define HAVE_STRING_H 1
#define HAVE_INTTYPES_H 1
#define HAVE_STDINT_H 1
#define HAVE_STRINGS_H 1
#define HAVE_SYS_STAT_H 1
#define HAVE_SYS_TYPES_H 1
#define HAVE_UNISTD_H 1
#define STDC_HEADERS 1
#define HAVE_SYS_SELECT_H 1
#define HAVE_PTY_H 1
#define HAVE_GETOPT_H 1
#define HAVE_MALLOC_H 1
#define HAVE_LANGINFO_H 1
#define HAVE_OPENSSL_SSL_H 1
#define HAVE_DECL___STDC_ISO_10646__ 1
#define HAVE_FORKPTY 1
#define HAVE_ICONV_H 1
#define HAVE_GETADDRINFO_A 1
#define HAVE_VASPRINTF 1
#define HAVE_MALLOC_USABLE_SIZE 1
#define HAVE_FSEEKO 1
#define HAVE_LIBCRYPTO 1
#define HAVE_LIBSSL 1
#define X3270_DBCS 1
#define X3270_LOCAL_PROCESS 1

configure: exit 0
