This file contains any messages produced by compilers while
running configure, to aid debugging if configure makes a mistake.

It was created by x3270if configure 4.3, which was
generated by GNU Autoconf 2.71.  Invocation command line was

  $ ./configure --disable-option-checking --prefix=/usr/local --cache-file=/dev/null --srcdir=.

## --------- ##
## Platform. ##
## --------- ##

hostname = mesa
uname -m = x86_64
uname -r = 6.9.3
uname -s = Linux
uname -v = #1 SMP PREEMPT_DYNAMIC 1

/usr/bin/uname -p = unknown
/bin/uname -X     = unknown

/bin/arch              = unknown
/usr/bin/arch -k       = unknown
/usr/convex/getsysinfo = unknown
/usr/bin/hostinfo      = unknown
/bin/machine           = unknown
/usr/bin/oslevel       = unknown
/bin/universe          = unknown

PATH: /home/pebbles/.guix-profile/bin/
PATH: /home/pebbles/.guix-profile/sbin/
PATH: /run/setuid-programs/
PATH: /home/pebbles/.config/guix/current/bin/
PATH: /home/pebbles/.guix-profile/bin/
PATH: /home/pebbles/.guix-profile/sbin/
PATH: /run/current-system/profile/bin/
PATH: /run/current-system/profile/sbin/
PATH: /usr/bin/


## ----------- ##
## Core tests. ##
## ----------- ##

configure:2240: looking for aux files: config.guess config.sub install-sh
configure:2253:  trying ./
configure:2253:  trying ./../
configure:2282:   ./../config.guess found
configure:2282:   ./../config.sub found
configure:2264:   ./../install-sh found
configure:2411: checking for a BSD-compatible install
configure:2484: result: /home/pebbles/.guix-profile/bin/install -c
configure:2557: checking for gcc
configure:2578: found /home/pebbles/.guix-profile/bin/gcc
configure:2589: result: gcc
configure:2942: checking for C compiler version
configure:2951: gcc --version >&5
gcc (GCC) 13.3.0
Copyright (C) 2023 Free Software Foundation, Inc.
This is free software; see the source for copying conditions.  There is NO
warranty; not even for MERCHANTABILITY or FITNESS FOR A PARTICULAR PURPOSE.

configure:2962: $? = 0
configure:2951: gcc -v >&5
Using built-in specs.
COLLECT_GCC=gcc
COLLECT_LTO_WRAPPER=/gnu/store/s3gi3bhy5ijm927bjcrzl7c5dzayvwiy-gcc-13.3.0/libexec/gcc/x86_64-unknown-linux-gnu/13.3.0/lto-wrapper
Target: x86_64-unknown-linux-gnu
Configured with: 
Thread model: posix
Supported LTO compression algorithms: zlib
gcc version 13.3.0 (GCC) 
configure:2962: $? = 0
configure:2951: gcc -V >&5
gcc: error: unrecognized command-line option '-V'
gcc: fatal error: no input files
compilation terminated.
configure:2962: $? = 1
configure:2951: gcc -qversion >&5
gcc: error: unrecognized command-line option '-qversion'; did you mean '--version'?
gcc: fatal error: no input files
compilation terminated.
configure:2962: $? = 1
configure:2951: gcc -version >&5
gcc: error: unrecognized command-line option '-version'
gcc: fatal error: no input files
compilation terminated.
configure:2962: $? = 1
configure:2982: checking whether the C compiler works
configure:3004: gcc    conftest.c  >&5
configure:3008: $? = 0
configure:3058: result: yes
configure:3061: checking for C compiler default output file name
configure:3063: result: a.out
configure:3069: checking for suffix of executables
configure:3076: gcc -o conftest    conftest.c  >&5
configure:3080: $? = 0
configure:3103: result: 
configure:3125: checking whether we are cross compiling
configure:3133: gcc -o conftest    conftest.c  >&5
configure:3137: $? = 0
configure:3144: ./conftest
configure:3148: $? = 0
configure:3163: result: no
configure:3168: checking for suffix of object files
configure:3191: gcc -c   conftest.c >&5
configure:3195: $? = 0
configure:3217: result: o
configure:3221: checking whether the compiler supports GNU C
configure:3241: gcc -c   conftest.c >&5
configure:3241: $? = 0
configure:3251: result: yes
configure:3262: checking whether gcc accepts -g
configure:3283: gcc -c -g  conftest.c >&5
configure:3283: $? = 0
configure:3327: result: yes
configure:3347: checking for gcc option to enable C11 features
configure:3362: gcc  -c -g -O2  conftest.c >&5
configure:3362: $? = 0
configure:3380: result: none needed
configure:3497: checking build system type
configure:3512: result: x86_64-pc-linux-gnu
configure:3532: checking host system type
configure:3546: result: x86_64-pc-linux-gnu
configure:3585: checking for library containing gethostbyname
configure:3615: gcc -o conftest -g -O2  -D_POSIX_SOURCE  conftest.c  >&5
configure:3615: $? = 0
configure:3635: result: none required
configure:3644: checking for library containing socket
configure:3674: gcc -o conftest -g -O2  -D_POSIX_SOURCE  conftest.c  >&5
configure:3674: $? = 0
configure:3694: result: none required
configure:3708: checking for stdio.h
configure:3708: gcc -c -g -O2  -D_POSIX_SOURCE conftest.c >&5
configure:3708: $? = 0
configure:3708: result: yes
configure:3708: checking for stdlib.h
configure:3708: gcc -c -g -O2  -D_POSIX_SOURCE conftest.c >&5
configure:3708: $? = 0
configure:3708: result: yes
configure:3708: checking for string.h
configure:3708: gcc -c -g -O2  -D_POSIX_SOURCE conftest.c >&5
configure:3708: $? = 0
configure:3708: result: yes
configure:3708: checking for inttypes.h
configure:3708: gcc -c -g -O2  -D_POSIX_SOURCE conftest.c >&5
configure:3708: $? = 0
configure:3708: result: yes
configure:3708: checking for stdint.h
configure:3708: gcc -c -g -O2  -D_POSIX_SOURCE conftest.c >&5
configure:3708: $? = 0
configure:3708: result: yes
configure:3708: checking for strings.h
configure:3708: gcc -c -g -O2  -D_POSIX_SOURCE conftest.c >&5
configure:3708: $? = 0
configure:3708: result: yes
configure:3708: checking for sys/stat.h
configure:3708: gcc -c -g -O2  -D_POSIX_SOURCE conftest.c >&5
configure:3708: $? = 0
configure:3708: result: yes
configure:3708: checking for sys/types.h
configure:3708: gcc -c -g -O2  -D_POSIX_SOURCE conftest.c >&5
configure:3708: $? = 0
configure:3708: result: yes
configure:3708: checking for unistd.h
configure:3708: gcc -c -g -O2  -D_POSIX_SOURCE conftest.c >&5
configure:3708: $? = 0
configure:3708: result: yes
configure:3733: checking for sys/select.h
configure:3733: gcc -c -g -O2  -D_POSIX_SOURCE conftest.c >&5
configure:3733: $? = 0
configure:3733: result: yes
configure:3740: checking for getopt.h
configure:3740: gcc -c -g -O2  -D_POSIX_SOURCE conftest.c >&5
configure:3740: $? = 0
configure:3740: result: yes
configure:3748: checking for readline/history.h
configure:3748: gcc -c -g -O2  -D_POSIX_SOURCE conftest.c >&5
conftest.c:49:10: fatal error: readline/history.h: No such file or directory
   49 | #include <readline/history.h>
      |          ^~~~~~~~~~~~~~~~~~~~
compilation terminated.
configure:3748: $? = 1
configure: failed program was:
| /* confdefs.h */
| #define PACKAGE_NAME "x3270if"
| #define PACKAGE_TARNAME "x3270if"
| #define PACKAGE_VERSION "4.3"
| #define PACKAGE_STRING "x3270if 4.3"
| #define PACKAGE_BUGREPORT ""
| #define PACKAGE_URL ""
| #define HAVE_STDIO_H 1
| #define HAVE_STDLIB_H 1
| #define HAVE_STRING_H 1
| #define HAVE_INTTYPES_H 1
| #define HAVE_STDINT_H 1
| #define HAVE_STRINGS_H 1
| #define HAVE_SYS_STAT_H 1
| #define HAVE_SYS_TYPES_H 1
| #define HAVE_UNISTD_H 1
| #define STDC_HEADERS 1
| #define HAVE_SYS_SELECT_H 1
| #define HAVE_GETOPT_H 1
| /* end confdefs.h.  */
| #include <stddef.h>
| #ifdef HAVE_STDIO_H
| # include <stdio.h>
| #endif
| #ifdef HAVE_STDLIB_H
| # include <stdlib.h>
| #endif
| #ifdef HAVE_STRING_H
| # include <string.h>
| #endif
| #ifdef HAVE_INTTYPES_H
| # include <inttypes.h>
| #endif
| #ifdef HAVE_STDINT_H
| # include <stdint.h>
| #endif
| #ifdef HAVE_STRINGS_H
| # include <strings.h>
| #endif
| #ifdef HAVE_SYS_TYPES_H
| # include <sys/types.h>
| #endif
| #ifdef HAVE_SYS_STAT_H
| # include <sys/stat.h>
| #endif
| #ifdef HAVE_UNISTD_H
| # include <unistd.h>
| #endif
| #include <readline/history.h>
configure:3748: result: no
configure:3758: checking for ncursesw/ncurses.h
configure:3758: gcc -c -g -O2  -D_POSIX_SOURCE conftest.c >&5
conftest.c:49:10: fatal error: ncursesw/ncurses.h: No such file or directory
   49 | #include <ncursesw/ncurses.h>
      |          ^~~~~~~~~~~~~~~~~~~~
compilation terminated.
configure:3758: $? = 1
configure: failed program was:
| /* confdefs.h */
| #define PACKAGE_NAME "x3270if"
| #define PACKAGE_TARNAME "x3270if"
| #define PACKAGE_VERSION "4.3"
| #define PACKAGE_STRING "x3270if 4.3"
| #define PACKAGE_BUGREPORT ""
| #define PACKAGE_URL ""
| #define HAVE_STDIO_H 1
| #define HAVE_STDLIB_H 1
| #define HAVE_STRING_H 1
| #define HAVE_INTTYPES_H 1
| #define HAVE_STDINT_H 1
| #define HAVE_STRINGS_H 1
| #define HAVE_SYS_STAT_H 1
| #define HAVE_SYS_TYPES_H 1
| #define HAVE_UNISTD_H 1
| #define STDC_HEADERS 1
| #define HAVE_SYS_SELECT_H 1
| #define HAVE_GETOPT_H 1
| /* end confdefs.h.  */
| #include <stddef.h>
| #ifdef HAVE_STDIO_H
| # include <stdio.h>
| #endif
| #ifdef HAVE_STDLIB_H
| # include <stdlib.h>
| #endif
| #ifdef HAVE_STRING_H
| # include <string.h>
| #endif
| #ifdef HAVE_INTTYPES_H
| # include <inttypes.h>
| #endif
| #ifdef HAVE_STDINT_H
| # include <stdint.h>
| #endif
| #ifdef HAVE_STRINGS_H
| # include <strings.h>
| #endif
| #ifdef HAVE_SYS_TYPES_H
| # include <sys/types.h>
| #endif
| #ifdef HAVE_SYS_STAT_H
| # include <sys/stat.h>
| #endif
| #ifdef HAVE_UNISTD_H
| # include <unistd.h>
| #endif
| #include <ncursesw/ncurses.h>
configure:3758: result: no
configure:3766: checking for ncurses/ncurses.h
configure:3766: gcc -c -g -O2  -D_POSIX_SOURCE conftest.c >&5
conftest.c:49:10: fatal error: ncurses/ncurses.h: No such file or directory
   49 | #include <ncurses/ncurses.h>
      |          ^~~~~~~~~~~~~~~~~~~
compilation terminated.
configure:3766: $? = 1
configure: failed program was:
| /* confdefs.h */
| #define PACKAGE_NAME "x3270if"
| #define PACKAGE_TARNAME "x3270if"
| #define PACKAGE_VERSION "4.3"
| #define PACKAGE_STRING "x3270if 4.3"
| #define PACKAGE_BUGREPORT ""
| #define PACKAGE_URL ""
| #define HAVE_STDIO_H 1
| #define HAVE_STDLIB_H 1
| #define HAVE_STRING_H 1
| #define HAVE_INTTYPES_H 1
| #define HAVE_STDINT_H 1
| #define HAVE_STRINGS_H 1
| #define HAVE_SYS_STAT_H 1
| #define HAVE_SYS_TYPES_H 1
| #define HAVE_UNISTD_H 1
| #define STDC_HEADERS 1
| #define HAVE_SYS_SELECT_H 1
| #define HAVE_GETOPT_H 1
| /* end confdefs.h.  */
| #include <stddef.h>
| #ifdef HAVE_STDIO_H
| # include <stdio.h>
| #endif
| #ifdef HAVE_STDLIB_H
| # include <stdlib.h>
| #endif
| #ifdef HAVE_STRING_H
| # include <string.h>
| #endif
| #ifdef HAVE_INTTYPES_H
| # include <inttypes.h>
| #endif
| #ifdef HAVE_STDINT_H
| # include <stdint.h>
| #endif
| #ifdef HAVE_STRINGS_H
| # include <strings.h>
| #endif
| #ifdef HAVE_SYS_TYPES_H
| # include <sys/types.h>
| #endif
| #ifdef HAVE_SYS_STAT_H
| # include <sys/stat.h>
| #endif
| #ifdef HAVE_UNISTD_H
| # include <unistd.h>
| #endif
| #include <ncurses/ncurses.h>
configure:3766: result: no
configure:3774: checking for ncurses.h
configure:3774: gcc -c -g -O2  -D_POSIX_SOURCE conftest.c >&5
configure:3774: $? = 0
configure:3774: result: yes
configure:3803: checking for ncursesw/term.h
configure:3803: gcc -c -g -O2  -D_POSIX_SOURCE conftest.c >&5
conftest.c:50:10: fatal error: ncursesw/term.h: No such file or directory
   50 | #include <ncursesw/term.h>
      |          ^~~~~~~~~~~~~~~~~
compilation terminated.
configure:3803: $? = 1
configure: failed program was:
| /* confdefs.h */
| #define PACKAGE_NAME "x3270if"
| #define PACKAGE_TARNAME "x3270if"
| #define PACKAGE_VERSION "4.3"
| #define PACKAGE_STRING "x3270if 4.3"
| #define PACKAGE_BUGREPORT ""
| #define PACKAGE_URL ""
| #define HAVE_STDIO_H 1
| #define HAVE_STDLIB_H 1
| #define HAVE_STRING_H 1
| #define HAVE_INTTYPES_H 1
| #define HAVE_STDINT_H 1
| #define HAVE_STRINGS_H 1
| #define HAVE_SYS_STAT_H 1
| #define HAVE_SYS_TYPES_H 1
| #define HAVE_UNISTD_H 1
| #define STDC_HEADERS 1
| #define HAVE_SYS_SELECT_H 1
| #define HAVE_GETOPT_H 1
| #define HAVE_NCURSES_H 1
| /* end confdefs.h.  */
| #include <stddef.h>
| #ifdef HAVE_STDIO_H
| # include <stdio.h>
| #endif
| #ifdef HAVE_STDLIB_H
| # include <stdlib.h>
| #endif
| #ifdef HAVE_STRING_H
| # include <string.h>
| #endif
| #ifdef HAVE_INTTYPES_H
| # include <inttypes.h>
| #endif
| #ifdef HAVE_STDINT_H
| # include <stdint.h>
| #endif
| #ifdef HAVE_STRINGS_H
| # include <strings.h>
| #endif
| #ifdef HAVE_SYS_TYPES_H
| # include <sys/types.h>
| #endif
| #ifdef HAVE_SYS_STAT_H
| # include <sys/stat.h>
| #endif
| #ifdef HAVE_UNISTD_H
| # include <unistd.h>
| #endif
| #include <ncursesw/term.h>
configure:3803: result: no
configure:3811: checking for ncurses/term.h
configure:3811: gcc -c -g -O2  -D_POSIX_SOURCE conftest.c >&5
conftest.c:50:10: fatal error: ncurses/term.h: No such file or directory
   50 | #include <ncurses/term.h>
      |          ^~~~~~~~~~~~~~~~
compilation terminated.
configure:3811: $? = 1
configure: failed program was:
| /* confdefs.h */
| #define PACKAGE_NAME "x3270if"
| #define PACKAGE_TARNAME "x3270if"
| #define PACKAGE_VERSION "4.3"
| #define PACKAGE_STRING "x3270if 4.3"
| #define PACKAGE_BUGREPORT ""
| #define PACKAGE_URL ""
| #define HAVE_STDIO_H 1
| #define HAVE_STDLIB_H 1
| #define HAVE_STRING_H 1
| #define HAVE_INTTYPES_H 1
| #define HAVE_STDINT_H 1
| #define HAVE_STRINGS_H 1
| #define HAVE_SYS_STAT_H 1
| #define HAVE_SYS_TYPES_H 1
| #define HAVE_UNISTD_H 1
| #define STDC_HEADERS 1
| #define HAVE_SYS_SELECT_H 1
| #define HAVE_GETOPT_H 1
| #define HAVE_NCURSES_H 1
| /* end confdefs.h.  */
| #include <stddef.h>
| #ifdef HAVE_STDIO_H
| # include <stdio.h>
| #endif
| #ifdef HAVE_STDLIB_H
| # include <stdlib.h>
| #endif
| #ifdef HAVE_STRING_H
| # include <string.h>
| #endif
| #ifdef HAVE_INTTYPES_H
| # include <inttypes.h>
| #endif
| #ifdef HAVE_STDINT_H
| # include <stdint.h>
| #endif
| #ifdef HAVE_STRINGS_H
| # include <strings.h>
| #endif
| #ifdef HAVE_SYS_TYPES_H
| # include <sys/types.h>
| #endif
| #ifdef HAVE_SYS_STAT_H
| # include <sys/stat.h>
| #endif
| #ifdef HAVE_UNISTD_H
| # include <unistd.h>
| #endif
| #include <ncurses/term.h>
configure:3811: result: no
configure:3817: checking for term.h
configure:3817: gcc -c -g -O2  -D_POSIX_SOURCE conftest.c >&5
configure:3817: $? = 0
configure:3817: result: yes
configure:3839: checking for vasprintf
configure:3839: gcc -o conftest -g -O2  -D_POSIX_SOURCE  conftest.c  >&5
configure:3839: $? = 0
configure:3839: result: yes
configure:3846: checking for _LARGEFILE_SOURCE value needed for large files
configure:3866: gcc -o conftest -g -O2  -D_POSIX_SOURCE  conftest.c  >&5
conftest.c: In function 'main':
conftest.c:29:34: error: 'fseeko' undeclared (first use in this function); did you mean 'fseek'?
   29 | int (*fp) (FILE *, off_t, int) = fseeko;
      |                                  ^~~~~~
      |                                  fseek
conftest.c:29:34: note: each undeclared identifier is reported only once for each function it appears in
conftest.c:30:13: warning: implicit declaration of function 'fseeko'; did you mean 'fseek'? [-Wimplicit-function-declaration]
   30 |      return fseeko (stdin, 0, 0) && fp (stdin, 0, 0);
      |             ^~~~~~
      |             fseek
configure:3866: $? = 1
configure: failed program was:
| /* confdefs.h */
| #define PACKAGE_NAME "x3270if"
| #define PACKAGE_TARNAME "x3270if"
| #define PACKAGE_VERSION "4.3"
| #define PACKAGE_STRING "x3270if 4.3"
| #define PACKAGE_BUGREPORT ""
| #define PACKAGE_URL ""
| #define HAVE_STDIO_H 1
| #define HAVE_STDLIB_H 1
| #define HAVE_STRING_H 1
| #define HAVE_INTTYPES_H 1
| #define HAVE_STDINT_H 1
| #define HAVE_STRINGS_H 1
| #define HAVE_SYS_STAT_H 1
| #define HAVE_SYS_TYPES_H 1
| #define HAVE_UNISTD_H 1
| #define STDC_HEADERS 1
| #define HAVE_SYS_SELECT_H 1
| #define HAVE_GETOPT_H 1
| #define HAVE_NCURSES_H 1
| #define HAVE_TERM_H 1
| #define HAVE_VASPRINTF 1
| /* end confdefs.h.  */
| #include <sys/types.h> /* for off_t */
|      #include <stdio.h>
| int
| main (void)
| {
| int (*fp) (FILE *, off_t, int) = fseeko;
|      return fseeko (stdin, 0, 0) && fp (stdin, 0, 0);
|   ;
|   return 0;
| }
configure:3886: gcc -o conftest -g -O2  -D_POSIX_SOURCE  conftest.c  >&5
configure:3886: $? = 0
configure:3896: result: 1
configure:3915: checking for library containing newterm
configure:3945: gcc -o conftest -g -O2  -D_POSIX_SOURCE  conftest.c  >&5
/home/pebbles/.guix-profile/bin/ld: /tmp/cckq9iI2.o: in function `main':
/home/pebbles/Downloads/suite3270-4.3/x3270if/conftest.c:34: undefined reference to `newterm'
collect2: error: ld returned 1 exit status
configure:3945: $? = 1
configure: failed program was:
| /* confdefs.h */
| #define PACKAGE_NAME "x3270if"
| #define PACKAGE_TARNAME "x3270if"
| #define PACKAGE_VERSION "4.3"
| #define PACKAGE_STRING "x3270if 4.3"
| #define PACKAGE_BUGREPORT ""
| #define PACKAGE_URL ""
| #define HAVE_STDIO_H 1
| #define HAVE_STDLIB_H 1
| #define HAVE_STRING_H 1
| #define HAVE_INTTYPES_H 1
| #define HAVE_STDINT_H 1
| #define HAVE_STRINGS_H 1
| #define HAVE_SYS_STAT_H 1
| #define HAVE_SYS_TYPES_H 1
| #define HAVE_UNISTD_H 1
| #define STDC_HEADERS 1
| #define HAVE_SYS_SELECT_H 1
| #define HAVE_GETOPT_H 1
| #define HAVE_NCURSES_H 1
| #define HAVE_TERM_H 1
| #define HAVE_VASPRINTF 1
| #define _LARGEFILE_SOURCE 1
| #define HAVE_FSEEKO 1
| /* end confdefs.h.  */
| 
| /* Override any GCC internal prototype to avoid an error.
|    Use char because int might match the return type of a GCC
|    builtin and then its argument prototype would still apply.  */
| char newterm ();
| int
| main (void)
| {
| return newterm ();
|   ;
|   return 0;
| }
configure:3945: gcc -o conftest -g -O2  -D_POSIX_SOURCE  conftest.c -lncursesw   >&5
configure:3945: $? = 0
configure:3965: result: -lncursesw
configure:3976: checking for library containing setupterm
configure:4006: gcc -o conftest -g -O2  -D_POSIX_SOURCE  conftest.c -lncursesw  >&5
configure:4006: $? = 0
configure:4026: result: none required
configure:4037: checking for tiparm
configure:4037: gcc -o conftest -g -O2  -D_POSIX_SOURCE  conftest.c -lncursesw  >&5
configure:4037: $? = 0
configure:4037: result: yes
configure:4045: checking for rl_initialize in -lreadline
configure:4068: gcc -o conftest -g -O2  -D_POSIX_SOURCE  conftest.c -lreadline  -lncursesw  >&5
/home/pebbles/.guix-profile/bin/ld: cannot find -lreadline: No such file or directory
collect2: error: ld returned 1 exit status
configure:4068: $? = 1
configure: failed program was:
| /* confdefs.h */
| #define PACKAGE_NAME "x3270if"
| #define PACKAGE_TARNAME "x3270if"
| #define PACKAGE_VERSION "4.3"
| #define PACKAGE_STRING "x3270if 4.3"
| #define PACKAGE_BUGREPORT ""
| #define PACKAGE_URL ""
| #define HAVE_STDIO_H 1
| #define HAVE_STDLIB_H 1
| #define HAVE_STRING_H 1
| #define HAVE_INTTYPES_H 1
| #define HAVE_STDINT_H 1
| #define HAVE_STRINGS_H 1
| #define HAVE_SYS_STAT_H 1
| #define HAVE_SYS_TYPES_H 1
| #define HAVE_UNISTD_H 1
| #define STDC_HEADERS 1
| #define HAVE_SYS_SELECT_H 1
| #define HAVE_GETOPT_H 1
| #define HAVE_NCURSES_H 1
| #define HAVE_TERM_H 1
| #define HAVE_VASPRINTF 1
| #define _LARGEFILE_SOURCE 1
| #define HAVE_FSEEKO 1
| #define HAVE_TIPARM 1
| /* end confdefs.h.  */
| 
| /* Override any GCC internal prototype to avoid an error.
|    Use char because int might match the return type of a GCC
|    builtin and then its argument prototype would still apply.  */
| char rl_initialize ();
| int
| main (void)
| {
| return rl_initialize ();
|   ;
|   return 0;
| }
configure:4078: result: no
configure:4203: creating ./config.status

## ---------------------- ##
## Running config.status. ##
## ---------------------- ##

This file was extended by x3270if config.status 4.3, which was
generated by GNU Autoconf 2.71.  Invocation command line was

  CONFIG_FILES    = 
  CONFIG_HEADERS  = 
  CONFIG_LINKS    = 
  CONFIG_COMMANDS = 
  $ ./config.status 

on mesa

config.status:811: creating Makefile
config.status:811: creating Makefile.obj
config.status:811: creating conf.h
config.status:986: conf.h is unchanged

## ---------------- ##
## Cache variables. ##
## ---------------- ##

ac_cv_build=x86_64-pc-linux-gnu
ac_cv_c_compiler_gnu=yes
ac_cv_env_CC_set=
ac_cv_env_CC_value=
ac_cv_env_CFLAGS_set=
ac_cv_env_CFLAGS_value=
ac_cv_env_CPPFLAGS_set=
ac_cv_env_CPPFLAGS_value=
ac_cv_env_LDFLAGS_set=
ac_cv_env_LDFLAGS_value=
ac_cv_env_LIBS_set=
ac_cv_env_LIBS_value=
ac_cv_env_build_alias_set=
ac_cv_env_build_alias_value=
ac_cv_env_host_alias_set=
ac_cv_env_host_alias_value=
ac_cv_env_target_alias_set=
ac_cv_env_target_alias_value=
ac_cv_func_tiparm=yes
ac_cv_func_vasprintf=yes
ac_cv_header_getopt_h=yes
ac_cv_header_inttypes_h=yes
ac_cv_header_ncurses_h=yes
ac_cv_header_ncurses_ncurses_h=no
ac_cv_header_ncurses_term_h=no
ac_cv_header_ncursesw_ncurses_h=no
ac_cv_header_ncursesw_term_h=no
ac_cv_header_readline_history_h=no
ac_cv_header_stdint_h=yes
ac_cv_header_stdio_h=yes
ac_cv_header_stdlib_h=yes
ac_cv_header_string_h=yes
ac_cv_header_strings_h=yes
ac_cv_header_sys_select_h=yes
ac_cv_header_sys_stat_h=yes
ac_cv_header_sys_types_h=yes
ac_cv_header_term_h=yes
ac_cv_header_unistd_h=yes
ac_cv_host=x86_64-pc-linux-gnu
ac_cv_lib_readline_rl_initialize=no
ac_cv_objext=o
ac_cv_path_install='/home/pebbles/.guix-profile/bin/install -c'
ac_cv_prog_ac_ct_CC=gcc
ac_cv_prog_cc_c11=
ac_cv_prog_cc_g=yes
ac_cv_prog_cc_stdc=
ac_cv_search_gethostbyname='none required'
ac_cv_search_newterm=-lncursesw
ac_cv_search_setupterm='none required'
ac_cv_search_socket='none required'
ac_cv_sys_largefile_source=1

## ----------------- ##
## Output variables. ##
## ----------------- ##

CC='gcc'
CCOPTIONS=' -Wall -Wsign-compare -std=c99 -pedantic -Wno-variadic-macros -MMD -MP'
CFLAGS='-g -O2'
CPPFLAGS=' -D_POSIX_SOURCE'
DEFS='-DHAVE_CONFIG_H'
ECHO_C=''
ECHO_N='-n'
ECHO_T=''
EXEEXT=''
INSTALL_DATA='${INSTALL} -m 644'
INSTALL_PROGRAM='${INSTALL}'
INSTALL_SCRIPT='${INSTALL}'
LDFLAGS=''
LIBOBJS=''
LIBS='-lncursesw '
LIBX3270DIR='${sysconfdir}/x3270'
LTLIBOBJS=''
OBJEXT='o'
PACKAGE_BUGREPORT=''
PACKAGE_NAME='x3270if'
PACKAGE_STRING='x3270if 4.3'
PACKAGE_TARNAME='x3270if'
PACKAGE_URL=''
PACKAGE_VERSION='4.3'
PATH_SEPARATOR=':'
SHELL='/bin/sh'
ac_ct_CC='gcc'
bindir='${exec_prefix}/bin'
build='x86_64-pc-linux-gnu'
build_alias=''
build_cpu='x86_64'
build_os='linux-gnu'
build_vendor='pc'
datadir='${datarootdir}'
datarootdir='${prefix}/share'
docdir='${datarootdir}/doc/${PACKAGE_TARNAME}'
dvidir='${docdir}'
exec_prefix='${prefix}'
host='x86_64-pc-linux-gnu'
host_alias=''
host_cpu='x86_64'
host_os='linux-gnu'
host_vendor='pc'
htmldir='${docdir}'
includedir='${prefix}/include'
infodir='${datarootdir}/info'
libdir='${exec_prefix}/lib'
libexecdir='${exec_prefix}/libexec'
localedir='${datarootdir}/locale'
localstatedir='${prefix}/var'
mandir='${datarootdir}/man'
oldincludedir='/usr/include'
pdfdir='${docdir}'
prefix='/usr/local'
program_transform_name='s,x,x,'
psdir='${docdir}'
runstatedir='${localstatedir}/run'
sbindir='${exec_prefix}/sbin'
sharedstatedir='${prefix}/com'
sysconfdir='${prefix}/etc'
target_alias=''

## ----------- ##
## confdefs.h. ##
## ----------- ##

/* confdefs.h */
#define PACKAGE_NAME "x3270if"
#define PACKAGE_TARNAME "x3270if"
#define PACKAGE_VERSION "4.3"
#define PACKAGE_STRING "x3270if 4.3"
#define PACKAGE_BUGREPORT ""
#define PACKAGE_URL ""
#define HAVE_STDIO_H 1
#define HAVE_STDLIB_H 1
#define HAVE_STRING_H 1
#define HAVE_INTTYPES_H 1
#define HAVE_STDINT_H 1
#define HAVE_STRINGS_H 1
#define HAVE_SYS_STAT_H 1
#define HAVE_SYS_TYPES_H 1
#define HAVE_UNISTD_H 1
#define STDC_HEADERS 1
#define HAVE_SYS_SELECT_H 1
#define HAVE_GETOPT_H 1
#define HAVE_NCURSES_H 1
#define HAVE_TERM_H 1
#define HAVE_VASPRINTF 1
#define _LARGEFILE_SOURCE 1
#define HAVE_FSEEKO 1
#define HAVE_TIPARM 1

configure: exit 0
