This file contains any messages produced by compilers while
running configure, to aid debugging if configure makes a mistake.

It was created by s3270 configure 4.3, which was
generated by GNU Autoconf 2.71.  Invocation command line was

  $ ./configure --disable-option-checking --prefix=/usr/local --cache-file=/dev/null --srcdir=.

## --------- ##
## Platform. ##
## --------- ##

hostname = mesa
uname -m = x86_64
uname -r = 6.9.3
uname -s = Linux
uname -v = #1 SMP PREEMPT_DYNAMIC 1

/usr/bin/uname -p = unknown
/bin/uname -X     = unknown

/bin/arch              = unknown
/usr/bin/arch -k       = unknown
/usr/convex/getsysinfo = unknown
/usr/bin/hostinfo      = unknown
/bin/machine           = unknown
/usr/bin/oslevel       = unknown
/bin/universe          = unknown

PATH: /home/pebbles/.guix-profile/bin/
PATH: /home/pebbles/.guix-profile/sbin/
PATH: /run/setuid-programs/
PATH: /home/pebbles/.config/guix/current/bin/
PATH: /home/pebbles/.guix-profile/bin/
PATH: /home/pebbles/.guix-profile/sbin/
PATH: /run/current-system/profile/bin/
PATH: /run/current-system/profile/sbin/
PATH: /usr/bin/


## ----------- ##
## Core tests. ##
## ----------- ##

configure:2244: looking for aux files: config.guess config.sub install-sh
configure:2257:  trying ./
configure:2257:  trying ./../
configure:2286:   ./../config.guess found
configure:2286:   ./../config.sub found
configure:2268:   ./../install-sh found
configure:2415: checking for a BSD-compatible install
configure:2488: result: /home/pebbles/.guix-profile/bin/install -c
configure:2561: checking for gcc
configure:2582: found /home/pebbles/.guix-profile/bin/gcc
configure:2593: result: gcc
configure:2946: checking for C compiler version
configure:2955: gcc --version >&5
gcc (GCC) 13.3.0
Copyright (C) 2023 Free Software Foundation, Inc.
This is free software; see the source for copying conditions.  There is NO
warranty; not even for MERCHANTABILITY or FITNESS FOR A PARTICULAR PURPOSE.

configure:2966: $? = 0
configure:2955: gcc -v >&5
Using built-in specs.
COLLECT_GCC=gcc
COLLECT_LTO_WRAPPER=/gnu/store/s3gi3bhy5ijm927bjcrzl7c5dzayvwiy-gcc-13.3.0/libexec/gcc/x86_64-unknown-linux-gnu/13.3.0/lto-wrapper
Target: x86_64-unknown-linux-gnu
Configured with: 
Thread model: posix
Supported LTO compression algorithms: zlib
gcc version 13.3.0 (GCC) 
configure:2966: $? = 0
configure:2955: gcc -V >&5
gcc: error: unrecognized command-line option '-V'
gcc: fatal error: no input files
compilation terminated.
configure:2966: $? = 1
configure:2955: gcc -qversion >&5
gcc: error: unrecognized command-line option '-qversion'; did you mean '--version'?
gcc: fatal error: no input files
compilation terminated.
configure:2966: $? = 1
configure:2955: gcc -version >&5
gcc: error: unrecognized command-line option '-version'
gcc: fatal error: no input files
compilation terminated.
configure:2966: $? = 1
configure:2986: checking whether the C compiler works
configure:3008: gcc    conftest.c  >&5
configure:3012: $? = 0
configure:3062: result: yes
configure:3065: checking for C compiler default output file name
configure:3067: result: a.out
configure:3073: checking for suffix of executables
configure:3080: gcc -o conftest    conftest.c  >&5
configure:3084: $? = 0
configure:3107: result: 
configure:3129: checking whether we are cross compiling
configure:3137: gcc -o conftest    conftest.c  >&5
configure:3141: $? = 0
configure:3148: ./conftest
configure:3152: $? = 0
configure:3167: result: no
configure:3172: checking for suffix of object files
configure:3195: gcc -c   conftest.c >&5
configure:3199: $? = 0
configure:3221: result: o
configure:3225: checking whether the compiler supports GNU C
configure:3245: gcc -c   conftest.c >&5
configure:3245: $? = 0
configure:3255: result: yes
configure:3266: checking whether gcc accepts -g
configure:3287: gcc -c -g  conftest.c >&5
configure:3287: $? = 0
configure:3331: result: yes
configure:3351: checking for gcc option to enable C11 features
configure:3366: gcc  -c -g -O2  conftest.c >&5
configure:3366: $? = 0
configure:3384: result: none needed
configure:3501: checking build system type
configure:3516: result: x86_64-pc-linux-gnu
configure:3536: checking host system type
configure:3550: result: x86_64-pc-linux-gnu
configure:3590: checking for library containing forkpty
configure:3620: gcc -o conftest -g -O2  -D_POSIX_SOURCE  conftest.c  >&5
configure:3620: $? = 0
configure:3640: result: none required
configure:3649: checking for forkpty
configure:3649: gcc -o conftest -g -O2  -D_POSIX_SOURCE  conftest.c  >&5
configure:3649: $? = 0
configure:3649: result: yes
configure:3656: checking for library containing gethostbyname
configure:3686: gcc -o conftest -g -O2  -D_POSIX_SOURCE  conftest.c  >&5
configure:3686: $? = 0
configure:3706: result: none required
configure:3715: checking for library containing socket
configure:3745: gcc -o conftest -g -O2  -D_POSIX_SOURCE  conftest.c  >&5
configure:3745: $? = 0
configure:3765: result: none required
configure:3779: checking for stdio.h
configure:3779: gcc -c -g -O2  -D_POSIX_SOURCE conftest.c >&5
configure:3779: $? = 0
configure:3779: result: yes
configure:3779: checking for stdlib.h
configure:3779: gcc -c -g -O2  -D_POSIX_SOURCE conftest.c >&5
configure:3779: $? = 0
configure:3779: result: yes
configure:3779: checking for string.h
configure:3779: gcc -c -g -O2  -D_POSIX_SOURCE conftest.c >&5
configure:3779: $? = 0
configure:3779: result: yes
configure:3779: checking for inttypes.h
configure:3779: gcc -c -g -O2  -D_POSIX_SOURCE conftest.c >&5
configure:3779: $? = 0
configure:3779: result: yes
configure:3779: checking for stdint.h
configure:3779: gcc -c -g -O2  -D_POSIX_SOURCE conftest.c >&5
configure:3779: $? = 0
configure:3779: result: yes
configure:3779: checking for strings.h
configure:3779: gcc -c -g -O2  -D_POSIX_SOURCE conftest.c >&5
configure:3779: $? = 0
configure:3779: result: yes
configure:3779: checking for sys/stat.h
configure:3779: gcc -c -g -O2  -D_POSIX_SOURCE conftest.c >&5
configure:3779: $? = 0
configure:3779: result: yes
configure:3779: checking for sys/types.h
configure:3779: gcc -c -g -O2  -D_POSIX_SOURCE conftest.c >&5
configure:3779: $? = 0
configure:3779: result: yes
configure:3779: checking for unistd.h
configure:3779: gcc -c -g -O2  -D_POSIX_SOURCE conftest.c >&5
configure:3779: $? = 0
configure:3779: result: yes
configure:3804: checking for sys/select.h
configure:3804: gcc -c -g -O2  -D_POSIX_SOURCE conftest.c >&5
configure:3804: $? = 0
configure:3804: result: yes
configure:3811: checking for pty.h
configure:3811: gcc -c -g -O2  -D_POSIX_SOURCE conftest.c >&5
configure:3811: $? = 0
configure:3811: result: yes
configure:3818: checking for libutil.h
configure:3818: gcc -c -g -O2  -D_POSIX_SOURCE conftest.c >&5
conftest.c:50:10: fatal error: libutil.h: No such file or directory
   50 | #include <libutil.h>
      |          ^~~~~~~~~~~
compilation terminated.
configure:3818: $? = 1
configure: failed program was:
| /* confdefs.h */
| #define PACKAGE_NAME "s3270"
| #define PACKAGE_TARNAME "s3270"
| #define PACKAGE_VERSION "4.3"
| #define PACKAGE_STRING "s3270 4.3"
| #define PACKAGE_BUGREPORT ""
| #define PACKAGE_URL ""
| #define HAVE_FORKPTY 1
| #define HAVE_STDIO_H 1
| #define HAVE_STDLIB_H 1
| #define HAVE_STRING_H 1
| #define HAVE_INTTYPES_H 1
| #define HAVE_STDINT_H 1
| #define HAVE_STRINGS_H 1
| #define HAVE_SYS_STAT_H 1
| #define HAVE_SYS_TYPES_H 1
| #define HAVE_UNISTD_H 1
| #define STDC_HEADERS 1
| #define HAVE_SYS_SELECT_H 1
| #define HAVE_PTY_H 1
| /* end confdefs.h.  */
| #include <stddef.h>
| #ifdef HAVE_STDIO_H
| # include <stdio.h>
| #endif
| #ifdef HAVE_STDLIB_H
| # include <stdlib.h>
| #endif
| #ifdef HAVE_STRING_H
| # include <string.h>
| #endif
| #ifdef HAVE_INTTYPES_H
| # include <inttypes.h>
| #endif
| #ifdef HAVE_STDINT_H
| # include <stdint.h>
| #endif
| #ifdef HAVE_STRINGS_H
| # include <strings.h>
| #endif
| #ifdef HAVE_SYS_TYPES_H
| # include <sys/types.h>
| #endif
| #ifdef HAVE_SYS_STAT_H
| # include <sys/stat.h>
| #endif
| #ifdef HAVE_UNISTD_H
| # include <unistd.h>
| #endif
| #include <libutil.h>
configure:3818: result: no
configure:3825: checking for util.h
configure:3825: gcc -c -g -O2  -D_POSIX_SOURCE conftest.c >&5
conftest.c:50:10: fatal error: util.h: No such file or directory
   50 | #include <util.h>
      |          ^~~~~~~~
compilation terminated.
configure:3825: $? = 1
configure: failed program was:
| /* confdefs.h */
| #define PACKAGE_NAME "s3270"
| #define PACKAGE_TARNAME "s3270"
| #define PACKAGE_VERSION "4.3"
| #define PACKAGE_STRING "s3270 4.3"
| #define PACKAGE_BUGREPORT ""
| #define PACKAGE_URL ""
| #define HAVE_FORKPTY 1
| #define HAVE_STDIO_H 1
| #define HAVE_STDLIB_H 1
| #define HAVE_STRING_H 1
| #define HAVE_INTTYPES_H 1
| #define HAVE_STDINT_H 1
| #define HAVE_STRINGS_H 1
| #define HAVE_SYS_STAT_H 1
| #define HAVE_SYS_TYPES_H 1
| #define HAVE_UNISTD_H 1
| #define STDC_HEADERS 1
| #define HAVE_SYS_SELECT_H 1
| #define HAVE_PTY_H 1
| /* end confdefs.h.  */
| #include <stddef.h>
| #ifdef HAVE_STDIO_H
| # include <stdio.h>
| #endif
| #ifdef HAVE_STDLIB_H
| # include <stdlib.h>
| #endif
| #ifdef HAVE_STRING_H
| # include <string.h>
| #endif
| #ifdef HAVE_INTTYPES_H
| # include <inttypes.h>
| #endif
| #ifdef HAVE_STDINT_H
| # include <stdint.h>
| #endif
| #ifdef HAVE_STRINGS_H
| # include <strings.h>
| #endif
| #ifdef HAVE_SYS_TYPES_H
| # include <sys/types.h>
| #endif
| #ifdef HAVE_SYS_STAT_H
| # include <sys/stat.h>
| #endif
| #ifdef HAVE_UNISTD_H
| # include <unistd.h>
| #endif
| #include <util.h>
configure:3825: result: no
configure:3832: checking for getopt.h
configure:3832: gcc -c -g -O2  -D_POSIX_SOURCE conftest.c >&5
configure:3832: $? = 0
configure:3832: result: yes
configure:3840: checking for vasprintf
configure:3840: gcc -o conftest -g -O2  -D_POSIX_SOURCE  conftest.c  >&5
configure:3840: $? = 0
configure:3840: result: yes
configure:3847: checking for _LARGEFILE_SOURCE value needed for large files
configure:3867: gcc -o conftest -g -O2  -D_POSIX_SOURCE  conftest.c  >&5
conftest.c: In function 'main':
conftest.c:29:34: error: 'fseeko' undeclared (first use in this function); did you mean 'fseek'?
   29 | int (*fp) (FILE *, off_t, int) = fseeko;
      |                                  ^~~~~~
      |                                  fseek
conftest.c:29:34: note: each undeclared identifier is reported only once for each function it appears in
conftest.c:30:13: warning: implicit declaration of function 'fseeko'; did you mean 'fseek'? [-Wimplicit-function-declaration]
   30 |      return fseeko (stdin, 0, 0) && fp (stdin, 0, 0);
      |             ^~~~~~
      |             fseek
configure:3867: $? = 1
configure: failed program was:
| /* confdefs.h */
| #define PACKAGE_NAME "s3270"
| #define PACKAGE_TARNAME "s3270"
| #define PACKAGE_VERSION "4.3"
| #define PACKAGE_STRING "s3270 4.3"
| #define PACKAGE_BUGREPORT ""
| #define PACKAGE_URL ""
| #define HAVE_FORKPTY 1
| #define HAVE_STDIO_H 1
| #define HAVE_STDLIB_H 1
| #define HAVE_STRING_H 1
| #define HAVE_INTTYPES_H 1
| #define HAVE_STDINT_H 1
| #define HAVE_STRINGS_H 1
| #define HAVE_SYS_STAT_H 1
| #define HAVE_SYS_TYPES_H 1
| #define HAVE_UNISTD_H 1
| #define STDC_HEADERS 1
| #define HAVE_SYS_SELECT_H 1
| #define HAVE_PTY_H 1
| #define HAVE_GETOPT_H 1
| #define HAVE_VASPRINTF 1
| /* end confdefs.h.  */
| #include <sys/types.h> /* for off_t */
|      #include <stdio.h>
| int
| main (void)
| {
| int (*fp) (FILE *, off_t, int) = fseeko;
|      return fseeko (stdin, 0, 0) && fp (stdin, 0, 0);
|   ;
|   return 0;
| }
configure:3887: gcc -o conftest -g -O2  -D_POSIX_SOURCE  conftest.c  >&5
configure:3887: $? = 0
configure:3897: result: 1
configure:4055: creating ./config.status

## ---------------------- ##
## Running config.status. ##
## ---------------------- ##

This file was extended by s3270 config.status 4.3, which was
generated by GNU Autoconf 2.71.  Invocation command line was

  CONFIG_FILES    = 
  CONFIG_HEADERS  = 
  CONFIG_LINKS    = 
  CONFIG_COMMANDS = 
  $ ./config.status 

on mesa

config.status:813: creating Makefile
config.status:813: creating Makefile.obj
config.status:813: creating conf.h
config.status:988: conf.h is unchanged

## ---------------- ##
## Cache variables. ##
## ---------------- ##

ac_cv_build=x86_64-pc-linux-gnu
ac_cv_c_compiler_gnu=yes
ac_cv_env_CC_set=
ac_cv_env_CC_value=
ac_cv_env_CFLAGS_set=
ac_cv_env_CFLAGS_value=
ac_cv_env_CPPFLAGS_set=
ac_cv_env_CPPFLAGS_value=
ac_cv_env_LDFLAGS_set=
ac_cv_env_LDFLAGS_value=
ac_cv_env_LIBS_set=
ac_cv_env_LIBS_value=
ac_cv_env_build_alias_set=
ac_cv_env_build_alias_value=
ac_cv_env_host_alias_set=
ac_cv_env_host_alias_value=
ac_cv_env_target_alias_set=
ac_cv_env_target_alias_value=
ac_cv_func_forkpty=yes
ac_cv_func_vasprintf=yes
ac_cv_header_getopt_h=yes
ac_cv_header_inttypes_h=yes
ac_cv_header_libutil_h=no
ac_cv_header_pty_h=yes
ac_cv_header_stdint_h=yes
ac_cv_header_stdio_h=yes
ac_cv_header_stdlib_h=yes
ac_cv_header_string_h=yes
ac_cv_header_strings_h=yes
ac_cv_header_sys_select_h=yes
ac_cv_header_sys_stat_h=yes
ac_cv_header_sys_types_h=yes
ac_cv_header_unistd_h=yes
ac_cv_header_util_h=no
ac_cv_host=x86_64-pc-linux-gnu
ac_cv_objext=o
ac_cv_path_install='/home/pebbles/.guix-profile/bin/install -c'
ac_cv_prog_ac_ct_CC=gcc
ac_cv_prog_cc_c11=
ac_cv_prog_cc_g=yes
ac_cv_prog_cc_stdc=
ac_cv_search_forkpty='none required'
ac_cv_search_gethostbyname='none required'
ac_cv_search_socket='none required'
ac_cv_sys_largefile_source=1

## ----------------- ##
## Output variables. ##
## ----------------- ##

BUILDCC=''
CC='gcc'
CCOPTIONS=' -Wall -Wsign-compare -std=c99 -pedantic -Wno-variadic-macros -MMD -MP'
CFLAGS='-g -O2'
CPPFLAGS=' -D_POSIX_SOURCE'
DEFS='-DHAVE_CONFIG_H'
ECHO_C=''
ECHO_N='-n'
ECHO_T=''
EXEEXT=''
INSTALL_DATA='${INSTALL} -m 644'
INSTALL_PROGRAM='${INSTALL}'
INSTALL_SCRIPT='${INSTALL}'
LDFLAGS=''
LIBOBJS=''
LIBS=''
LIBX3270DIR='${sysconfdir}/x3270'
LTLIBOBJS=''
OBJEXT='o'
PACKAGE_BUGREPORT=''
PACKAGE_NAME='s3270'
PACKAGE_STRING='s3270 4.3'
PACKAGE_TARNAME='s3270'
PACKAGE_URL=''
PACKAGE_VERSION='4.3'
PATH_SEPARATOR=':'
SHELL='/bin/sh'
ac_ct_CC='gcc'
bindir='${exec_prefix}/bin'
build='x86_64-pc-linux-gnu'
build_alias=''
build_cpu='x86_64'
build_os='linux-gnu'
build_vendor='pc'
datadir='${datarootdir}'
datarootdir='${prefix}/share'
docdir='${datarootdir}/doc/${PACKAGE_TARNAME}'
dvidir='${docdir}'
exec_prefix='${prefix}'
host='x86_64-pc-linux-gnu'
host_alias=''
host_cpu='x86_64'
host_os='linux-gnu'
host_vendor='pc'
htmldir='${docdir}'
includedir='${prefix}/include'
infodir='${datarootdir}/info'
libdir='${exec_prefix}/lib'
libexecdir='${exec_prefix}/libexec'
localedir='${datarootdir}/locale'
localstatedir='${prefix}/var'
mandir='${datarootdir}/man'
oldincludedir='/usr/include'
pdfdir='${docdir}'
prefix='/usr/local'
program_transform_name='s,x,x,'
psdir='${docdir}'
runstatedir='${localstatedir}/run'
sbindir='${exec_prefix}/sbin'
sharedstatedir='${prefix}/com'
sysconfdir='${prefix}/etc'
target_alias=''

## ----------- ##
## confdefs.h. ##
## ----------- ##

/* confdefs.h */
#define PACKAGE_NAME "s3270"
#define PACKAGE_TARNAME "s3270"
#define PACKAGE_VERSION "4.3"
#define PACKAGE_STRING "s3270 4.3"
#define PACKAGE_BUGREPORT ""
#define PACKAGE_URL ""
#define HAVE_FORKPTY 1
#define HAVE_STDIO_H 1
#define HAVE_STDLIB_H 1
#define HAVE_STRING_H 1
#define HAVE_INTTYPES_H 1
#define HAVE_STDINT_H 1
#define HAVE_STRINGS_H 1
#define HAVE_SYS_STAT_H 1
#define HAVE_SYS_TYPES_H 1
#define HAVE_UNISTD_H 1
#define STDC_HEADERS 1
#define HAVE_SYS_SELECT_H 1
#define HAVE_PTY_H 1
#define HAVE_GETOPT_H 1
#define HAVE_VASPRINTF 1
#define _LARGEFILE_SOURCE 1
#define HAVE_FSEEKO 1
#define X3270_DBCS 1
#define X3270_LOCAL_PROCESS 1

configure: exit 0
