This file contains any messages produced by compilers while
running configure, to aid debugging if configure makes a mistake.

It was created by x3270 configure 4.3, which was
generated by GNU Autoconf 2.71.  Invocation command line was

  $ ./configure --disable-option-checking --prefix=/usr/local --cache-file=/dev/null --srcdir=.

## --------- ##
## Platform. ##
## --------- ##

hostname = mesa
uname -m = x86_64
uname -r = 6.9.3
uname -s = Linux
uname -v = #1 SMP PREEMPT_DYNAMIC 1

/usr/bin/uname -p = unknown
/bin/uname -X     = unknown

/bin/arch              = unknown
/usr/bin/arch -k       = unknown
/usr/convex/getsysinfo = unknown
/usr/bin/hostinfo      = unknown
/bin/machine           = unknown
/usr/bin/oslevel       = unknown
/bin/universe          = unknown

PATH: /home/pebbles/.guix-profile/bin/
PATH: /home/pebbles/.guix-profile/sbin/
PATH: /run/setuid-programs/
PATH: /home/pebbles/.config/guix/current/bin/
PATH: /home/pebbles/.guix-profile/bin/
PATH: /home/pebbles/.guix-profile/sbin/
PATH: /run/current-system/profile/bin/
PATH: /run/current-system/profile/sbin/
PATH: /usr/bin/


## ----------- ##
## Core tests. ##
## ----------- ##

configure:2310: looking for aux files: config.guess config.sub install-sh
configure:2323:  trying ./
configure:2323:  trying ./../
configure:2352:   ./../config.guess found
configure:2352:   ./../config.sub found
configure:2334:   ./../install-sh found
configure:2483: checking for a BSD-compatible install
configure:2556: result: /home/pebbles/.guix-profile/bin/install -c
configure:2629: checking for gcc
configure:2650: found /home/pebbles/.guix-profile/bin/gcc
configure:2661: result: gcc
configure:3014: checking for C compiler version
configure:3023: gcc --version >&5
gcc (GCC) 13.3.0
Copyright (C) 2023 Free Software Foundation, Inc.
This is free software; see the source for copying conditions.  There is NO
warranty; not even for MERCHANTABILITY or FITNESS FOR A PARTICULAR PURPOSE.

configure:3034: $? = 0
configure:3023: gcc -v >&5
Using built-in specs.
COLLECT_GCC=gcc
COLLECT_LTO_WRAPPER=/gnu/store/s3gi3bhy5ijm927bjcrzl7c5dzayvwiy-gcc-13.3.0/libexec/gcc/x86_64-unknown-linux-gnu/13.3.0/lto-wrapper
Target: x86_64-unknown-linux-gnu
Configured with: 
Thread model: posix
Supported LTO compression algorithms: zlib
gcc version 13.3.0 (GCC) 
configure:3034: $? = 0
configure:3023: gcc -V >&5
gcc: error: unrecognized command-line option '-V'
gcc: fatal error: no input files
compilation terminated.
configure:3034: $? = 1
configure:3023: gcc -qversion >&5
gcc: error: unrecognized command-line option '-qversion'; did you mean '--version'?
gcc: fatal error: no input files
compilation terminated.
configure:3034: $? = 1
configure:3023: gcc -version >&5
gcc: error: unrecognized command-line option '-version'
gcc: fatal error: no input files
compilation terminated.
configure:3034: $? = 1
configure:3054: checking whether the C compiler works
configure:3076: gcc    conftest.c  >&5
configure:3080: $? = 0
configure:3130: result: yes
configure:3133: checking for C compiler default output file name
configure:3135: result: a.out
configure:3141: checking for suffix of executables
configure:3148: gcc -o conftest    conftest.c  >&5
configure:3152: $? = 0
configure:3175: result: 
configure:3197: checking whether we are cross compiling
configure:3205: gcc -o conftest    conftest.c  >&5
configure:3209: $? = 0
configure:3216: ./conftest
configure:3220: $? = 0
configure:3235: result: no
configure:3240: checking for suffix of object files
configure:3263: gcc -c   conftest.c >&5
configure:3267: $? = 0
configure:3289: result: o
configure:3293: checking whether the compiler supports GNU C
configure:3313: gcc -c   conftest.c >&5
configure:3313: $? = 0
configure:3323: result: yes
configure:3334: checking whether gcc accepts -g
configure:3355: gcc -c -g  conftest.c >&5
configure:3355: $? = 0
configure:3399: result: yes
configure:3419: checking for gcc option to enable C11 features
configure:3434: gcc  -c -g -O2  conftest.c >&5
configure:3434: $? = 0
configure:3452: result: none needed
configure:3569: checking build system type
configure:3584: result: x86_64-pc-linux-gnu
configure:3604: checking host system type
configure:3618: result: x86_64-pc-linux-gnu
configure:3659: checking for stdio.h
configure:3659: gcc -c -g -O2  -D_POSIX_SOURCE -D_BSD_SOURCE -D_DEFAULT_SOURCE -D_XOPEN_SOURCE conftest.c >&5
configure:3659: $? = 0
configure:3659: result: yes
configure:3659: checking for stdlib.h
configure:3659: gcc -c -g -O2  -D_POSIX_SOURCE -D_BSD_SOURCE -D_DEFAULT_SOURCE -D_XOPEN_SOURCE conftest.c >&5
configure:3659: $? = 0
configure:3659: result: yes
configure:3659: checking for string.h
configure:3659: gcc -c -g -O2  -D_POSIX_SOURCE -D_BSD_SOURCE -D_DEFAULT_SOURCE -D_XOPEN_SOURCE conftest.c >&5
configure:3659: $? = 0
configure:3659: result: yes
configure:3659: checking for inttypes.h
configure:3659: gcc -c -g -O2  -D_POSIX_SOURCE -D_BSD_SOURCE -D_DEFAULT_SOURCE -D_XOPEN_SOURCE conftest.c >&5
configure:3659: $? = 0
configure:3659: result: yes
configure:3659: checking for stdint.h
configure:3659: gcc -c -g -O2  -D_POSIX_SOURCE -D_BSD_SOURCE -D_DEFAULT_SOURCE -D_XOPEN_SOURCE conftest.c >&5
configure:3659: $? = 0
configure:3659: result: yes
configure:3659: checking for strings.h
configure:3659: gcc -c -g -O2  -D_POSIX_SOURCE -D_BSD_SOURCE -D_DEFAULT_SOURCE -D_XOPEN_SOURCE conftest.c >&5
configure:3659: $? = 0
configure:3659: result: yes
configure:3659: checking for sys/stat.h
configure:3659: gcc -c -g -O2  -D_POSIX_SOURCE -D_BSD_SOURCE -D_DEFAULT_SOURCE -D_XOPEN_SOURCE conftest.c >&5
configure:3659: $? = 0
configure:3659: result: yes
configure:3659: checking for sys/types.h
configure:3659: gcc -c -g -O2  -D_POSIX_SOURCE -D_BSD_SOURCE -D_DEFAULT_SOURCE -D_XOPEN_SOURCE conftest.c >&5
configure:3659: $? = 0
configure:3659: result: yes
configure:3659: checking for unistd.h
configure:3659: gcc -c -g -O2  -D_POSIX_SOURCE -D_BSD_SOURCE -D_DEFAULT_SOURCE -D_XOPEN_SOURCE conftest.c >&5
configure:3659: $? = 0
configure:3659: result: yes
configure:3684: checking for sys/select.h
configure:3684: gcc -c -g -O2  -D_POSIX_SOURCE -D_BSD_SOURCE -D_DEFAULT_SOURCE -D_XOPEN_SOURCE conftest.c >&5
configure:3684: $? = 0
configure:3684: result: yes
configure:3691: checking for pty.h
configure:3691: gcc -c -g -O2  -D_POSIX_SOURCE -D_BSD_SOURCE -D_DEFAULT_SOURCE -D_XOPEN_SOURCE conftest.c >&5
configure:3691: $? = 0
configure:3691: result: yes
configure:3698: checking for libutil.h
configure:3698: gcc -c -g -O2  -D_POSIX_SOURCE -D_BSD_SOURCE -D_DEFAULT_SOURCE -D_XOPEN_SOURCE conftest.c >&5
conftest.c:49:10: fatal error: libutil.h: No such file or directory
   49 | #include <libutil.h>
      |          ^~~~~~~~~~~
compilation terminated.
configure:3698: $? = 1
configure: failed program was:
| /* confdefs.h */
| #define PACKAGE_NAME "x3270"
| #define PACKAGE_TARNAME "x3270"
| #define PACKAGE_VERSION "4.3"
| #define PACKAGE_STRING "x3270 4.3"
| #define PACKAGE_BUGREPORT ""
| #define PACKAGE_URL ""
| #define HAVE_STDIO_H 1
| #define HAVE_STDLIB_H 1
| #define HAVE_STRING_H 1
| #define HAVE_INTTYPES_H 1
| #define HAVE_STDINT_H 1
| #define HAVE_STRINGS_H 1
| #define HAVE_SYS_STAT_H 1
| #define HAVE_SYS_TYPES_H 1
| #define HAVE_UNISTD_H 1
| #define STDC_HEADERS 1
| #define HAVE_SYS_SELECT_H 1
| #define HAVE_PTY_H 1
| /* end confdefs.h.  */
| #include <stddef.h>
| #ifdef HAVE_STDIO_H
| # include <stdio.h>
| #endif
| #ifdef HAVE_STDLIB_H
| # include <stdlib.h>
| #endif
| #ifdef HAVE_STRING_H
| # include <string.h>
| #endif
| #ifdef HAVE_INTTYPES_H
| # include <inttypes.h>
| #endif
| #ifdef HAVE_STDINT_H
| # include <stdint.h>
| #endif
| #ifdef HAVE_STRINGS_H
| # include <strings.h>
| #endif
| #ifdef HAVE_SYS_TYPES_H
| # include <sys/types.h>
| #endif
| #ifdef HAVE_SYS_STAT_H
| # include <sys/stat.h>
| #endif
| #ifdef HAVE_UNISTD_H
| # include <unistd.h>
| #endif
| #include <libutil.h>
configure:3698: result: no
configure:3705: checking for util.h
configure:3705: gcc -c -g -O2  -D_POSIX_SOURCE -D_BSD_SOURCE -D_DEFAULT_SOURCE -D_XOPEN_SOURCE conftest.c >&5
conftest.c:49:10: fatal error: util.h: No such file or directory
   49 | #include <util.h>
      |          ^~~~~~~~
compilation terminated.
configure:3705: $? = 1
configure: failed program was:
| /* confdefs.h */
| #define PACKAGE_NAME "x3270"
| #define PACKAGE_TARNAME "x3270"
| #define PACKAGE_VERSION "4.3"
| #define PACKAGE_STRING "x3270 4.3"
| #define PACKAGE_BUGREPORT ""
| #define PACKAGE_URL ""
| #define HAVE_STDIO_H 1
| #define HAVE_STDLIB_H 1
| #define HAVE_STRING_H 1
| #define HAVE_INTTYPES_H 1
| #define HAVE_STDINT_H 1
| #define HAVE_STRINGS_H 1
| #define HAVE_SYS_STAT_H 1
| #define HAVE_SYS_TYPES_H 1
| #define HAVE_UNISTD_H 1
| #define STDC_HEADERS 1
| #define HAVE_SYS_SELECT_H 1
| #define HAVE_PTY_H 1
| /* end confdefs.h.  */
| #include <stddef.h>
| #ifdef HAVE_STDIO_H
| # include <stdio.h>
| #endif
| #ifdef HAVE_STDLIB_H
| # include <stdlib.h>
| #endif
| #ifdef HAVE_STRING_H
| # include <string.h>
| #endif
| #ifdef HAVE_INTTYPES_H
| # include <inttypes.h>
| #endif
| #ifdef HAVE_STDINT_H
| # include <stdint.h>
| #endif
| #ifdef HAVE_STRINGS_H
| # include <strings.h>
| #endif
| #ifdef HAVE_SYS_TYPES_H
| # include <sys/types.h>
| #endif
| #ifdef HAVE_SYS_STAT_H
| # include <sys/stat.h>
| #endif
| #ifdef HAVE_UNISTD_H
| # include <unistd.h>
| #endif
| #include <util.h>
configure:3705: result: no
configure:3712: checking for getopt.h
configure:3712: gcc -c -g -O2  -D_POSIX_SOURCE -D_BSD_SOURCE -D_DEFAULT_SOURCE -D_XOPEN_SOURCE conftest.c >&5
configure:3712: $? = 0
configure:3712: result: yes
configure:3725: checking how to run the C preprocessor
configure:3751: gcc -E  -D_POSIX_SOURCE -D_BSD_SOURCE -D_DEFAULT_SOURCE -D_XOPEN_SOURCE conftest.c
configure:3751: $? = 0
configure:3766: gcc -E  -D_POSIX_SOURCE -D_BSD_SOURCE -D_DEFAULT_SOURCE -D_XOPEN_SOURCE conftest.c
conftest.c:22:10: fatal error: ac_nonexistent.h: No such file or directory
   22 | #include <ac_nonexistent.h>
      |          ^~~~~~~~~~~~~~~~~~
compilation terminated.
configure:3766: $? = 1
configure: failed program was:
| /* confdefs.h */
| #define PACKAGE_NAME "x3270"
| #define PACKAGE_TARNAME "x3270"
| #define PACKAGE_VERSION "4.3"
| #define PACKAGE_STRING "x3270 4.3"
| #define PACKAGE_BUGREPORT ""
| #define PACKAGE_URL ""
| #define HAVE_STDIO_H 1
| #define HAVE_STDLIB_H 1
| #define HAVE_STRING_H 1
| #define HAVE_INTTYPES_H 1
| #define HAVE_STDINT_H 1
| #define HAVE_STRINGS_H 1
| #define HAVE_SYS_STAT_H 1
| #define HAVE_SYS_TYPES_H 1
| #define HAVE_UNISTD_H 1
| #define STDC_HEADERS 1
| #define HAVE_SYS_SELECT_H 1
| #define HAVE_PTY_H 1
| #define HAVE_GETOPT_H 1
| /* end confdefs.h.  */
| #include <ac_nonexistent.h>
configure:3793: result: gcc -E
configure:3807: gcc -E  -D_POSIX_SOURCE -D_BSD_SOURCE -D_DEFAULT_SOURCE -D_XOPEN_SOURCE conftest.c
configure:3807: $? = 0
configure:3822: gcc -E  -D_POSIX_SOURCE -D_BSD_SOURCE -D_DEFAULT_SOURCE -D_XOPEN_SOURCE conftest.c
conftest.c:22:10: fatal error: ac_nonexistent.h: No such file or directory
   22 | #include <ac_nonexistent.h>
      |          ^~~~~~~~~~~~~~~~~~
compilation terminated.
configure:3822: $? = 1
configure: failed program was:
| /* confdefs.h */
| #define PACKAGE_NAME "x3270"
| #define PACKAGE_TARNAME "x3270"
| #define PACKAGE_VERSION "4.3"
| #define PACKAGE_STRING "x3270 4.3"
| #define PACKAGE_BUGREPORT ""
| #define PACKAGE_URL ""
| #define HAVE_STDIO_H 1
| #define HAVE_STDLIB_H 1
| #define HAVE_STRING_H 1
| #define HAVE_INTTYPES_H 1
| #define HAVE_STDINT_H 1
| #define HAVE_STRINGS_H 1
| #define HAVE_SYS_STAT_H 1
| #define HAVE_SYS_TYPES_H 1
| #define HAVE_UNISTD_H 1
| #define STDC_HEADERS 1
| #define HAVE_SYS_SELECT_H 1
| #define HAVE_PTY_H 1
| #define HAVE_GETOPT_H 1
| /* end confdefs.h.  */
| #include <ac_nonexistent.h>
configure:3853: checking for X
configure:3891: gcc -o conftest -g -O2  -D_POSIX_SOURCE -D_BSD_SOURCE -D_DEFAULT_SOURCE -D_XOPEN_SOURCE  conftest.c -lX11  >&5
configure:3891: $? = 0
configure:4078: result: libraries , headers 
configure:4126: checking for library containing forkpty
configure:4156: gcc -o conftest -g -O2  -D_POSIX_SOURCE -D_BSD_SOURCE -D_DEFAULT_SOURCE -D_XOPEN_SOURCE  conftest.c  >&5
configure:4156: $? = 0
configure:4176: result: none required
configure:4185: checking for forkpty
configure:4185: gcc -o conftest -g -O2  -D_POSIX_SOURCE -D_BSD_SOURCE -D_DEFAULT_SOURCE -D_XOPEN_SOURCE  conftest.c  >&5
configure:4185: $? = 0
configure:4185: result: yes
configure:4192: checking for library containing gethostbyname
configure:4222: gcc -o conftest -g -O2  -D_POSIX_SOURCE -D_BSD_SOURCE -D_DEFAULT_SOURCE -D_XOPEN_SOURCE  conftest.c  >&5
configure:4222: $? = 0
configure:4242: result: none required
configure:4251: checking for library containing socket
configure:4281: gcc -o conftest -g -O2  -D_POSIX_SOURCE -D_BSD_SOURCE -D_DEFAULT_SOURCE -D_XOPEN_SOURCE  conftest.c  >&5
configure:4281: $? = 0
configure:4301: result: none required
configure:4312: checking for X11/Shell.h
configure:4312: gcc -c -g -O2  -D_POSIX_SOURCE -D_BSD_SOURCE -D_DEFAULT_SOURCE -D_XOPEN_SOURCE conftest.c >&5
configure:4312: $? = 0
configure:4312: result: yes
configure:4324: checking for X11/Xmu/Atoms.h
configure:4324: gcc -c -g -O2  -D_POSIX_SOURCE -D_BSD_SOURCE -D_DEFAULT_SOURCE -D_XOPEN_SOURCE conftest.c >&5
configure:4324: $? = 0
configure:4324: result: yes
configure:4336: checking for X11/Xaw/Form.h
configure:4336: gcc -c -g -O2  -D_POSIX_SOURCE -D_BSD_SOURCE -D_DEFAULT_SOURCE -D_XOPEN_SOURCE conftest.c >&5
configure:4336: $? = 0
configure:4336: result: yes
configure:4346: checking for library containing XFillRectangle
configure:4376: gcc -o conftest -g -O2  -D_POSIX_SOURCE -D_BSD_SOURCE -D_DEFAULT_SOURCE -D_XOPEN_SOURCE  conftest.c  >&5
/home/pebbles/.guix-profile/bin/ld: /tmp/cciWcKhz.o: in function `main':
/home/pebbles/Downloads/suite3270-4.3/x3270/conftest.c:34: undefined reference to `XFillRectangle'
collect2: error: ld returned 1 exit status
configure:4376: $? = 1
configure: failed program was:
| /* confdefs.h */
| #define PACKAGE_NAME "x3270"
| #define PACKAGE_TARNAME "x3270"
| #define PACKAGE_VERSION "4.3"
| #define PACKAGE_STRING "x3270 4.3"
| #define PACKAGE_BUGREPORT ""
| #define PACKAGE_URL ""
| #define HAVE_STDIO_H 1
| #define HAVE_STDLIB_H 1
| #define HAVE_STRING_H 1
| #define HAVE_INTTYPES_H 1
| #define HAVE_STDINT_H 1
| #define HAVE_STRINGS_H 1
| #define HAVE_SYS_STAT_H 1
| #define HAVE_SYS_TYPES_H 1
| #define HAVE_UNISTD_H 1
| #define STDC_HEADERS 1
| #define HAVE_SYS_SELECT_H 1
| #define HAVE_PTY_H 1
| #define HAVE_GETOPT_H 1
| #define HAVE_FORKPTY 1
| #define HAVE_X11_SHELL_H 1
| #define HAVE_X11_XMU_ATOMS_H 1
| #define HAVE_X11_XAW_FORM_H 1
| /* end confdefs.h.  */
| 
| /* Override any GCC internal prototype to avoid an error.
|    Use char because int might match the return type of a GCC
|    builtin and then its argument prototype would still apply.  */
| char XFillRectangle ();
| int
| main (void)
| {
| return XFillRectangle ();
|   ;
|   return 0;
| }
configure:4376: gcc -o conftest -g -O2  -D_POSIX_SOURCE -D_BSD_SOURCE -D_DEFAULT_SOURCE -D_XOPEN_SOURCE  conftest.c -lX11   >&5
configure:4376: $? = 0
configure:4396: result: -lX11
configure:4407: checking for library containing XtVaSetValues
configure:4437: gcc -o conftest -g -O2  -D_POSIX_SOURCE -D_BSD_SOURCE -D_DEFAULT_SOURCE -D_XOPEN_SOURCE  conftest.c -lX11  >&5
/home/pebbles/.guix-profile/bin/ld: /tmp/ccOnlDmW.o: in function `main':
/home/pebbles/Downloads/suite3270-4.3/x3270/conftest.c:34: undefined reference to `XtVaSetValues'
collect2: error: ld returned 1 exit status
configure:4437: $? = 1
configure: failed program was:
| /* confdefs.h */
| #define PACKAGE_NAME "x3270"
| #define PACKAGE_TARNAME "x3270"
| #define PACKAGE_VERSION "4.3"
| #define PACKAGE_STRING "x3270 4.3"
| #define PACKAGE_BUGREPORT ""
| #define PACKAGE_URL ""
| #define HAVE_STDIO_H 1
| #define HAVE_STDLIB_H 1
| #define HAVE_STRING_H 1
| #define HAVE_INTTYPES_H 1
| #define HAVE_STDINT_H 1
| #define HAVE_STRINGS_H 1
| #define HAVE_SYS_STAT_H 1
| #define HAVE_SYS_TYPES_H 1
| #define HAVE_UNISTD_H 1
| #define STDC_HEADERS 1
| #define HAVE_SYS_SELECT_H 1
| #define HAVE_PTY_H 1
| #define HAVE_GETOPT_H 1
| #define HAVE_FORKPTY 1
| #define HAVE_X11_SHELL_H 1
| #define HAVE_X11_XMU_ATOMS_H 1
| #define HAVE_X11_XAW_FORM_H 1
| /* end confdefs.h.  */
| 
| /* Override any GCC internal prototype to avoid an error.
|    Use char because int might match the return type of a GCC
|    builtin and then its argument prototype would still apply.  */
| char XtVaSetValues ();
| int
| main (void)
| {
| return XtVaSetValues ();
|   ;
|   return 0;
| }
configure:4437: gcc -o conftest -g -O2  -D_POSIX_SOURCE -D_BSD_SOURCE -D_DEFAULT_SOURCE -D_XOPEN_SOURCE  conftest.c -lXt  -lX11  >&5
configure:4437: $? = 0
configure:4457: result: -lXt
configure:4468: checking for library containing XmuAddInitializer
configure:4498: gcc -o conftest -g -O2  -D_POSIX_SOURCE -D_BSD_SOURCE -D_DEFAULT_SOURCE -D_XOPEN_SOURCE  conftest.c -lXt -lX11  >&5
/home/pebbles/.guix-profile/bin/ld: /tmp/cck17d4v.o: in function `main':
/home/pebbles/Downloads/suite3270-4.3/x3270/conftest.c:34: undefined reference to `XmuAddInitializer'
collect2: error: ld returned 1 exit status
configure:4498: $? = 1
configure: failed program was:
| /* confdefs.h */
| #define PACKAGE_NAME "x3270"
| #define PACKAGE_TARNAME "x3270"
| #define PACKAGE_VERSION "4.3"
| #define PACKAGE_STRING "x3270 4.3"
| #define PACKAGE_BUGREPORT ""
| #define PACKAGE_URL ""
| #define HAVE_STDIO_H 1
| #define HAVE_STDLIB_H 1
| #define HAVE_STRING_H 1
| #define HAVE_INTTYPES_H 1
| #define HAVE_STDINT_H 1
| #define HAVE_STRINGS_H 1
| #define HAVE_SYS_STAT_H 1
| #define HAVE_SYS_TYPES_H 1
| #define HAVE_UNISTD_H 1
| #define STDC_HEADERS 1
| #define HAVE_SYS_SELECT_H 1
| #define HAVE_PTY_H 1
| #define HAVE_GETOPT_H 1
| #define HAVE_FORKPTY 1
| #define HAVE_X11_SHELL_H 1
| #define HAVE_X11_XMU_ATOMS_H 1
| #define HAVE_X11_XAW_FORM_H 1
| /* end confdefs.h.  */
| 
| /* Override any GCC internal prototype to avoid an error.
|    Use char because int might match the return type of a GCC
|    builtin and then its argument prototype would still apply.  */
| char XmuAddInitializer ();
| int
| main (void)
| {
| return XmuAddInitializer ();
|   ;
|   return 0;
| }
configure:4498: gcc -o conftest -g -O2  -D_POSIX_SOURCE -D_BSD_SOURCE -D_DEFAULT_SOURCE -D_XOPEN_SOURCE  conftest.c -lXmu  -lXt -lX11  >&5
configure:4498: $? = 0
configure:4518: result: -lXmu
configure:4529: checking for library containing XawInitializeWidgetSet
configure:4559: gcc -o conftest -g -O2  -D_POSIX_SOURCE -D_BSD_SOURCE -D_DEFAULT_SOURCE -D_XOPEN_SOURCE  conftest.c -lXmu -lXt -lX11  >&5
/home/pebbles/.guix-profile/bin/ld: /tmp/ccaQKxGw.o: in function `main':
/home/pebbles/Downloads/suite3270-4.3/x3270/conftest.c:34: undefined reference to `XawInitializeWidgetSet'
collect2: error: ld returned 1 exit status
configure:4559: $? = 1
configure: failed program was:
| /* confdefs.h */
| #define PACKAGE_NAME "x3270"
| #define PACKAGE_TARNAME "x3270"
| #define PACKAGE_VERSION "4.3"
| #define PACKAGE_STRING "x3270 4.3"
| #define PACKAGE_BUGREPORT ""
| #define PACKAGE_URL ""
| #define HAVE_STDIO_H 1
| #define HAVE_STDLIB_H 1
| #define HAVE_STRING_H 1
| #define HAVE_INTTYPES_H 1
| #define HAVE_STDINT_H 1
| #define HAVE_STRINGS_H 1
| #define HAVE_SYS_STAT_H 1
| #define HAVE_SYS_TYPES_H 1
| #define HAVE_UNISTD_H 1
| #define STDC_HEADERS 1
| #define HAVE_SYS_SELECT_H 1
| #define HAVE_PTY_H 1
| #define HAVE_GETOPT_H 1
| #define HAVE_FORKPTY 1
| #define HAVE_X11_SHELL_H 1
| #define HAVE_X11_XMU_ATOMS_H 1
| #define HAVE_X11_XAW_FORM_H 1
| /* end confdefs.h.  */
| 
| /* Override any GCC internal prototype to avoid an error.
|    Use char because int might match the return type of a GCC
|    builtin and then its argument prototype would still apply.  */
| char XawInitializeWidgetSet ();
| int
| main (void)
| {
| return XawInitializeWidgetSet ();
|   ;
|   return 0;
| }
configure:4559: gcc -o conftest -g -O2  -D_POSIX_SOURCE -D_BSD_SOURCE -D_DEFAULT_SOURCE -D_XOPEN_SOURCE  conftest.c -lXaw  -lXmu -lXt -lX11  >&5
configure:4559: $? = 0
configure:4579: result: -lXaw
configure:4591: checking for vasprintf
configure:4591: gcc -o conftest -g -O2  -D_POSIX_SOURCE -D_BSD_SOURCE -D_DEFAULT_SOURCE -D_XOPEN_SOURCE  conftest.c -lXaw -lXmu -lXt -lX11  >&5
configure:4591: $? = 0
configure:4591: result: yes
configure:4598: checking for _LARGEFILE_SOURCE value needed for large files
configure:4618: gcc -o conftest -g -O2  -D_POSIX_SOURCE -D_BSD_SOURCE -D_DEFAULT_SOURCE -D_XOPEN_SOURCE  conftest.c -lXaw -lXmu -lXt -lX11  >&5
configure:4618: $? = 0
configure:4648: result: no
configure:4670: checking for bdftopcf
configure:4691: found /home/pebbles/.guix-profile/bin/bdftopcf
configure:4703: result: found
configure:4716: checking for mkfontdir
configure:4737: found /home/pebbles/.guix-profile/bin/mkfontdir
configure:4749: result: found
configure:4901: creating ./config.status

## ---------------------- ##
## Running config.status. ##
## ---------------------- ##

This file was extended by x3270 config.status 4.3, which was
generated by GNU Autoconf 2.71.  Invocation command line was

  CONFIG_FILES    = 
  CONFIG_HEADERS  = 
  CONFIG_LINKS    = 
  CONFIG_COMMANDS = 
  $ ./config.status 

on mesa

config.status:825: creating Makefile
config.status:825: creating Makefile.obj
config.status:825: creating conf.h
config.status:1000: conf.h is unchanged

## ---------------- ##
## Cache variables. ##
## ---------------- ##

ac_cv_build=x86_64-pc-linux-gnu
ac_cv_c_compiler_gnu=yes
ac_cv_env_CC_set=
ac_cv_env_CC_value=
ac_cv_env_CFLAGS_set=
ac_cv_env_CFLAGS_value=
ac_cv_env_CPPFLAGS_set=
ac_cv_env_CPPFLAGS_value=
ac_cv_env_CPP_set=
ac_cv_env_CPP_value=
ac_cv_env_LDFLAGS_set=
ac_cv_env_LDFLAGS_value=
ac_cv_env_LIBS_set=
ac_cv_env_LIBS_value=
ac_cv_env_XMKMF_set=
ac_cv_env_XMKMF_value=
ac_cv_env_build_alias_set=
ac_cv_env_build_alias_value=
ac_cv_env_host_alias_set=
ac_cv_env_host_alias_value=
ac_cv_env_target_alias_set=
ac_cv_env_target_alias_value=
ac_cv_func_forkpty=yes
ac_cv_func_vasprintf=yes
ac_cv_have_x='have_x=yes	ac_x_includes='\'''\''	ac_x_libraries='\'''\'''
ac_cv_header_X11_Shell_h=yes
ac_cv_header_X11_Xaw_Form_h=yes
ac_cv_header_X11_Xmu_Atoms_h=yes
ac_cv_header_getopt_h=yes
ac_cv_header_inttypes_h=yes
ac_cv_header_libutil_h=no
ac_cv_header_pty_h=yes
ac_cv_header_stdint_h=yes
ac_cv_header_stdio_h=yes
ac_cv_header_stdlib_h=yes
ac_cv_header_string_h=yes
ac_cv_header_strings_h=yes
ac_cv_header_sys_select_h=yes
ac_cv_header_sys_stat_h=yes
ac_cv_header_sys_types_h=yes
ac_cv_header_unistd_h=yes
ac_cv_header_util_h=no
ac_cv_host=x86_64-pc-linux-gnu
ac_cv_objext=o
ac_cv_path_install='/home/pebbles/.guix-profile/bin/install -c'
ac_cv_prog_CPP='gcc -E'
ac_cv_prog_ac_ct_CC=gcc
ac_cv_prog_bdftopcf_found=found
ac_cv_prog_cc_c11=
ac_cv_prog_cc_g=yes
ac_cv_prog_cc_stdc=
ac_cv_prog_mkfontdir_found=found
ac_cv_search_XFillRectangle=-lX11
ac_cv_search_XawInitializeWidgetSet=-lXaw
ac_cv_search_XmuAddInitializer=-lXmu
ac_cv_search_XtVaSetValues=-lXt
ac_cv_search_forkpty='none required'
ac_cv_search_gethostbyname='none required'
ac_cv_search_socket='none required'
ac_cv_sys_largefile_source=no

## ----------------- ##
## Output variables. ##
## ----------------- ##

BUILDCC=''
CC='gcc'
CCOPTIONS=' -Wall -Wsign-compare -std=c99 -pedantic -Wno-variadic-macros -MMD -MP'
CFLAGS='-g -O2'
CIFONTDIR='$(prefix)/share/fonts/X11/misc'
CPP='gcc -E'
CPPFLAGS=' -D_POSIX_SOURCE -D_BSD_SOURCE -D_DEFAULT_SOURCE -D_XOPEN_SOURCE'
DEFINE_UAD=''
DEFS='-DHAVE_CONFIG_H'
ECHO_C=''
ECHO_N='-n'
ECHO_T=''
EXEEXT=''
FALLBACKS_O='fallbacks.o'
INSTALL_DATA='${INSTALL} -m 644'
INSTALL_PROGRAM='${INSTALL}'
INSTALL_SCRIPT='${INSTALL}'
LDFLAGS=''
LIBOBJS=''
LIBS='-lXaw -lXmu -lXt -lX11 '
LIBX3270DIR='${sysconfdir}/x3270'
LTLIBOBJS=''
OBJEXT='o'
PACKAGE_BUGREPORT=''
PACKAGE_NAME='x3270'
PACKAGE_STRING='x3270 4.3'
PACKAGE_TARNAME='x3270'
PACKAGE_URL=''
PACKAGE_VERSION='4.3'
PATH_SEPARATOR=':'
SHELL='/bin/sh'
UAD_FLAGS='-DCOLOR'
XINC=''
XLIB=''
XMKMF=''
ac_ct_CC='gcc'
bdftopcf_found='found'
bindir='${exec_prefix}/bin'
build='x86_64-pc-linux-gnu'
build_alias=''
build_cpu='x86_64'
build_os='linux-gnu'
build_vendor='pc'
datadir='${datarootdir}'
datarootdir='${prefix}/share'
docdir='${datarootdir}/doc/${PACKAGE_TARNAME}'
dvidir='${docdir}'
exec_prefix='${prefix}'
host='x86_64-pc-linux-gnu'
host_alias=''
host_cpu='x86_64'
host_os='linux-gnu'
host_vendor='pc'
htmldir='${docdir}'
includedir='${prefix}/include'
infodir='${datarootdir}/info'
libdir='${exec_prefix}/lib'
libexecdir='${exec_prefix}/libexec'
localedir='${datarootdir}/locale'
localstatedir='${prefix}/var'
mandir='${datarootdir}/man'
mkfontdir_found='found'
oldincludedir='/usr/include'
pdfdir='${docdir}'
prefix='/usr/local'
program_transform_name='s,x,x,'
psdir='${docdir}'
runstatedir='${localstatedir}/run'
sbindir='${exec_prefix}/sbin'
sharedstatedir='${prefix}/com'
sysconfdir='${prefix}/etc'
target_alias=''

## ----------- ##
## confdefs.h. ##
## ----------- ##

/* confdefs.h */
#define PACKAGE_NAME "x3270"
#define PACKAGE_TARNAME "x3270"
#define PACKAGE_VERSION "4.3"
#define PACKAGE_STRING "x3270 4.3"
#define PACKAGE_BUGREPORT ""
#define PACKAGE_URL ""
#define HAVE_STDIO_H 1
#define HAVE_STDLIB_H 1
#define HAVE_STRING_H 1
#define HAVE_INTTYPES_H 1
#define HAVE_STDINT_H 1
#define HAVE_STRINGS_H 1
#define HAVE_SYS_STAT_H 1
#define HAVE_SYS_TYPES_H 1
#define HAVE_UNISTD_H 1
#define STDC_HEADERS 1
#define HAVE_SYS_SELECT_H 1
#define HAVE_PTY_H 1
#define HAVE_GETOPT_H 1
#define HAVE_FORKPTY 1
#define HAVE_X11_SHELL_H 1
#define HAVE_X11_XMU_ATOMS_H 1
#define HAVE_X11_XAW_FORM_H 1
#define HAVE_VASPRINTF 1
#define HAVE_FSEEKO 1
#define X3270_DBCS 1
#define X3270_LOCAL_PROCESS 1

configure: exit 0
